<?xml version="1.0"?>
<testsuites name="Test #4">
  <testsuite name="Test results #4.1">
    <testcase name="Test case #4.1.1" time="4.1200082176"></testcase>
    <testcase name="Test case #4.1.2" time="4.2638505813"></testcase>
    <testcase name="Test case #4.1.3" time="7.2522876896"></testcase>
    <testcase name="Test case #4.1.4" time="7.2305489014"></testcase>
    <testcase name="Test case #4.1.5" time="27.651707796"></testcase>
    <testcase name="Test case #4.1.6" time="7.2631625513"></testcase>
    <testcase name="Test case #4.1.7" time="13.1115966303"></testcase>
    <testcase name="Test case #4.1.8" time="18.3281324655"></testcase>
    <testcase name="Test case #4.1.9" time="1.3484591524"></testcase>
    <testcase name="Test case #4.1.10" time="7.1021600882"></testcase>
    <testcase name="Test case #4.1.11" time="28.3036573411"></testcase>
    <testcase name="Test case #4.1.12" time="1.1919759207"></testcase>
    <testcase name="Test case #4.1.13" time="9.3864732813"></testcase>
    <testcase name="Test case #4.1.14" time="5.2796485864"></testcase>
    <testcase name="Test case #4.1.15" time="15.2199678835"></testcase>
    <testcase name="Test case #4.1.16" time="0.1404529861"></testcase>
    <testcase name="Test case #4.1.17" time="19.3284795134"></testcase>
    <testcase name="Test case #4.1.18" time="9.3374128669"></testcase>
    <testcase name="Test case #4.1.19" time="3.3083573859"></testcase>
    <testcase name="Test case #4.1.20" time="21.2130059727"></testcase>
    <testcase name="Test case #4.1.21" time="8.2552492819"></testcase>
    <testcase name="Test case #4.1.22" time="29.587532474"></testcase>
    <testcase name="Test case #4.1.23" time="24.2822680261"></testcase>
    <testcase name="Test case #4.1.24" time="11.917516251"></testcase>
    <testcase name="Test case #4.1.25" time="4.2287232763"></testcase>
    <testcase name="Test case #4.1.26" time="29.3570144652"></testcase>
    <testcase name="Test case #4.1.27" time="10.3658440099"></testcase>
    <testcase name="Test case #4.1.28" time="30.3334560111"></testcase>
    <testcase name="Test case #4.1.29" time="3.3866838560"></testcase>
    <testcase name="Test case #4.1.30" time="7.266175022"></testcase>
    <testcase name="Test case #4.1.31" time="7.1260369092"></testcase>
    <testcase name="Test case #4.1.32" time="17.2989445200"></testcase>
    <testcase name="Test case #4.1.33" time="27.2977833458"></testcase>
    <testcase name="Test case #4.1.34" time="8.2823632220"></testcase>
  </testsuite>
  <testsuite name="Test results #4.2">
    <testcase name="Test case #4.2.1" time="23.4132238191"></testcase>
    <testcase name="Test case #4.2.2" time="30.2500961995"></testcase>
    <testcase name="Test case #4.2.3" time="0.3909421535"></testcase>
    <testcase name="Test case #4.2.4" time="18.328037368"></testcase>
    <testcase name="Test case #4.2.5" time="15.2449845992"></testcase>
    <testcase name="Test case #4.2.6" time="30.3057272947"></testcase>
    <testcase name="Test case #4.2.7" time="2.638862480"></testcase>
    <testcase name="Test case #4.2.8" time="14.1150305172"></testcase>
    <testcase name="Test case #4.2.9" time="3.1313272175"></testcase>
    <testcase name="Test case #4.2.10" time="17.990660625"></testcase>
    <testcase name="Test case #4.2.11" time="2.4078403599"></testcase>
    <testcase name="Test case #4.2.12" time="21.3563641219"></testcase>
    <testcase name="Test case #4.2.13" time="17.3132344429"></testcase>
    <testcase name="Test case #4.2.14" time="13.465625283"></testcase>
    <testcase name="Test case #4.2.15" time="11.2998709185"></testcase>
    <testcase name="Test case #4.2.16" time="21.2909419493"></testcase>
    <testcase name="Test case #4.2.17" time="8.3843776356"></testcase>
    <testcase name="Test case #4.2.18" time="15.2839873481"></testcase>
    <testcase name="Test case #4.2.19" time="30.2125624354"></testcase>
    <testcase name="Test case #4.2.20" time="0.2929135807"></testcase>
    <testcase name="Test case #4.2.21" time="12.305919944"></testcase>
    <testcase name="Test case #4.2.22" time="21.3000770553"></testcase>
    <testcase name="Test case #4.2.23" time="19.1085022165"></testcase>
    <testcase name="Test case #4.2.24" time="17.829634957"></testcase>
    <testcase name="Test case #4.2.25" time="25.2145491492"></testcase>
    <testcase name="Test case #4.2.26" time="1.5696052"></testcase>
    <testcase name="Test case #4.2.27" time="2.3790749636"></testcase>
    <testcase name="Test case #4.2.28" time="22.2983560648"></testcase>
    <testcase name="Test case #4.2.29" time="18.776848749"></testcase>
    <testcase name="Test case #4.2.30" time="16.1134414532"></testcase>
    <testcase name="Test case #4.2.31" time="27.453630396"></testcase>
    <testcase name="Test case #4.2.32" time="6.1339171202"></testcase>
    <testcase name="Test case #4.2.33" time="14.183679971"></testcase>
    <testcase name="Test case #4.2.34" time="16.2635306274"></testcase>
  </testsuite>
  <testsuite name="Test results #4.3">
    <testcase name="Test case #4.3.1" time="9.1068113581"></testcase>
    <testcase name="Test case #4.3.2" time="24.1549526620"></testcase>
    <testcase name="Test case #4.3.3" time="6.2749730602"></testcase>
    <testcase name="Test case #4.3.4" time="5.1328762072"></testcase>
    <testcase name="Test case #4.3.5" time="13.722453228"></testcase>
    <testcase name="Test case #4.3.6" time="10.465880605"></testcase>
    <testcase name="Test case #4.3.7" time="19.554430233"></testcase>
    <testcase name="Test case #4.3.8" time="23.2779042883"></testcase>
    <testcase name="Test case #4.3.9" time="12.1843364418"></testcase>
    <testcase name="Test case #4.3.10" time="3.3735610922"></testcase>
    <testcase name="Test case #4.3.11" time="27.1337151132"></testcase>
    <testcase name="Test case #4.3.12" time="26.1582591922"></testcase>
    <testcase name="Test case #4.3.13" time="27.729128710"></testcase>
    <testcase name="Test case #4.3.14" time="6.3366393854"></testcase>
    <testcase name="Test case #4.3.15" time="17.1878471817"></testcase>
    <testcase name="Test case #4.3.16" time="11.3110456955"></testcase>
    <testcase name="Test case #4.3.17" time="12.4173557396"></testcase>
    <testcase name="Test case #4.3.18" time="10.3312536818"></testcase>
    <testcase name="Test case #4.3.19" time="25.2888748195"></testcase>
    <testcase name="Test case #4.3.20" time="24.3568279103"></testcase>
    <testcase name="Test case #4.3.21" time="13.227733938"></testcase>
    <testcase name="Test case #4.3.22" time="18.3025221893"></testcase>
    <testcase name="Test case #4.3.23" time="12.1419106268"></testcase>
    <testcase name="Test case #4.3.24" time="28.1309942751"></testcase>
    <testcase name="Test case #4.3.25" time="25.4176997929"></testcase>
    <testcase name="Test case #4.3.26" time="23.2272010694"></testcase>
    <testcase name="Test case #4.3.27" time="5.3424337888"></testcase>
    <testcase name="Test case #4.3.28" time="9.1697619830"></testcase>
    <testcase name="Test case #4.3.29" time="9.3160422263"></testcase>
    <testcase name="Test case #4.3.30" time="15.745050262"></testcase>
    <testcase name="Test case #4.3.31" time="28.1971826343"></testcase>
    <testcase name="Test case #4.3.32" time="14.4063637595"></testcase>
    <testcase name="Test case #4.3.33" time="1.851553556"></testcase>
    <testcase name="Test case #4.3.34" time="17.3861607092"></testcase>
  </testsuite>
  <testsuite name="Test results #4.4">
    <testcase name="Test case #4.4.1" time="5.2082544751"></testcase>
    <testcase name="Test case #4.4.2" time="1.2676690987"></testcase>
    <testcase name="Test case #4.4.3" time="18.3510667821"></testcase>
    <testcase name="Test case #4.4.4" time="5.666452695"></testcase>
    <testcase name="Test case #4.4.5" time="3.454436856"></testcase>
    <testcase name="Test case #4.4.6" time="20.2046684867"></testcase>
    <testcase name="Test case #4.4.7" time="25.34373760"></testcase>
    <testcase name="Test case #4.4.8" time="25.1157257532"></testcase>
    <testcase name="Test case #4.4.9" time="1.1424017631"></testcase>
    <testcase name="Test case #4.4.10" time="18.2993533646"></testcase>
    <testcase name="Test case #4.4.11" time="12.2984417488"></testcase>
    <testcase name="Test case #4.4.12" time="18.3645340967"></testcase>
    <testcase name="Test case #4.4.13" time="8.1780540745"></testcase>
    <testcase name="Test case #4.4.14" time="11.2857464488"></testcase>
    <testcase name="Test case #4.4.15" time="16.4189270909"></testcase>
    <testcase name="Test case #4.4.16" time="28.2370796910"></testcase>
    <testcase name="Test case #4.4.17" time="25.931300985"></testcase>
    <testcase name="Test case #4.4.18" time="27.452085034"></testcase>
    <testcase name="Test case #4.4.19" time="29.3872285705"></testcase>
    <testcase name="Test case #4.4.20" time="27.3166115106"></testcase>
    <testcase name="Test case #4.4.21" time="9.275994900"></testcase>
    <testcase name="Test case #4.4.22" time="16.2786354829"></testcase>
    <testcase name="Test case #4.4.23" time="22.1808424038"></testcase>
    <testcase name="Test case #4.4.24" time="16.2764077605"></testcase>
    <testcase name="Test case #4.4.25" time="24.3717724680"></testcase>
    <testcase name="Test case #4.4.26" time="23.3918291419"></testcase>
    <testcase name="Test case #4.4.27" time="11.498132330"></testcase>
    <testcase name="Test case #4.4.28" time="15.3727099644"></testcase>
    <testcase name="Test case #4.4.29" time="5.2637207907"></testcase>
    <testcase name="Test case #4.4.30" time="25.96022208"></testcase>
    <testcase name="Test case #4.4.31" time="23.3601603195"></testcase>
    <testcase name="Test case #4.4.32" time="11.1884921325"></testcase>
    <testcase name="Test case #4.4.33" time="18.4174011340"></testcase>
    <testcase name="Test case #4.4.34" time="7.2981520700"></testcase>
  </testsuite>
</testsuites>