<?xml version="1.0"?>
<testsuites name="Test #5">
  <testsuite name="Test results #5.1">
    <testcase name="Test case #5.1.1" time="19.1899838207"></testcase>
    <testcase name="Test case #5.1.2" time="27.4098585612"></testcase>
    <testcase name="Test case #5.1.3" time="9.1751934960"></testcase>
    <testcase name="Test case #5.1.4" time="11.1657122068"></testcase>
    <testcase name="Test case #5.1.5" time="27.1624211975"></testcase>
    <testcase name="Test case #5.1.6" time="10.2073124198"></testcase>
    <testcase name="Test case #5.1.7" time="9.62486516"></testcase>
    <testcase name="Test case #5.1.8" time="22.3410378321"></testcase>
    <testcase name="Test case #5.1.9" time="2.1006721323"></testcase>
    <testcase name="Test case #5.1.10" time="11.3829224453"></testcase>
    <testcase name="Test case #5.1.11" time="22.954231367"></testcase>
    <testcase name="Test case #5.1.12" time="17.4241018158"></testcase>
    <testcase name="Test case #5.1.13" time="16.1078486543"></testcase>
    <testcase name="Test case #5.1.14" time="13.965995944"></testcase>
    <testcase name="Test case #5.1.15" time="29.2480158677"></testcase>
    <testcase name="Test case #5.1.16" time="25.3728065686"></testcase>
    <testcase name="Test case #5.1.17" time="24.2109652622"></testcase>
    <testcase name="Test case #5.1.18" time="12.3751154886"></testcase>
    <testcase name="Test case #5.1.19" time="28.542236487"></testcase>
    <testcase name="Test case #5.1.20" time="3.556104080"></testcase>
    <testcase name="Test case #5.1.21" time="4.2443464494"></testcase>
    <testcase name="Test case #5.1.22" time="19.2391418495"></testcase>
    <testcase name="Test case #5.1.23" time="22.4292769079"></testcase>
    <testcase name="Test case #5.1.24" time="18.1678647040"></testcase>
    <testcase name="Test case #5.1.25" time="23.3853695092"></testcase>
    <testcase name="Test case #5.1.26" time="11.911710712"></testcase>
    <testcase name="Test case #5.1.27" time="5.691912343"></testcase>
    <testcase name="Test case #5.1.28" time="12.2794878474"></testcase>
    <testcase name="Test case #5.1.29" time="30.681589895"></testcase>
    <testcase name="Test case #5.1.30" time="30.833926905"></testcase>
    <testcase name="Test case #5.1.31" time="4.3170730097"></testcase>
    <testcase name="Test case #5.1.32" time="2.3675397992"></testcase>
    <testcase name="Test case #5.1.33" time="5.4259296576"></testcase>
    <testcase name="Test case #5.1.34" time="29.3889516789"></testcase>
  </testsuite>
  <testsuite name="Test results #5.2">
    <testcase name="Test case #5.2.1" time="11.3268428981"></testcase>
    <testcase name="Test case #5.2.2" time="24.1988323966"></testcase>
    <testcase name="Test case #5.2.3" time="2.3106418825"></testcase>
    <testcase name="Test case #5.2.4" time="30.1419932455"></testcase>
    <testcase name="Test case #5.2.5" time="6.1189996443"></testcase>
    <testcase name="Test case #5.2.6" time="21.936195070"></testcase>
    <testcase name="Test case #5.2.7" time="14.2121856621"></testcase>
    <testcase name="Test case #5.2.8" time="9.1324728226"></testcase>
    <testcase name="Test case #5.2.9" time="28.1663861249"></testcase>
    <testcase name="Test case #5.2.10" time="4.641328596"></testcase>
    <testcase name="Test case #5.2.11" time="6.3890390284"></testcase>
    <testcase name="Test case #5.2.12" time="28.1013577647"></testcase>
    <testcase name="Test case #5.2.13" time="11.3671520870"></testcase>
    <testcase name="Test case #5.2.14" time="8.1018747805"></testcase>
    <testcase name="Test case #5.2.15" time="9.2618043332"></testcase>
    <testcase name="Test case #5.2.16" time="23.671405985"></testcase>
    <testcase name="Test case #5.2.17" time="13.4105442439"></testcase>
    <testcase name="Test case #5.2.18" time="27.3930117665"></testcase>
    <testcase name="Test case #5.2.19" time="25.1245150281"></testcase>
    <testcase name="Test case #5.2.20" time="17.127704371"></testcase>
    <testcase name="Test case #5.2.21" time="10.414702826"></testcase>
    <testcase name="Test case #5.2.22" time="29.2798661175"></testcase>
    <testcase name="Test case #5.2.23" time="10.2551841759"></testcase>
    <testcase name="Test case #5.2.24" time="7.3129957737"></testcase>
    <testcase name="Test case #5.2.25" time="24.357027390"></testcase>
    <testcase name="Test case #5.2.26" time="5.1407224675"></testcase>
    <testcase name="Test case #5.2.27" time="8.3491107580"></testcase>
    <testcase name="Test case #5.2.28" time="1.1771410528"></testcase>
    <testcase name="Test case #5.2.29" time="6.1571901046"></testcase>
    <testcase name="Test case #5.2.30" time="28.1264469788"></testcase>
    <testcase name="Test case #5.2.31" time="24.705294961"></testcase>
    <testcase name="Test case #5.2.32" time="23.618698724"></testcase>
    <testcase name="Test case #5.2.33" time="2.3587328984"></testcase>
    <testcase name="Test case #5.2.34" time="2.2864636685"></testcase>
  </testsuite>
  <testsuite name="Test results #5.3">
    <testcase name="Test case #5.3.1" time="17.1501733323"></testcase>
    <testcase name="Test case #5.3.2" time="2.1304227437"></testcase>
    <testcase name="Test case #5.3.3" time="17.3753578331"></testcase>
    <testcase name="Test case #5.3.4" time="25.2962379735"></testcase>
    <testcase name="Test case #5.3.5" time="13.3578726111"></testcase>
    <testcase name="Test case #5.3.6" time="17.731334070"></testcase>
    <testcase name="Test case #5.3.7" time="19.1520705551"></testcase>
    <testcase name="Test case #5.3.8" time="29.2497645977"></testcase>
    <testcase name="Test case #5.3.9" time="29.3612054585"></testcase>
    <testcase name="Test case #5.3.10" time="30.598810345"></testcase>
    <testcase name="Test case #5.3.11" time="25.2635737319"></testcase>
    <testcase name="Test case #5.3.12" time="23.4169961619"></testcase>
    <testcase name="Test case #5.3.13" time="22.2387691962"></testcase>
    <testcase name="Test case #5.3.14" time="2.2849791159"></testcase>
    <testcase name="Test case #5.3.15" time="30.3545933779"></testcase>
    <testcase name="Test case #5.3.16" time="16.2293687195"></testcase>
    <testcase name="Test case #5.3.17" time="11.2431926245"></testcase>
    <testcase name="Test case #5.3.18" time="3.685866529"></testcase>
    <testcase name="Test case #5.3.19" time="11.422828859"></testcase>
    <testcase name="Test case #5.3.20" time="18.2352607890"></testcase>
    <testcase name="Test case #5.3.21" time="13.1239405674"></testcase>
    <testcase name="Test case #5.3.22" time="8.2171049106"></testcase>
    <testcase name="Test case #5.3.23" time="24.2099840030"></testcase>
    <testcase name="Test case #5.3.24" time="19.686757757"></testcase>
    <testcase name="Test case #5.3.25" time="23.790577098"></testcase>
    <testcase name="Test case #5.3.26" time="23.1363817708"></testcase>
    <testcase name="Test case #5.3.27" time="13.4021979461"></testcase>
    <testcase name="Test case #5.3.28" time="6.3428953094"></testcase>
    <testcase name="Test case #5.3.29" time="21.2353249957"></testcase>
    <testcase name="Test case #5.3.30" time="10.1705198573"></testcase>
    <testcase name="Test case #5.3.31" time="20.4117672206"></testcase>
    <testcase name="Test case #5.3.32" time="23.3086873482"></testcase>
    <testcase name="Test case #5.3.33" time="8.3499267041"></testcase>
    <testcase name="Test case #5.3.34" time="23.3839613874"></testcase>
  </testsuite>
  <testsuite name="Test results #5.4">
    <testcase name="Test case #5.4.1" time="26.2442274960"></testcase>
    <testcase name="Test case #5.4.2" time="20.2210824728"></testcase>
    <testcase name="Test case #5.4.3" time="5.1713104259"></testcase>
    <testcase name="Test case #5.4.4" time="5.3544345474"></testcase>
    <testcase name="Test case #5.4.5" time="25.3433516466"></testcase>
    <testcase name="Test case #5.4.6" time="23.2204154389"></testcase>
    <testcase name="Test case #5.4.7" time="19.4082434924"></testcase>
    <testcase name="Test case #5.4.8" time="10.3340561077"></testcase>
    <testcase name="Test case #5.4.9" time="4.1306526381"></testcase>
    <testcase name="Test case #5.4.10" time="7.589896857"></testcase>
    <testcase name="Test case #5.4.11" time="21.1898998430"></testcase>
    <testcase name="Test case #5.4.12" time="7.2702919298"></testcase>
    <testcase name="Test case #5.4.13" time="19.3863252519"></testcase>
    <testcase name="Test case #5.4.14" time="24.429624130"></testcase>
    <testcase name="Test case #5.4.15" time="7.2069524527"></testcase>
    <testcase name="Test case #5.4.16" time="8.703210342"></testcase>
    <testcase name="Test case #5.4.17" time="15.3942547868"></testcase>
    <testcase name="Test case #5.4.18" time="27.1213935777"></testcase>
    <testcase name="Test case #5.4.19" time="19.1061114166"></testcase>
    <testcase name="Test case #5.4.20" time="30.3715414122"></testcase>
    <testcase name="Test case #5.4.21" time="27.259775008"></testcase>
    <testcase name="Test case #5.4.22" time="0.1911357944"></testcase>
    <testcase name="Test case #5.4.23" time="7.2135725462"></testcase>
    <testcase name="Test case #5.4.24" time="10.1296371562"></testcase>
    <testcase name="Test case #5.4.25" time="28.487279785"></testcase>
    <testcase name="Test case #5.4.26" time="0.3652705415"></testcase>
    <testcase name="Test case #5.4.27" time="22.1755279955"></testcase>
    <testcase name="Test case #5.4.28" time="4.3286933987"></testcase>
    <testcase name="Test case #5.4.29" time="10.1479750745"></testcase>
    <testcase name="Test case #5.4.30" time="10.60646184"></testcase>
    <testcase name="Test case #5.4.31" time="27.4054229082"></testcase>
    <testcase name="Test case #5.4.32" time="5.1305114782"></testcase>
    <testcase name="Test case #5.4.33" time="18.2270241176"></testcase>
    <testcase name="Test case #5.4.34" time="0.1153874431"></testcase>
  </testsuite>
</testsuites>