<?xml version="1.0"?>
<testsuites name="Test Failed #1">
  <testsuite name="Test results #1.1">
    <testcase name="Test case #1.1.1" time="4.24">
      <failure message="Test failure 1.1.605103738" type="error">
        YXBfIPrPAISq2NpHn5hihFUH4yM53Nk0vJdkKnVdYl3gLnPdMEhlTtrksHeH946ZoGzTYGZyvBSWQo3dFQdZvKKzwMTpQX4X6pTCh9XQhjacns8WIYNnnQb284n5RTTOIrzG4Xl5cFeN40GmdwLRlmwMV9O1ljf8e4HZPD7KeuXDaFJbnhgTMtKq0xEV6FUw7jTwDjbiymiDykUO58Zbm58PEhaRCrOs8Vxotkz4tdSYAFzfmpG5FwMK1lmRKl0
</failure>
    </testcase>
    <testcase name="Test case #1.1.2" time="23.130">
      <failure message="Test failure 1.1.329813405" type="error">
        kN39A8lXbb0WRZTe2h3c1LQHJeT1g0lnd2BKbpRIhrZWrLnDoZ5bYIx1Oi7MMH5SuUsjuzClVXydLGyJgSnQXYJ9JXBFslHnaW8JxT1i3mEkysp4brIRsTqoKvs0WEJCiyvZOhIFPoNXvaqFX7YRRI4bNOoVemjk1KzwI7z7vFfNy5MvdVYzClZUi7CqxL7hjznz5DBd3rkPo0KjH7FK9n9mUGdnhLMyHpFKWkDKzauMg0wccCHoRmRKZeCVbgl
</failure>
    </testcase>
    <testcase name="Test case #1.1.3" time="24.147">
      <failure message="Test failure 1.1.581001195" type="error">
        V9w0rmigKJGmIcYNQ13gHOCSZHKSoS0LPJ5FTxq3JRlb4Wj6wlCoFLzQ2hbdBzJu0602v7lhVfAeQc0Oa1OdMwz0Mtjcu2H1x5AcgMZWKn8nC5A9im8u36q4SAh5cxJsfAOQ7wjYW64BxJNe1FnQdPjh8nDWU13w9ZykMHLLJSwY9cBZU7uM4oRZGdTL5KOQFqNrxPUKdIQWp5EYCfBAIHtKD68nUc4U4Pb2C9Y7Bm5lGaCoeKTX6clF95Od0BF
</failure>
    </testcase>
    <testcase name="Test case #1.1.4" time="28.42">
      <failure message="Test failure 1.1.1374682713" type="error">
        TbYgMaKoBU01PE4wLKzHKFDlWClebdLld4qZPzTJPJsQ5iQmVWzeWVJ5343udt4UIP4zGEDtGStZ5hDmGIzenaeWDcBiEBsLumWOq6KfWZO4BwHGnYbbz8lErS0x1xezUBlYYD6SiMyyHNIxJuWj4KCjatV7qEuj1OZW29Mx6nUqaDrBlDUzid4eqh3xI7OwRLs3jXFy6auU0TXoU7BJbv0rGFdmFlhYY3mS4La7qr0wEgfERMMhujCYoERUewi
</failure>
    </testcase>
    <testcase name="Test case #1.1.5" time="16.179">
      <failure message="Test failure 1.1.1197016928" type="error">
        xRHuJOOusUGB5RYjvPW4IQ8jVS6RnEACUiYBUp2XXHy8ZA9ChiZl3PWK8WF6x3xmxFSYoMkcawPGiDFJVo5Ru7vWzX3fOc6mu6vJzSLOQaiQQoQWZZ8AqCHRhpeWjNv6iHFWdfQ0jybAWrbeSKROwZYwy1UqZNqpGTFZ53QFld21AFR3ISo8xHg5sH9fOcq7U9hAu5ltu9qCsq6nlWH5YTACc9WbZyDTypsjIpqwoRizyVLoykANOS2sJntQ8MB
</failure>
    </testcase>
    <testcase name="Test case #1.1.6" time="24.83">
      <failure message="Test failure 1.1.2679910215" type="error">
        0ApJ41xMNQ13CAwCrQY3MUAhvf4SrxMJXnug3B6UBsOMNEHuODWyQuHb01Zke0DqyUfdYyfUAog8RcsRTVyV9EfsKLeIq5YPAZmQir62zZjqXJVC58DEzk7nVAh6GXrqELfaTh8sKs0OACu6Zx79Wjrf1nAa1KwJHTpunowo0WLBC5MbxGJNu2RdYlTv2M2zetiByRHS4MtXmLTXK8cFn90Qdx3ji2Q9UrjBTe2yWTvypmYIGgA4lPDsSGOreSY
</failure>
    </testcase>
    <testcase name="Test case #1.1.7" time="28.76">
      <failure message="Test failure 1.1.380791169" type="error">
        FamsoUjfvZw5TEHEw8VewgKHfl4mt5Xf7RE4z8DD3tiMdYi710wiNznivcMrgsrSu294HXbBkN2kuNeOp6e4uZBd3aCWO3aKgaTa9rchbJOVSw7ZxvdbExQL4ZQkj4E8lBLdiTtv4QXJ2Voai4BtMgkqyKx3ct7ObRlxh2eR8L4dP9vQA8lpmIieOvtiWlnp3cluI4Oq2aKb9AoaemmbGjhq6IDxSidt4aebW69atWzgwKGvyfYmRIsTr7wjH0Y
</failure>
    </testcase>
    <testcase name="Test case #1.1.8" time="11.55">
      <failure message="Test failure 1.1.1959395441" type="error">
        1GZhbqr8RFtPc3JbgaUJFYEfe3GKKYxMMHuMdUtyC1pn0Bk5NciKWBmmE5lq9RhlbBM7NXX7Z7yvDVxQufMSRW5RAR5liUQ7wF6G0rGOD17k0GyG0eYDNY7qoYseIv3NJb2ZXjYJLecLW24ByO9gmgBfy7Bw0l0DdvzbpHjFcfeo7zrRbzwYTUhgIZzumUuDaLBnFsLTGfsrEwx2wKDSaPsV3yI3zgA7TtnM5cujxEkKOK8qtiSICZoFTaEJu4f
</failure>
    </testcase>
    <testcase name="Test case #1.1.9" time="3.181">
      <failure message="Test failure 1.1.2346171098" type="error">
        2PTSw4k7kxdXVoE87zT03QBzBzWyO0L8sKGhKv4bIc6IhyhiF3hlsr6pfxdy6jaDAlg2FaIJVvVUSLGT9u5R5b7YRlHeQjJtWAL0v8MPIAR7cfBo52IXSkuWcNsXltC082z3pbBoHpSTFC63Eft9Tz76z9KIjYtU2LEwMnm5mQ7fNFadIp8F8nnv9e5MmnZn2h3OAZTOtYNzkslRmyRiJc3nHqiSPsllnhOlhX5Pxa1AAdy9ci3Gsy8xxN8mvHT
</failure>
    </testcase>
    <testcase name="Test case #1.1.10" time="21.53">
      <failure message="Test failure 1.1.2205427450" type="error">
        HwJPfCFUK7dESnay4k09wq73YyKuvaIlWXu2MHWCqjNrlg1pUgiA2lGvLbinGuVZaIX4pw5H82KP24jc8hQxxQD3pkAEwXJiiGh5TjZmEGCGAnG3YHX1VloMfuWDaa0fdGO62PYObqDUqO8rcdMcoUftAP3KP86ca8PKxDbyKTWIqZy5sTBo32eBWJYjUhftpClyGdL2IBjd51qNc479fwPL2cLO1A80veb7dIkrCwLDolLMnNgR7NYTlKKZI53
</failure>
    </testcase>
    <testcase name="Test case #1.1.11" time="25.101">
      <failure message="Test failure 1.1.2978306514" type="error">
        iwRqwGyYoox5ow2KSYUiCKsTdrqptI9R1AkNBLnz9JjUfMmGbbviA1ff4MPMqsDPsRKoTLRzdnr2zq2K6vHAZljhRHzHuqCn3RnUVQzCuL24PVTvUZGDm6jfjRD5fESAxlngYMgGrH9v8p2yfcAYONcmfDGcW7IXWVzy2Sm3VBr1OEYOhD7NhvrlEA79Hym1UrWOZNlEGgiQCJX9o873Z1DcaMNqrMEhNmaxSfSQJd5KeVH4TV4Xv11hxIGmX4p
</failure>
    </testcase>
    <testcase name="Test case #1.1.12" time="27.180">
      <failure message="Test failure 1.1.161653550" type="error">
        mNHTviJBLrWhKaSVOEOmfxNNnuAOcsS7GWhUUzlb1R2xZPRouM4Vevv0CtCcpfLQNfxeyX8r9XPanAdGkcK6aAGNUU9updY799XcSj9bBlTm4FS7CpcQnFOT4jU005rn4av8D3ngwkaM2BsrHcngxhuqV4rl56fS28vGh5sXxtsGG4QKzvi5sad29nOf0GeVcLRCoxffKny2T3nPvqSJZnaYHZJgkf1N78uBvNxZNuUGHMpbgMtjCYYweoXaRb8
</failure>
    </testcase>
    <testcase name="Test case #1.1.13" time="28.35">
      <failure message="Test failure 1.1.897649196" type="error">
        LDyZUrqt8c86bSL4A6iK3JENFKruIXM6cgRlVo7fsplYg8XZgVsL3jvhUROvIpkryZDrefqKGXpbOOTf1HPQlq2noRzvIInPtlepBhTNk8Apw3t0MsxaO1WCLow53wjO4xhz9o2ifuAOogUbhTmMac20J8sHqx6rjTNPeUDQVtOjzCsNefQTYeaMAsUHHn4m6XGa1uAd9VoLoZwmuMpzK3N1AGNXbSpzGDbRr0ptKvPX0rFE868P4ekn13xK7yn
</failure>
    </testcase>
    <testcase name="Test case #1.1.14" time="20.129">
      <failure message="Test failure 1.1.4058332422" type="error">
        w3qRRxIEKBVuYx9hCIOWOi9gtZXh6CGJpyTY4rLtauC46v6S9yU3JPPbWvucBSBSmtWkNawRRBxOTj84roq7h4qjnvp2vUAIaTPDIUPIheSrWy1PBCQLUt0yRFtQv9XZeTdXEYqYDXcxACJPmAIAyXzBCyqhbkkpFjxiTPhFY1G2Ws4Wn2TurU1R5O11d1xnRIHgrPwJzGga3QT2OcmS4TI5sGngHkkkzk5oNTlDh6brsU7TGSTo3Ctpon4LlYK
</failure>
    </testcase>
    <testcase name="Test case #1.1.15" time="13.65">
      <failure message="Test failure 1.1.4252714730" type="error">
        z7R09VUTDUpikGrDrq6tr77mhbqUDeFLjKkEsaqMP4HOptNHVcqNjnW13iY3bk72Vf4DjQJE8YlVR2u7Z9TkHelSGHA1cDkIubZNGVnvBGsA3hvwvbhIJTq5YitNzVPUbELgUGHYcje9PbAfJjRwgjlV5FU6q9ApImmpHhnPHZ0GkCJ5er07AsBYhPP8QENA8gTgiLYbzHtUbrnG8heSsa1c4gJ1RjrPlBLtAAqvVePcEfIBSQRlBevVUtnFzC5
</failure>
    </testcase>
    <testcase name="Test case #1.1.16" time="15.151">
      <failure message="Test failure 1.1.850106775" type="error">
        NKY62B5XepgLlgIUmjSzJX40UriMV0CfsjT5HowwQVLAdfqJRQegS7d2z1PsBP8GUK1cBKRm1YEowu6dwkwvUumgag1M6HKq4uOKbjbmGvQ2GT547YNLsfs4VfSV4IsR0pIRnjTBmD6COpxjxR4IpIQn3Vj9839TNy1LnmhlnDUd3WN49H9271vMeuujpYsRQHzP4PtrFjt2UYmTxcOEKW48EdsdNtxIv8WgxDZCOysPTkZapIANBa1tZa3WwgM
</failure>
    </testcase>
    <testcase name="Test case #1.1.17" time="29.130">
      <failure message="Test failure 1.1.3502306043" type="error">
        FTQCWYjbdciYfKnFjgCZDPynBHgPhnSZGzUdtIjB5bpfzIWwUhsTre4wtQbE4D23KCYesRYfgEJ0YTQmyzql15yGm6ke9IwhSY65hraaymxqJpvt9HvEM6ja3VXFD2EtNUWB17jrXQqOmojjbCep2QKnJMWSCsiiMwKwVZera00IdpfPm9DX1QyklAoD8B0Ht2HnuYfwCzLe8qVxGtqoOASwxy1OIA1FIop2KDnmAIcEIPV9zZY2RgwJGee9gio
</failure>
    </testcase>
    <testcase name="Test case #1.1.18" time="15.155">
      <failure message="Test failure 1.1.795098302" type="error">
        JKdTwd6l4tsFyJHm2Eq76BVesKr52147LOwXCwTCBYPGXmk0DyChtPfxGvzVq3GmYGHYz20E5Mr3PuyWWvHOBryWYAnBZkOpKDlOA5Qd6f55X0vPuL1DOrIHrtQFgHh3v3Tmz6N1eIreR0Vz5jZ4WIDXJxlYYfhRlOnDkobmNLTkUgb7eG2UizxiTTIbMsFoQbnFeFBmU9GItTNjwnB6EFwo2TdsAgmsCLPAKVwVOzmeaw0ymA2XEjuPmDWxCFt
</failure>
    </testcase>
    <testcase name="Test case #1.1.19" time="26.98">
      <failure message="Test failure 1.1.1877259722" type="error">
        d6yYsXEe4MyhcmOhzZ9GVbFZDz6z3KHmyXhBv846yaLls0DT1KXDUz5Otd5XlWiQB4NQLKskQQFl4x0ZcrgVf3JUkbX8N2XjSUSoXsfAP2TbiCey2KuTzXsDTda1Awf7Jh5aremiS9vsqFfu00DaliAa3W0aM3b29P1bNM1TAFWVgjAoe5AWK9pRhGMAxFEYdymKZ39tYLjukdmRVphTiheunXs3sSeBzuYxuNW9muUI7WG2wdziKgyMLLp9ePY
</failure>
    </testcase>
    <testcase name="Test case #1.1.20" time="14.54">
      <failure message="Test failure 1.1.2146060853" type="error">
        UCL9y3eEqdIY6SsN1uZ8X3WacQRm4RopMtpJ9QsPKCGsIbbD3Nv1JkWiGF74op1Pna66DYhleCi2vw6zYTuUUmaOVMKyET2AxpuCrkz5BNXuGBJvYHWHcq3nJluKGlY74h0btoENnhPcrDNHqjEYgwe5eTqrk5Xtdhpof9Fk91H27fHiobysSUxtQmbZz5LX8JZnVn25URHM9lUgQAxJY2iaupiBp6fRn7ViKBmk4TlZEp5BHMO1np3Or0ureYz
</failure>
    </testcase>
    <testcase name="Test case #1.1.21" time="26.183">
      <failure message="Test failure 1.1.1845849326" type="error">
        rYolYrYI6ictmLbMwBIXMDkyr9EWLwukMgmutNVPHP89tnHo5E1ZGS2RN6JYDM7yNdB4Oq0X1jK2UKp58FypWm5vrP4s6dEtMOBYDkrDZTgu5BwFvtkIMIjz9plqxj1ZDR8ylSDr2vhmuii4J06BwJOqYFYMeQBEYvgMwHo41zl9i3Qmv0Tj1VFry7LjfmujZjQVEY2pz8MdzHybayfrvq5KlmNg86sS6kLnkgq81pICZ5IUBiBm2FCLk4u2fxF
</failure>
    </testcase>
    <testcase name="Test case #1.1.22" time="8.137">
      <failure message="Test failure 1.1.1336990287" type="error">
        xnecCR1jgVGXK0zu3mpAobisC1xu8RIVB0jzGto6Rvjl3KyzB5iaI0X4DTYuOOJCB8982VR3HKNNrKvxrOQ9j0cEBfRqoJutluL0eTOeywnrX20Vi1EunXz1y4LJLTJNO87Yi85v9qPEhWnEeAosmflsGciNwNiJCxXHlauPYvPPjIUWmRtMlj2DTpnciaoZt3dFAM8fc0jvcwbZnctbGI8ehg6phf6Ao3on99c6BKh11DqVn8PfgW7dsorVLmI
</failure>
    </testcase>
    <testcase name="Test case #1.1.23" time="17.51">
      <failure message="Test failure 1.1.2946556409" type="error">
        WZC27hNswmMyoos1Fx0WFM8XPy5JFox9xspOEABhfNmTShJhsOUM86THzPGohi2auaVkvWpmh78rQDsGPLrH8SwO4JLNFgf1OvbLW2HvEi3cbQgCyxjIxrmyPH9NUVtCPDfaP7ZFgvY7ElAtEzfCCIhdFXQABXGlTnnV35G5DtsTMVpIWo6N7fpF930iEPf46dEPDAOcDkUnMW4VV3vqbBXisoCekdg1ywxl9hRx0IzPf2bi3eyRArHe55Mp2US
</failure>
    </testcase>
    <testcase name="Test case #1.1.24" time="29.110">
      <failure message="Test failure 1.1.2440325515" type="error">
        2nMafyKC5IshtQiPaE39IBbq0Bx2399cRogz7y3Ro2aiYWJVsYTZWE2a4QwDbHaKV8jU4Iwydy4wWIx6q1waJkOjsfuhdwVnkDwkO9mjPE4Zcwvn0BXzcP1vA6i1VU8tpBAE2fa8jimyudBRuSUtAmLCQUbJG8oLdLKYeUP0mswfKQJulrcRIWWltGlo0fadtCtGmajJW66pWioBYMaYgMpV4vzPdOi3mhGW1Lgco2by9HX7J1JiD67lRZFIsnM
</failure>
    </testcase>
    <testcase name="Test case #1.1.25" time="19.112">
      <failure message="Test failure 1.1.2926071866" type="error">
        xl9PovnWDlP8DypXXj9Xldzyr4BmmRZTkJV2kD0xinOCXaiGfOEwo3FTAqTGsyzm2mKNhgjYomWT9CHEZ6PoKlidxCA1HKy73yM3sUy3fSVoh1tFPWDI59zt5humJ4A20LPbToOSfzaHp4jNzHSfUmXlz1hW6bAlKsrwSu6qDdr4tV77O6dyNKqKspJyS0Fz2KyVZgptXdQsigzeqeovMNpfEZzJGpC6Znf7VFD6HkEdo5WMmktXGOc4zivw4Ar
</failure>
    </testcase>
    <testcase name="Test case #1.1.26" time="0.2">
      <failure message="Test failure 1.1.732485989" type="error">
        jAtRGtn3uFm93cnXaqrTr9RfjTSr9BYFfp9D03ACAG8z18TDR13XmIR2EptwDyQHWeokkfrHmGUNeWBMM6ezjkRf7YRrpkj1ZkfmQCTfzXtzES4BKcnD2v3P3zDTQlLyvvHagClewPj7pNenDqXpqHJlmREfmpDwrsiohdB5tVLaD5dSS2Fmnlkj4GhN9PvIKj2yVL4xnFZwAsvoIjR2lB0ABQbsC8CGnkGCuVgt2NOF9vfycZFECwXKa32no7s
</failure>
    </testcase>
    <testcase name="Test case #1.1.27" time="21.120">
      <failure message="Test failure 1.1.2923105204" type="error">
        JUr3L6CVNXACPysIG6YB1hZucIPhUtTvhWedCjPmhWQ7j6qiDZ8nyRF97GT64DvlC7a7dHl74p745tXyx84YxqCLoDEbA4PDOVJLZQpBYvnSDctNYD1Gz94w5hho3c6FiGESJDgv8uWdtMR79wPjsvPP8rKnq7Gq513gOd4RkEqOc40i7diyS87XkDV1hz76p41GQbUStW4HJ42keP166LOP61ABsEHRRdFD4Sk7Cl6q2JsGPsP3T8rdc9ul7WP
</failure>
    </testcase>
    <testcase name="Test case #1.1.28" time="24.147">
      <failure message="Test failure 1.1.3353671513" type="error">
        gzbrmPUjPoRiMPQvZYpHPzHLUOdzMU9CA3dsWARVMSM0TdocaOjgweQi9U62m6WdNsBUTPWIu2iyRRJNiCaNaqOh1xesEkh0nvnPbHHdRUhbcJIu7S6Biu8mJqHJqFNori7tiI49jUCegJqFPVCFkFOmKFatUZuvPunLITMM6z1AJqmCgySj8HQShlDZ018qvYGuo8k2AfCUlu25rjZNHeqGYHjlYLv3WEVSBLAbx8ikaZwYVngBfRue2EiHgcJ
</failure>
    </testcase>
    <testcase name="Test case #1.1.29" time="7.199">
      <failure message="Test failure 1.1.3037827637" type="error">
        tWeyirfUgnk3ySS7WsFFHyAQZrxAsjJKsGUnepgkB4yOZDoQLswtVeKuUn4iTLfFoIFyoLEv0smubl1jAnTyNY7yom14CLDKXUM4r9AiXmMJ62js3e2uC1NcdnnCiscF2W6Iz657BVpJOzE3jOA5s7Kf1o1lxoNxebhEylMVFwcc9sdryFOo71QVETuN9awz05zoGqETGLd1W2MwdrFt3Lu6jobSyimbF1zZt1fL1uVXrJsiEoSMgYJW5ezackg
</failure>
    </testcase>
    <testcase name="Test case #1.1.30" time="14.81">
      <failure message="Test failure 1.1.3578959321" type="error">
        1rv04hUsSr802BgaoZCrLpf2jyn0w5hyEiLnDIsCYftSl4xuWGOScIHe3GeScMa7ZdDT0IX8l7sIcw8V4yPBLvOE9BF0ua0mFongdzAj4sY7QlwrIRGVUkU3P1m6vPOCggg4GF01ZtZHLzAzAuA8I7W3ilJ0bPXRBbpbvb3BRnxpoReDwnNFERq9EnVGHlgaQZafim4DGjDQwvKuPpam4JzfFM1BBj9AHsixQ0MwZr1L71P9f2qxaIANYr6765R
</failure>
    </testcase>
    <testcase name="Test case #1.1.31" time="15.183">
      <failure message="Test failure 1.1.232476657" type="error">
        yqvTg7GqzeWsyMbNNWVBJRVUoBorG8WjBQ9r1JhvYBmq35OM8JdMCDRqKnwYTpainCvV0M06AAmPXsDUwu2TEFuOXpOSp96YgfgCtgGeGXVLhkaWt0g6Ncv0mxEVQYQ68EBLkJzc6jFM4SEQ9qD5E4p9dorWQU2T8LmfnBOpS19GobfJmal3yjTwkTuBIqJ45TyTsQUdDRS079o2n514zodXSAjhamlFxrsC2EnkTXNOSY9gOmBM1Ip9R3CmeYo
</failure>
    </testcase>
    <testcase name="Test case #1.1.32" time="16.56">
      <failure message="Test failure 1.1.889376897" type="error">
        pfAwiiVVD8WRxEmMPdfjVN6sn7ESJvEBu0TST2gh3hYNFSjtJpvo0RGGvb8RVDedk6cvAOQ9UR5kC8DLFclnpLIy7YHB6Zl9ZR0RFVliyjFAir8zAbX0Kn6iQCGVDlZCJiAwYo6RZSllGECwIUwqI9yVFXm8oZIhBvF9fYW4J8IPGsBiStNcU1c40fME9MJB3iC8KNCZxkr8LN7ciyVrpilgGHOHUvn8lIkXVJ2OrP1lQtLtPX6gvIjlUDkDiYh
</failure>
    </testcase>
    <testcase name="Test case #1.1.33" time="13.97">
      <failure message="Test failure 1.1.3492602" type="error">
        E3pMGv6kZnp4PbPfHQgPyuTj36GLbDSKhaNrGYBRLZP8XiyWWvFgy0akmLlWbd4HkKD6ZLgMpAAMBl3GxhgzOPraHnVsuycmvQkUX6KQRUraghc3HUkpM2z517wFs7bKIvzLdOSHWfXYgAtJ08yvfORyt4nrUOLmtmeYPEXP43PW91nQSY6Mv675WxdHRDdAwRFO8KFrPJZCsnWK3t5rSII59pLcMi2V1Y5hYZ5Y2U2Zsczf1e3xJZHewvo09Dk
</failure>
    </testcase>
    <testcase name="Test case #1.1.34" time="28.41">
      <failure message="Test failure 1.1.2063905458" type="error">
        lfeK5qSJHZ8GB4XtPjtR3mkIUQZavFfhfoIuZVLbSPhACcCTcWJdsbV1ChaiBvCJgQIb9zkWW0tJU6Bywc0NXByYAFrdkrfWUnUOF2iNvzOMeaGe40D1RUWaIlaHa08wFZ732ikWFDLtCxEQXZ9qseb8wNwpQcqxOnpTSnatTPBjV7geORD5SOWGW3gPOgafRsvhWgczLOrIQld10jbImghvbZOO32R2HpZ8lZWd4qfMw1sp4S20Cre665YzgPG
</failure>
    </testcase>
  </testsuite>
</testsuites>