<?xml version="1.0"?>
<testsuites name="Test #13">
  <testsuite name="Test results #13.1">
    <testcase name="Test case #13.1.1" time="8.174569116"></testcase>
    <testcase name="Test case #13.1.2" time="7.1329413984"></testcase>
    <testcase name="Test case #13.1.3" time="8.2489179284"></testcase>
    <testcase name="Test case #13.1.4" time="28.2751439980"></testcase>
    <testcase name="Test case #13.1.5" time="13.874721359"></testcase>
    <testcase name="Test case #13.1.6" time="26.472616092"></testcase>
    <testcase name="Test case #13.1.7" time="11.1394352206"></testcase>
    <testcase name="Test case #13.1.8" time="7.2593424626"></testcase>
    <testcase name="Test case #13.1.9" time="1.4281452327"></testcase>
    <testcase name="Test case #13.1.10" time="26.1214368506"></testcase>
    <testcase name="Test case #13.1.11" time="0.237707186"></testcase>
    <testcase name="Test case #13.1.12" time="28.2295222127"></testcase>
    <testcase name="Test case #13.1.13" time="24.1802616932"></testcase>
    <testcase name="Test case #13.1.14" time="5.1540157810"></testcase>
    <testcase name="Test case #13.1.15" time="30.901058742"></testcase>
    <testcase name="Test case #13.1.16" time="27.3400391334"></testcase>
    <testcase name="Test case #13.1.17" time="12.3314789888"></testcase>
    <testcase name="Test case #13.1.18" time="1.3308297390"></testcase>
    <testcase name="Test case #13.1.19" time="0.2429010183"></testcase>
    <testcase name="Test case #13.1.20" time="12.2322843511"></testcase>
    <testcase name="Test case #13.1.21" time="21.2488034616"></testcase>
    <testcase name="Test case #13.1.22" time="9.3837217137"></testcase>
    <testcase name="Test case #13.1.23" time="12.2384048506"></testcase>
    <testcase name="Test case #13.1.24" time="22.925859610"></testcase>
    <testcase name="Test case #13.1.25" time="20.315315933"></testcase>
    <testcase name="Test case #13.1.26" time="12.332321769"></testcase>
    <testcase name="Test case #13.1.27" time="30.551392970"></testcase>
    <testcase name="Test case #13.1.28" time="9.3028924102"></testcase>
    <testcase name="Test case #13.1.29" time="8.3415581292"></testcase>
    <testcase name="Test case #13.1.30" time="14.3328265109"></testcase>
    <testcase name="Test case #13.1.31" time="30.316187390"></testcase>
    <testcase name="Test case #13.1.32" time="26.2013216488"></testcase>
    <testcase name="Test case #13.1.33" time="23.2727196123"></testcase>
    <testcase name="Test case #13.1.34" time="21.1344106804"></testcase>
  </testsuite>
  <testsuite name="Test results #13.2">
    <testcase name="Test case #13.2.1" time="22.1739415649"></testcase>
    <testcase name="Test case #13.2.2" time="26.458291819"></testcase>
    <testcase name="Test case #13.2.3" time="6.2138416028"></testcase>
    <testcase name="Test case #13.2.4" time="22.116496807"></testcase>
    <testcase name="Test case #13.2.5" time="23.338495238"></testcase>
    <testcase name="Test case #13.2.6" time="24.4003607668"></testcase>
    <testcase name="Test case #13.2.7" time="18.387445952"></testcase>
    <testcase name="Test case #13.2.8" time="17.3480573700"></testcase>
    <testcase name="Test case #13.2.9" time="11.1137039979"></testcase>
    <testcase name="Test case #13.2.10" time="18.1633345628"></testcase>
    <testcase name="Test case #13.2.11" time="17.3418758768"></testcase>
    <testcase name="Test case #13.2.12" time="5.4197074874"></testcase>
    <testcase name="Test case #13.2.13" time="6.687472976"></testcase>
    <testcase name="Test case #13.2.14" time="22.606849405"></testcase>
    <testcase name="Test case #13.2.15" time="28.623228034"></testcase>
    <testcase name="Test case #13.2.16" time="12.834897757"></testcase>
    <testcase name="Test case #13.2.17" time="15.3976604789"></testcase>
    <testcase name="Test case #13.2.18" time="5.3658704886"></testcase>
    <testcase name="Test case #13.2.19" time="4.1876134004"></testcase>
    <testcase name="Test case #13.2.20" time="8.801032365"></testcase>
    <testcase name="Test case #13.2.21" time="14.1388176729"></testcase>
    <testcase name="Test case #13.2.22" time="19.2813195173"></testcase>
    <testcase name="Test case #13.2.23" time="17.1288333158"></testcase>
    <testcase name="Test case #13.2.24" time="12.775059953"></testcase>
    <testcase name="Test case #13.2.25" time="2.694144452"></testcase>
    <testcase name="Test case #13.2.26" time="19.1998896659"></testcase>
    <testcase name="Test case #13.2.27" time="1.1560516676"></testcase>
    <testcase name="Test case #13.2.28" time="6.4287215904"></testcase>
    <testcase name="Test case #13.2.29" time="26.3581990458"></testcase>
    <testcase name="Test case #13.2.30" time="12.1205500598"></testcase>
    <testcase name="Test case #13.2.31" time="30.1168698985"></testcase>
    <testcase name="Test case #13.2.32" time="15.2487229151"></testcase>
    <testcase name="Test case #13.2.33" time="8.1542484228"></testcase>
    <testcase name="Test case #13.2.34" time="12.1176416709"></testcase>
  </testsuite>
  <testsuite name="Test results #13.3">
    <testcase name="Test case #13.3.1" time="14.1150775364"></testcase>
    <testcase name="Test case #13.3.2" time="30.809904700"></testcase>
    <testcase name="Test case #13.3.3" time="9.3410541976"></testcase>
    <testcase name="Test case #13.3.4" time="9.3210877681"></testcase>
    <testcase name="Test case #13.3.5" time="11.1038484921"></testcase>
    <testcase name="Test case #13.3.6" time="2.2249101957"></testcase>
    <testcase name="Test case #13.3.7" time="12.2146061601"></testcase>
    <testcase name="Test case #13.3.8" time="4.1970440232"></testcase>
    <testcase name="Test case #13.3.9" time="8.183033618"></testcase>
    <testcase name="Test case #13.3.10" time="25.1166993157"></testcase>
    <testcase name="Test case #13.3.11" time="1.82018198"></testcase>
    <testcase name="Test case #13.3.12" time="18.201676508"></testcase>
    <testcase name="Test case #13.3.13" time="6.2115713264"></testcase>
    <testcase name="Test case #13.3.14" time="17.2002040205"></testcase>
    <testcase name="Test case #13.3.15" time="22.1335843862"></testcase>
    <testcase name="Test case #13.3.16" time="0.901380607"></testcase>
    <testcase name="Test case #13.3.17" time="21.247341430"></testcase>
    <testcase name="Test case #13.3.18" time="1.1515909948"></testcase>
    <testcase name="Test case #13.3.19" time="16.1515472542"></testcase>
    <testcase name="Test case #13.3.20" time="14.3138359290"></testcase>
    <testcase name="Test case #13.3.21" time="23.582153542"></testcase>
    <testcase name="Test case #13.3.22" time="3.3009815388"></testcase>
    <testcase name="Test case #13.3.23" time="10.1702234433"></testcase>
    <testcase name="Test case #13.3.24" time="3.1104153144"></testcase>
    <testcase name="Test case #13.3.25" time="16.3205463931"></testcase>
    <testcase name="Test case #13.3.26" time="18.2759129101"></testcase>
    <testcase name="Test case #13.3.27" time="9.1322504553"></testcase>
    <testcase name="Test case #13.3.28" time="16.674472446"></testcase>
    <testcase name="Test case #13.3.29" time="22.2134070002"></testcase>
    <testcase name="Test case #13.3.30" time="25.166387331"></testcase>
    <testcase name="Test case #13.3.31" time="18.981386850"></testcase>
    <testcase name="Test case #13.3.32" time="6.1335032961"></testcase>
    <testcase name="Test case #13.3.33" time="12.4293055927"></testcase>
    <testcase name="Test case #13.3.34" time="2.1058586015"></testcase>
  </testsuite>
  <testsuite name="Test results #13.4">
    <testcase name="Test case #13.4.1" time="6.4278286532"></testcase>
    <testcase name="Test case #13.4.2" time="12.520364452"></testcase>
    <testcase name="Test case #13.4.3" time="10.4059577211"></testcase>
    <testcase name="Test case #13.4.4" time="30.2830195611"></testcase>
    <testcase name="Test case #13.4.5" time="24.2217710570"></testcase>
    <testcase name="Test case #13.4.6" time="28.4012048803"></testcase>
    <testcase name="Test case #13.4.7" time="23.1470530618"></testcase>
    <testcase name="Test case #13.4.8" time="17.2118074196"></testcase>
    <testcase name="Test case #13.4.9" time="5.4050075020"></testcase>
    <testcase name="Test case #13.4.10" time="18.3058843632"></testcase>
    <testcase name="Test case #13.4.11" time="14.2015489469"></testcase>
    <testcase name="Test case #13.4.12" time="12.3725668833"></testcase>
    <testcase name="Test case #13.4.13" time="15.4127238904"></testcase>
    <testcase name="Test case #13.4.14" time="5.2905314073"></testcase>
    <testcase name="Test case #13.4.15" time="3.2451637978"></testcase>
    <testcase name="Test case #13.4.16" time="9.3561045524"></testcase>
    <testcase name="Test case #13.4.17" time="21.2008471530"></testcase>
    <testcase name="Test case #13.4.18" time="5.1700959026"></testcase>
    <testcase name="Test case #13.4.19" time="21.1441817769"></testcase>
    <testcase name="Test case #13.4.20" time="8.2896684540"></testcase>
    <testcase name="Test case #13.4.21" time="9.44886032"></testcase>
    <testcase name="Test case #13.4.22" time="11.3317865000"></testcase>
    <testcase name="Test case #13.4.23" time="1.940488750"></testcase>
    <testcase name="Test case #13.4.24" time="20.2138357036"></testcase>
    <testcase name="Test case #13.4.25" time="9.865094988"></testcase>
    <testcase name="Test case #13.4.26" time="27.426774516"></testcase>
    <testcase name="Test case #13.4.27" time="10.2942748919"></testcase>
    <testcase name="Test case #13.4.28" time="23.1334370616"></testcase>
    <testcase name="Test case #13.4.29" time="24.2036721567"></testcase>
    <testcase name="Test case #13.4.30" time="8.3522373798"></testcase>
    <testcase name="Test case #13.4.31" time="3.2724444916"></testcase>
    <testcase name="Test case #13.4.32" time="20.3697224813"></testcase>
    <testcase name="Test case #13.4.33" time="6.401906520"></testcase>
    <testcase name="Test case #13.4.34" time="17.1181138460"></testcase>
  </testsuite>
</testsuites>