<?xml version="1.0"?>
<testsuites name="Test #7">
  <testsuite name="Test results #7.1">
    <testcase name="Test case #7.1.1" time="16.1382000411"></testcase>
    <testcase name="Test case #7.1.2" time="3.3024014307"></testcase>
    <testcase name="Test case #7.1.3" time="25.970313705"></testcase>
    <testcase name="Test case #7.1.4" time="18.4196127240"></testcase>
    <testcase name="Test case #7.1.5" time="15.233704703"></testcase>
    <testcase name="Test case #7.1.6" time="27.1528689488"></testcase>
    <testcase name="Test case #7.1.7" time="8.3535283198"></testcase>
    <testcase name="Test case #7.1.8" time="28.1854032509"></testcase>
    <testcase name="Test case #7.1.9" time="20.3029929472"></testcase>
    <testcase name="Test case #7.1.10" time="8.226749486"></testcase>
    <testcase name="Test case #7.1.11" time="5.4161600055"></testcase>
    <testcase name="Test case #7.1.12" time="0.1710660412"></testcase>
    <testcase name="Test case #7.1.13" time="23.961347614"></testcase>
    <testcase name="Test case #7.1.14" time="27.3172295755"></testcase>
    <testcase name="Test case #7.1.15" time="6.1137457810"></testcase>
    <testcase name="Test case #7.1.16" time="12.1728680161"></testcase>
    <testcase name="Test case #7.1.17" time="27.3849681691"></testcase>
    <testcase name="Test case #7.1.18" time="25.2813560115"></testcase>
    <testcase name="Test case #7.1.19" time="2.2481297015"></testcase>
    <testcase name="Test case #7.1.20" time="22.2593868833"></testcase>
    <testcase name="Test case #7.1.21" time="4.2151232310"></testcase>
    <testcase name="Test case #7.1.22" time="24.3020417905"></testcase>
    <testcase name="Test case #7.1.23" time="11.928988606"></testcase>
    <testcase name="Test case #7.1.24" time="19.1966368255"></testcase>
    <testcase name="Test case #7.1.25" time="0.3075064194"></testcase>
    <testcase name="Test case #7.1.26" time="4.3621001175"></testcase>
    <testcase name="Test case #7.1.27" time="6.3626534490"></testcase>
    <testcase name="Test case #7.1.28" time="11.2378916893"></testcase>
    <testcase name="Test case #7.1.29" time="21.1188710604"></testcase>
    <testcase name="Test case #7.1.30" time="4.1197531485"></testcase>
    <testcase name="Test case #7.1.31" time="10.3232792864"></testcase>
    <testcase name="Test case #7.1.32" time="25.1353345214"></testcase>
    <testcase name="Test case #7.1.33" time="13.3159648582"></testcase>
    <testcase name="Test case #7.1.34" time="17.1242994515"></testcase>
  </testsuite>
  <testsuite name="Test results #7.2">
    <testcase name="Test case #7.2.1" time="7.351722379"></testcase>
    <testcase name="Test case #7.2.2" time="10.465618435"></testcase>
    <testcase name="Test case #7.2.3" time="4.3441647838"></testcase>
    <testcase name="Test case #7.2.4" time="25.3342377458"></testcase>
    <testcase name="Test case #7.2.5" time="3.3420062619"></testcase>
    <testcase name="Test case #7.2.6" time="19.2341813609"></testcase>
    <testcase name="Test case #7.2.7" time="8.1402714597"></testcase>
    <testcase name="Test case #7.2.8" time="30.674263261"></testcase>
    <testcase name="Test case #7.2.9" time="19.2934806792"></testcase>
    <testcase name="Test case #7.2.10" time="16.1516570317"></testcase>
    <testcase name="Test case #7.2.11" time="18.4144094772"></testcase>
    <testcase name="Test case #7.2.12" time="28.2418314399"></testcase>
    <testcase name="Test case #7.2.13" time="27.2759729405"></testcase>
    <testcase name="Test case #7.2.14" time="0.984305207"></testcase>
    <testcase name="Test case #7.2.15" time="24.2514696507"></testcase>
    <testcase name="Test case #7.2.16" time="17.4048539618"></testcase>
    <testcase name="Test case #7.2.17" time="1.1659431535"></testcase>
    <testcase name="Test case #7.2.18" time="15.752907074"></testcase>
    <testcase name="Test case #7.2.19" time="18.1851988376"></testcase>
    <testcase name="Test case #7.2.20" time="30.2916593275"></testcase>
    <testcase name="Test case #7.2.21" time="1.1100268121"></testcase>
    <testcase name="Test case #7.2.22" time="30.1587474279"></testcase>
    <testcase name="Test case #7.2.23" time="5.2373448099"></testcase>
    <testcase name="Test case #7.2.24" time="13.1094519680"></testcase>
    <testcase name="Test case #7.2.25" time="9.3731469870"></testcase>
    <testcase name="Test case #7.2.26" time="11.2780801280"></testcase>
    <testcase name="Test case #7.2.27" time="17.3232657181"></testcase>
    <testcase name="Test case #7.2.28" time="3.3339181683"></testcase>
    <testcase name="Test case #7.2.29" time="27.1147867022"></testcase>
    <testcase name="Test case #7.2.30" time="16.1663497875"></testcase>
    <testcase name="Test case #7.2.31" time="29.273538480"></testcase>
    <testcase name="Test case #7.2.32" time="21.3354996868"></testcase>
    <testcase name="Test case #7.2.33" time="3.1279321737"></testcase>
    <testcase name="Test case #7.2.34" time="28.2141231272"></testcase>
  </testsuite>
  <testsuite name="Test results #7.3">
    <testcase name="Test case #7.3.1" time="10.1002489565"></testcase>
    <testcase name="Test case #7.3.2" time="30.3666398741"></testcase>
    <testcase name="Test case #7.3.3" time="29.2826233748"></testcase>
    <testcase name="Test case #7.3.4" time="21.1033565191"></testcase>
    <testcase name="Test case #7.3.5" time="19.2323362343"></testcase>
    <testcase name="Test case #7.3.6" time="10.442080028"></testcase>
    <testcase name="Test case #7.3.7" time="10.1263528345"></testcase>
    <testcase name="Test case #7.3.8" time="30.3931099719"></testcase>
    <testcase name="Test case #7.3.9" time="21.3115391784"></testcase>
    <testcase name="Test case #7.3.10" time="11.2713009418"></testcase>
    <testcase name="Test case #7.3.11" time="29.3234754437"></testcase>
    <testcase name="Test case #7.3.12" time="26.2953235050"></testcase>
    <testcase name="Test case #7.3.13" time="5.1728693450"></testcase>
    <testcase name="Test case #7.3.14" time="4.685600842"></testcase>
    <testcase name="Test case #7.3.15" time="2.888666142"></testcase>
    <testcase name="Test case #7.3.16" time="11.1185798424"></testcase>
    <testcase name="Test case #7.3.17" time="5.3281371375"></testcase>
    <testcase name="Test case #7.3.18" time="9.1430043491"></testcase>
    <testcase name="Test case #7.3.19" time="2.3043651335"></testcase>
    <testcase name="Test case #7.3.20" time="0.2711631744"></testcase>
    <testcase name="Test case #7.3.21" time="8.3099610212"></testcase>
    <testcase name="Test case #7.3.22" time="18.449089455"></testcase>
    <testcase name="Test case #7.3.23" time="23.342612123"></testcase>
    <testcase name="Test case #7.3.24" time="29.3849164410"></testcase>
    <testcase name="Test case #7.3.25" time="11.2654488182"></testcase>
    <testcase name="Test case #7.3.26" time="24.3433134231"></testcase>
    <testcase name="Test case #7.3.27" time="12.4245859793"></testcase>
    <testcase name="Test case #7.3.28" time="12.2991927423"></testcase>
    <testcase name="Test case #7.3.29" time="13.469755609"></testcase>
    <testcase name="Test case #7.3.30" time="20.3208203464"></testcase>
    <testcase name="Test case #7.3.31" time="8.2561161915"></testcase>
    <testcase name="Test case #7.3.32" time="8.512040288"></testcase>
    <testcase name="Test case #7.3.33" time="13.2105266778"></testcase>
    <testcase name="Test case #7.3.34" time="5.3063907458"></testcase>
  </testsuite>
  <testsuite name="Test results #7.4">
    <testcase name="Test case #7.4.1" time="22.3401018905"></testcase>
    <testcase name="Test case #7.4.2" time="11.717440174"></testcase>
    <testcase name="Test case #7.4.3" time="13.3860932699"></testcase>
    <testcase name="Test case #7.4.4" time="29.1264904025"></testcase>
    <testcase name="Test case #7.4.5" time="4.2912506033"></testcase>
    <testcase name="Test case #7.4.6" time="20.4022810954"></testcase>
    <testcase name="Test case #7.4.7" time="5.1382877726"></testcase>
    <testcase name="Test case #7.4.8" time="5.1014591002"></testcase>
    <testcase name="Test case #7.4.9" time="22.703902408"></testcase>
    <testcase name="Test case #7.4.10" time="7.3080473962"></testcase>
    <testcase name="Test case #7.4.11" time="13.372741877"></testcase>
    <testcase name="Test case #7.4.12" time="5.181441494"></testcase>
    <testcase name="Test case #7.4.13" time="17.1138058594"></testcase>
    <testcase name="Test case #7.4.14" time="1.2034642841"></testcase>
    <testcase name="Test case #7.4.15" time="14.671948980"></testcase>
    <testcase name="Test case #7.4.16" time="19.3994731117"></testcase>
    <testcase name="Test case #7.4.17" time="8.1657982005"></testcase>
    <testcase name="Test case #7.4.18" time="28.1023175650"></testcase>
    <testcase name="Test case #7.4.19" time="16.651451221"></testcase>
    <testcase name="Test case #7.4.20" time="10.4291942746"></testcase>
    <testcase name="Test case #7.4.21" time="6.1872876435"></testcase>
    <testcase name="Test case #7.4.22" time="17.3927239844"></testcase>
    <testcase name="Test case #7.4.23" time="18.1348179384"></testcase>
    <testcase name="Test case #7.4.24" time="3.4090069900"></testcase>
    <testcase name="Test case #7.4.25" time="12.3388428065"></testcase>
    <testcase name="Test case #7.4.26" time="17.3469545777"></testcase>
    <testcase name="Test case #7.4.27" time="1.1650261635"></testcase>
    <testcase name="Test case #7.4.28" time="11.437495291"></testcase>
    <testcase name="Test case #7.4.29" time="30.3416932108"></testcase>
    <testcase name="Test case #7.4.30" time="22.1763511511"></testcase>
    <testcase name="Test case #7.4.31" time="23.1634641611"></testcase>
    <testcase name="Test case #7.4.32" time="23.468367941"></testcase>
    <testcase name="Test case #7.4.33" time="2.1240787968"></testcase>
    <testcase name="Test case #7.4.34" time="22.2770096377"></testcase>
  </testsuite>
</testsuites>