<?xml version="1.0"?>
<testsuites name="Test #9">
  <testsuite name="Test results #9.1">
    <testcase name="Test case #9.1.1" time="16.2644822677"></testcase>
    <testcase name="Test case #9.1.2" time="25.1075259947"></testcase>
    <testcase name="Test case #9.1.3" time="18.3272839256"></testcase>
    <testcase name="Test case #9.1.4" time="0.3642779381"></testcase>
    <testcase name="Test case #9.1.5" time="6.4067950688"></testcase>
    <testcase name="Test case #9.1.6" time="21.759484439"></testcase>
    <testcase name="Test case #9.1.7" time="25.2724054587"></testcase>
    <testcase name="Test case #9.1.8" time="14.1009383142"></testcase>
    <testcase name="Test case #9.1.9" time="11.3329424207"></testcase>
    <testcase name="Test case #9.1.10" time="26.1682164727"></testcase>
    <testcase name="Test case #9.1.11" time="26.1275336937"></testcase>
    <testcase name="Test case #9.1.12" time="24.140306590"></testcase>
    <testcase name="Test case #9.1.13" time="26.298041334"></testcase>
    <testcase name="Test case #9.1.14" time="27.3105240501"></testcase>
    <testcase name="Test case #9.1.15" time="30.118073488"></testcase>
    <testcase name="Test case #9.1.16" time="12.2819115803"></testcase>
    <testcase name="Test case #9.1.17" time="23.1183453591"></testcase>
    <testcase name="Test case #9.1.18" time="14.2155604046"></testcase>
    <testcase name="Test case #9.1.19" time="25.3941690829"></testcase>
    <testcase name="Test case #9.1.20" time="14.1109231673"></testcase>
    <testcase name="Test case #9.1.21" time="25.4135575381"></testcase>
    <testcase name="Test case #9.1.22" time="23.1486022365"></testcase>
    <testcase name="Test case #9.1.23" time="22.2568147328"></testcase>
    <testcase name="Test case #9.1.24" time="3.3127842012"></testcase>
    <testcase name="Test case #9.1.25" time="22.1356568317"></testcase>
    <testcase name="Test case #9.1.26" time="2.3763972998"></testcase>
    <testcase name="Test case #9.1.27" time="6.2225186225"></testcase>
    <testcase name="Test case #9.1.28" time="7.3033408606"></testcase>
    <testcase name="Test case #9.1.29" time="20.1548653114"></testcase>
    <testcase name="Test case #9.1.30" time="19.2715550999"></testcase>
    <testcase name="Test case #9.1.31" time="14.3568419759"></testcase>
    <testcase name="Test case #9.1.32" time="6.1640313044"></testcase>
    <testcase name="Test case #9.1.33" time="10.3151185238"></testcase>
    <testcase name="Test case #9.1.34" time="26.3214146965"></testcase>
  </testsuite>
  <testsuite name="Test results #9.2">
    <testcase name="Test case #9.2.1" time="10.1858561659"></testcase>
    <testcase name="Test case #9.2.2" time="4.924396448"></testcase>
    <testcase name="Test case #9.2.3" time="30.160405286"></testcase>
    <testcase name="Test case #9.2.4" time="6.4076187496"></testcase>
    <testcase name="Test case #9.2.5" time="28.3455032562"></testcase>
    <testcase name="Test case #9.2.6" time="1.3687758277"></testcase>
    <testcase name="Test case #9.2.7" time="15.2113715830"></testcase>
    <testcase name="Test case #9.2.8" time="22.1750291901"></testcase>
    <testcase name="Test case #9.2.9" time="12.3114812274"></testcase>
    <testcase name="Test case #9.2.10" time="6.813435200"></testcase>
    <testcase name="Test case #9.2.11" time="8.2201282637"></testcase>
    <testcase name="Test case #9.2.12" time="12.1882877811"></testcase>
    <testcase name="Test case #9.2.13" time="29.2106290206"></testcase>
    <testcase name="Test case #9.2.14" time="18.1209473825"></testcase>
    <testcase name="Test case #9.2.15" time="15.2446695220"></testcase>
    <testcase name="Test case #9.2.16" time="30.2443708113"></testcase>
    <testcase name="Test case #9.2.17" time="22.1188545237"></testcase>
    <testcase name="Test case #9.2.18" time="5.232445447"></testcase>
    <testcase name="Test case #9.2.19" time="2.2199955381"></testcase>
    <testcase name="Test case #9.2.20" time="14.1211903223"></testcase>
    <testcase name="Test case #9.2.21" time="28.1579438509"></testcase>
    <testcase name="Test case #9.2.22" time="23.2486723438"></testcase>
    <testcase name="Test case #9.2.23" time="21.465083756"></testcase>
    <testcase name="Test case #9.2.24" time="13.2385705837"></testcase>
    <testcase name="Test case #9.2.25" time="7.2145678310"></testcase>
    <testcase name="Test case #9.2.26" time="27.1136440006"></testcase>
    <testcase name="Test case #9.2.27" time="9.608639151"></testcase>
    <testcase name="Test case #9.2.28" time="14.2139054919"></testcase>
    <testcase name="Test case #9.2.29" time="7.1933287786"></testcase>
    <testcase name="Test case #9.2.30" time="28.1706721309"></testcase>
    <testcase name="Test case #9.2.31" time="29.630454794"></testcase>
    <testcase name="Test case #9.2.32" time="11.1772005632"></testcase>
    <testcase name="Test case #9.2.33" time="4.967290331"></testcase>
    <testcase name="Test case #9.2.34" time="6.145342215"></testcase>
  </testsuite>
  <testsuite name="Test results #9.3">
    <testcase name="Test case #9.3.1" time="20.1337846700"></testcase>
    <testcase name="Test case #9.3.2" time="3.1767090458"></testcase>
    <testcase name="Test case #9.3.3" time="28.2514404460"></testcase>
    <testcase name="Test case #9.3.4" time="19.1781188175"></testcase>
    <testcase name="Test case #9.3.5" time="0.3506676447"></testcase>
    <testcase name="Test case #9.3.6" time="10.1966736498"></testcase>
    <testcase name="Test case #9.3.7" time="24.942370463"></testcase>
    <testcase name="Test case #9.3.8" time="2.1057026921"></testcase>
    <testcase name="Test case #9.3.9" time="10.517852776"></testcase>
    <testcase name="Test case #9.3.10" time="5.1447365098"></testcase>
    <testcase name="Test case #9.3.11" time="15.1907554639"></testcase>
    <testcase name="Test case #9.3.12" time="17.4162211882"></testcase>
    <testcase name="Test case #9.3.13" time="7.2583282068"></testcase>
    <testcase name="Test case #9.3.14" time="16.4272497499"></testcase>
    <testcase name="Test case #9.3.15" time="1.2554857796"></testcase>
    <testcase name="Test case #9.3.16" time="27.3469058547"></testcase>
    <testcase name="Test case #9.3.17" time="1.3588967627"></testcase>
    <testcase name="Test case #9.3.18" time="30.1885892291"></testcase>
    <testcase name="Test case #9.3.19" time="5.2992795436"></testcase>
    <testcase name="Test case #9.3.20" time="27.487995570"></testcase>
    <testcase name="Test case #9.3.21" time="28.132974742"></testcase>
    <testcase name="Test case #9.3.22" time="9.4017890578"></testcase>
    <testcase name="Test case #9.3.23" time="12.276006408"></testcase>
    <testcase name="Test case #9.3.24" time="9.2043185303"></testcase>
    <testcase name="Test case #9.3.25" time="22.3684653403"></testcase>
    <testcase name="Test case #9.3.26" time="11.2510137984"></testcase>
    <testcase name="Test case #9.3.27" time="28.3613867696"></testcase>
    <testcase name="Test case #9.3.28" time="2.847863628"></testcase>
    <testcase name="Test case #9.3.29" time="1.1257975504"></testcase>
    <testcase name="Test case #9.3.30" time="6.3538905663"></testcase>
    <testcase name="Test case #9.3.31" time="18.249636549"></testcase>
    <testcase name="Test case #9.3.32" time="20.1161041987"></testcase>
    <testcase name="Test case #9.3.33" time="28.3674322703"></testcase>
    <testcase name="Test case #9.3.34" time="15.2453702134"></testcase>
  </testsuite>
  <testsuite name="Test results #9.4">
    <testcase name="Test case #9.4.1" time="15.3137258650"></testcase>
    <testcase name="Test case #9.4.2" time="12.3450915205"></testcase>
    <testcase name="Test case #9.4.3" time="17.3996347606"></testcase>
    <testcase name="Test case #9.4.4" time="16.2523675040"></testcase>
    <testcase name="Test case #9.4.5" time="10.3374805506"></testcase>
    <testcase name="Test case #9.4.6" time="23.3472737504"></testcase>
    <testcase name="Test case #9.4.7" time="26.4139464112"></testcase>
    <testcase name="Test case #9.4.8" time="18.1588107510"></testcase>
    <testcase name="Test case #9.4.9" time="22.3585131721"></testcase>
    <testcase name="Test case #9.4.10" time="11.1512268101"></testcase>
    <testcase name="Test case #9.4.11" time="10.1589136532"></testcase>
    <testcase name="Test case #9.4.12" time="13.3522189265"></testcase>
    <testcase name="Test case #9.4.13" time="2.920426116"></testcase>
    <testcase name="Test case #9.4.14" time="29.1080795625"></testcase>
    <testcase name="Test case #9.4.15" time="2.900900868"></testcase>
    <testcase name="Test case #9.4.16" time="10.4023470048"></testcase>
    <testcase name="Test case #9.4.17" time="8.3488455428"></testcase>
    <testcase name="Test case #9.4.18" time="5.609680765"></testcase>
    <testcase name="Test case #9.4.19" time="17.877684318"></testcase>
    <testcase name="Test case #9.4.20" time="24.535778387"></testcase>
    <testcase name="Test case #9.4.21" time="23.4189976579"></testcase>
    <testcase name="Test case #9.4.22" time="8.4228674032"></testcase>
    <testcase name="Test case #9.4.23" time="1.212326050"></testcase>
    <testcase name="Test case #9.4.24" time="11.321808368"></testcase>
    <testcase name="Test case #9.4.25" time="21.4196409884"></testcase>
    <testcase name="Test case #9.4.26" time="18.395492121"></testcase>
    <testcase name="Test case #9.4.27" time="18.230199438"></testcase>
    <testcase name="Test case #9.4.28" time="0.1988411998"></testcase>
    <testcase name="Test case #9.4.29" time="6.451852477"></testcase>
    <testcase name="Test case #9.4.30" time="10.472824084"></testcase>
    <testcase name="Test case #9.4.31" time="17.3787947456"></testcase>
    <testcase name="Test case #9.4.32" time="22.2460622362"></testcase>
    <testcase name="Test case #9.4.33" time="24.1584509929"></testcase>
    <testcase name="Test case #9.4.34" time="28.1603990223"></testcase>
  </testsuite>
</testsuites>