<?xml version="1.0"?>
<testsuites name="Test #18">
  <testsuite name="Test results #18.1">
    <testcase name="Test case #18.1.1" time="28.188001367"></testcase>
    <testcase name="Test case #18.1.2" time="2.1699044509"></testcase>
    <testcase name="Test case #18.1.3" time="15.1894987893"></testcase>
    <testcase name="Test case #18.1.4" time="9.3430666142"></testcase>
    <testcase name="Test case #18.1.5" time="15.435909138"></testcase>
    <testcase name="Test case #18.1.6" time="3.1780055653"></testcase>
    <testcase name="Test case #18.1.7" time="8.1452477424"></testcase>
    <testcase name="Test case #18.1.8" time="24.3910119113"></testcase>
    <testcase name="Test case #18.1.9" time="29.35444145"></testcase>
    <testcase name="Test case #18.1.10" time="13.435090751"></testcase>
    <testcase name="Test case #18.1.11" time="12.3056164058"></testcase>
    <testcase name="Test case #18.1.12" time="11.1808476328"></testcase>
    <testcase name="Test case #18.1.13" time="30.3249311334"></testcase>
    <testcase name="Test case #18.1.14" time="3.2980444865"></testcase>
    <testcase name="Test case #18.1.15" time="15.2582996964"></testcase>
    <testcase name="Test case #18.1.16" time="10.3490363196"></testcase>
    <testcase name="Test case #18.1.17" time="7.3823889568"></testcase>
    <testcase name="Test case #18.1.18" time="17.706575392"></testcase>
    <testcase name="Test case #18.1.19" time="5.3230502058"></testcase>
    <testcase name="Test case #18.1.20" time="9.2997586471"></testcase>
    <testcase name="Test case #18.1.21" time="11.3119611444"></testcase>
    <testcase name="Test case #18.1.22" time="13.981602231"></testcase>
    <testcase name="Test case #18.1.23" time="11.1218230657"></testcase>
    <testcase name="Test case #18.1.24" time="1.1071920002"></testcase>
    <testcase name="Test case #18.1.25" time="25.555236644"></testcase>
    <testcase name="Test case #18.1.26" time="27.1303008322"></testcase>
    <testcase name="Test case #18.1.27" time="14.2563887627"></testcase>
    <testcase name="Test case #18.1.28" time="13.1218354166"></testcase>
    <testcase name="Test case #18.1.29" time="20.3235262372"></testcase>
    <testcase name="Test case #18.1.30" time="11.109443279"></testcase>
    <testcase name="Test case #18.1.31" time="12.2004671923"></testcase>
    <testcase name="Test case #18.1.32" time="12.1433338658"></testcase>
    <testcase name="Test case #18.1.33" time="27.1728403879"></testcase>
    <testcase name="Test case #18.1.34" time="3.2761397550"></testcase>
  </testsuite>
  <testsuite name="Test results #18.2">
    <testcase name="Test case #18.2.1" time="13.1465667938"></testcase>
    <testcase name="Test case #18.2.2" time="0.1957325896"></testcase>
    <testcase name="Test case #18.2.3" time="7.1010937484"></testcase>
    <testcase name="Test case #18.2.4" time="30.707350209"></testcase>
    <testcase name="Test case #18.2.5" time="23.4043738550"></testcase>
    <testcase name="Test case #18.2.6" time="19.528025526"></testcase>
    <testcase name="Test case #18.2.7" time="24.949601462"></testcase>
    <testcase name="Test case #18.2.8" time="24.1086095097"></testcase>
    <testcase name="Test case #18.2.9" time="30.1279443004"></testcase>
    <testcase name="Test case #18.2.10" time="14.1683283435"></testcase>
    <testcase name="Test case #18.2.11" time="9.1050269757"></testcase>
    <testcase name="Test case #18.2.12" time="20.2691419082"></testcase>
    <testcase name="Test case #18.2.13" time="24.2702252859"></testcase>
    <testcase name="Test case #18.2.14" time="20.2629209703"></testcase>
    <testcase name="Test case #18.2.15" time="21.4035275940"></testcase>
    <testcase name="Test case #18.2.16" time="9.2130290181"></testcase>
    <testcase name="Test case #18.2.17" time="22.681092593"></testcase>
    <testcase name="Test case #18.2.18" time="14.2589732087"></testcase>
    <testcase name="Test case #18.2.19" time="18.1785316345"></testcase>
    <testcase name="Test case #18.2.20" time="17.3160431233"></testcase>
    <testcase name="Test case #18.2.21" time="2.3964193795"></testcase>
    <testcase name="Test case #18.2.22" time="20.1007792738"></testcase>
    <testcase name="Test case #18.2.23" time="24.1284406631"></testcase>
    <testcase name="Test case #18.2.24" time="4.2534376509"></testcase>
    <testcase name="Test case #18.2.25" time="17.561290579"></testcase>
    <testcase name="Test case #18.2.26" time="7.1248518695"></testcase>
    <testcase name="Test case #18.2.27" time="16.3569887324"></testcase>
    <testcase name="Test case #18.2.28" time="16.2040280679"></testcase>
    <testcase name="Test case #18.2.29" time="0.3201556659"></testcase>
    <testcase name="Test case #18.2.30" time="29.3678805602"></testcase>
    <testcase name="Test case #18.2.31" time="4.520511698"></testcase>
    <testcase name="Test case #18.2.32" time="10.2725274655"></testcase>
    <testcase name="Test case #18.2.33" time="8.3459968159"></testcase>
    <testcase name="Test case #18.2.34" time="12.3569703297"></testcase>
  </testsuite>
  <testsuite name="Test results #18.3">
    <testcase name="Test case #18.3.1" time="8.3786516923"></testcase>
    <testcase name="Test case #18.3.2" time="6.1470430060"></testcase>
    <testcase name="Test case #18.3.3" time="3.3948517499"></testcase>
    <testcase name="Test case #18.3.4" time="21.109595874"></testcase>
    <testcase name="Test case #18.3.5" time="5.3324975580"></testcase>
    <testcase name="Test case #18.3.6" time="22.1371292118"></testcase>
    <testcase name="Test case #18.3.7" time="21.2495189109"></testcase>
    <testcase name="Test case #18.3.8" time="1.1613737800"></testcase>
    <testcase name="Test case #18.3.9" time="26.3811563174"></testcase>
    <testcase name="Test case #18.3.10" time="2.494604786"></testcase>
    <testcase name="Test case #18.3.11" time="10.445375272"></testcase>
    <testcase name="Test case #18.3.12" time="14.4227343432"></testcase>
    <testcase name="Test case #18.3.13" time="0.4153851705"></testcase>
    <testcase name="Test case #18.3.14" time="1.3817017191"></testcase>
    <testcase name="Test case #18.3.15" time="7.824278160"></testcase>
    <testcase name="Test case #18.3.16" time="17.1891197885"></testcase>
    <testcase name="Test case #18.3.17" time="30.3726049562"></testcase>
    <testcase name="Test case #18.3.18" time="7.24058172"></testcase>
    <testcase name="Test case #18.3.19" time="4.1821073604"></testcase>
    <testcase name="Test case #18.3.20" time="25.2188074540"></testcase>
    <testcase name="Test case #18.3.21" time="8.3433812467"></testcase>
    <testcase name="Test case #18.3.22" time="5.1154557671"></testcase>
    <testcase name="Test case #18.3.23" time="5.1938727369"></testcase>
    <testcase name="Test case #18.3.24" time="6.730980145"></testcase>
    <testcase name="Test case #18.3.25" time="2.976139253"></testcase>
    <testcase name="Test case #18.3.26" time="10.1506049445"></testcase>
    <testcase name="Test case #18.3.27" time="13.1971233464"></testcase>
    <testcase name="Test case #18.3.28" time="27.3628821872"></testcase>
    <testcase name="Test case #18.3.29" time="15.2897099697"></testcase>
    <testcase name="Test case #18.3.30" time="4.4142030133"></testcase>
    <testcase name="Test case #18.3.31" time="25.2614774726"></testcase>
    <testcase name="Test case #18.3.32" time="6.1392233833"></testcase>
    <testcase name="Test case #18.3.33" time="25.3805518614"></testcase>
    <testcase name="Test case #18.3.34" time="0.623450436"></testcase>
  </testsuite>
  <testsuite name="Test results #18.4">
    <testcase name="Test case #18.4.1" time="12.3225302919"></testcase>
    <testcase name="Test case #18.4.2" time="30.508926526"></testcase>
    <testcase name="Test case #18.4.3" time="28.987610501"></testcase>
    <testcase name="Test case #18.4.4" time="29.2597602097"></testcase>
    <testcase name="Test case #18.4.5" time="25.1881777544"></testcase>
    <testcase name="Test case #18.4.6" time="6.721749170"></testcase>
    <testcase name="Test case #18.4.7" time="21.744816032"></testcase>
    <testcase name="Test case #18.4.8" time="5.1931037802"></testcase>
    <testcase name="Test case #18.4.9" time="21.3825264358"></testcase>
    <testcase name="Test case #18.4.10" time="22.283294171"></testcase>
    <testcase name="Test case #18.4.11" time="0.140631067"></testcase>
    <testcase name="Test case #18.4.12" time="30.3291708634"></testcase>
    <testcase name="Test case #18.4.13" time="26.2019422727"></testcase>
    <testcase name="Test case #18.4.14" time="27.30398229"></testcase>
    <testcase name="Test case #18.4.15" time="12.3191631452"></testcase>
    <testcase name="Test case #18.4.16" time="27.50475998"></testcase>
    <testcase name="Test case #18.4.17" time="19.1406229648"></testcase>
    <testcase name="Test case #18.4.18" time="21.3398325108"></testcase>
    <testcase name="Test case #18.4.19" time="5.3465224603"></testcase>
    <testcase name="Test case #18.4.20" time="2.3740873978"></testcase>
    <testcase name="Test case #18.4.21" time="26.502130076"></testcase>
    <testcase name="Test case #18.4.22" time="9.1650861459"></testcase>
    <testcase name="Test case #18.4.23" time="29.3912189046"></testcase>
    <testcase name="Test case #18.4.24" time="25.987259949"></testcase>
    <testcase name="Test case #18.4.25" time="4.1198459967"></testcase>
    <testcase name="Test case #18.4.26" time="23.1364030580"></testcase>
    <testcase name="Test case #18.4.27" time="24.918891649"></testcase>
    <testcase name="Test case #18.4.28" time="13.16479555"></testcase>
    <testcase name="Test case #18.4.29" time="14.2553804525"></testcase>
    <testcase name="Test case #18.4.30" time="20.4016745377"></testcase>
    <testcase name="Test case #18.4.31" time="16.1917250628"></testcase>
    <testcase name="Test case #18.4.32" time="11.2426878055"></testcase>
    <testcase name="Test case #18.4.33" time="8.2820127610"></testcase>
    <testcase name="Test case #18.4.34" time="1.129785573"></testcase>
  </testsuite>
</testsuites>