<?xml version="1.0"?>
<testsuites name="Test #11">
  <testsuite name="Test results #11.1">
    <testcase name="Test case #11.1.1" time="7.670124858"></testcase>
    <testcase name="Test case #11.1.2" time="24.737389588"></testcase>
    <testcase name="Test case #11.1.3" time="5.991089212"></testcase>
    <testcase name="Test case #11.1.4" time="24.4165740661"></testcase>
    <testcase name="Test case #11.1.5" time="1.1597183076"></testcase>
    <testcase name="Test case #11.1.6" time="5.1181602584"></testcase>
    <testcase name="Test case #11.1.7" time="2.374127229"></testcase>
    <testcase name="Test case #11.1.8" time="12.3353313485"></testcase>
    <testcase name="Test case #11.1.9" time="2.3646974200"></testcase>
    <testcase name="Test case #11.1.10" time="28.1411985619"></testcase>
    <testcase name="Test case #11.1.11" time="29.2380074251"></testcase>
    <testcase name="Test case #11.1.12" time="5.2549092703"></testcase>
    <testcase name="Test case #11.1.13" time="7.4190166506"></testcase>
    <testcase name="Test case #11.1.14" time="12.2685069297"></testcase>
    <testcase name="Test case #11.1.15" time="27.1552012857"></testcase>
    <testcase name="Test case #11.1.16" time="15.1795473402"></testcase>
    <testcase name="Test case #11.1.17" time="0.1872494697"></testcase>
    <testcase name="Test case #11.1.18" time="23.500008093"></testcase>
    <testcase name="Test case #11.1.19" time="7.1034491689"></testcase>
    <testcase name="Test case #11.1.20" time="22.3493379421"></testcase>
    <testcase name="Test case #11.1.21" time="8.3909789138"></testcase>
    <testcase name="Test case #11.1.22" time="19.609712397"></testcase>
    <testcase name="Test case #11.1.23" time="14.3569779568"></testcase>
    <testcase name="Test case #11.1.24" time="20.876262623"></testcase>
    <testcase name="Test case #11.1.25" time="28.27130308"></testcase>
    <testcase name="Test case #11.1.26" time="12.639765759"></testcase>
    <testcase name="Test case #11.1.27" time="13.1798388146"></testcase>
    <testcase name="Test case #11.1.28" time="15.4247737168"></testcase>
    <testcase name="Test case #11.1.29" time="1.3778262124"></testcase>
    <testcase name="Test case #11.1.30" time="16.1353240768"></testcase>
    <testcase name="Test case #11.1.31" time="11.223996669"></testcase>
    <testcase name="Test case #11.1.32" time="17.1157621053"></testcase>
    <testcase name="Test case #11.1.33" time="11.3518610440"></testcase>
    <testcase name="Test case #11.1.34" time="17.4073790408"></testcase>
  </testsuite>
  <testsuite name="Test results #11.2">
    <testcase name="Test case #11.2.1" time="0.1478300456"></testcase>
    <testcase name="Test case #11.2.2" time="22.628232942"></testcase>
    <testcase name="Test case #11.2.3" time="29.4213048467"></testcase>
    <testcase name="Test case #11.2.4" time="30.97293928"></testcase>
    <testcase name="Test case #11.2.5" time="8.2876073684"></testcase>
    <testcase name="Test case #11.2.6" time="29.1542541712"></testcase>
    <testcase name="Test case #11.2.7" time="17.1829112294"></testcase>
    <testcase name="Test case #11.2.8" time="8.1257840089"></testcase>
    <testcase name="Test case #11.2.9" time="18.76842426"></testcase>
    <testcase name="Test case #11.2.10" time="11.1000045537"></testcase>
    <testcase name="Test case #11.2.11" time="14.3947541442"></testcase>
    <testcase name="Test case #11.2.12" time="20.1715086635"></testcase>
    <testcase name="Test case #11.2.13" time="3.1243928264"></testcase>
    <testcase name="Test case #11.2.14" time="21.319845063"></testcase>
    <testcase name="Test case #11.2.15" time="5.1795468912"></testcase>
    <testcase name="Test case #11.2.16" time="16.2200055168"></testcase>
    <testcase name="Test case #11.2.17" time="3.102808689"></testcase>
    <testcase name="Test case #11.2.18" time="25.595438823"></testcase>
    <testcase name="Test case #11.2.19" time="4.3308239992"></testcase>
    <testcase name="Test case #11.2.20" time="3.561045975"></testcase>
    <testcase name="Test case #11.2.21" time="0.3512089511"></testcase>
    <testcase name="Test case #11.2.22" time="1.3428411283"></testcase>
    <testcase name="Test case #11.2.23" time="7.934212433"></testcase>
    <testcase name="Test case #11.2.24" time="25.1485304777"></testcase>
    <testcase name="Test case #11.2.25" time="3.2442710885"></testcase>
    <testcase name="Test case #11.2.26" time="19.4242127565"></testcase>
    <testcase name="Test case #11.2.27" time="16.1964440471"></testcase>
    <testcase name="Test case #11.2.28" time="16.1906824629"></testcase>
    <testcase name="Test case #11.2.29" time="6.1723373647"></testcase>
    <testcase name="Test case #11.2.30" time="22.4292176233"></testcase>
    <testcase name="Test case #11.2.31" time="26.1048250646"></testcase>
    <testcase name="Test case #11.2.32" time="3.3269783779"></testcase>
    <testcase name="Test case #11.2.33" time="21.635686652"></testcase>
    <testcase name="Test case #11.2.34" time="13.2084632384"></testcase>
  </testsuite>
  <testsuite name="Test results #11.3">
    <testcase name="Test case #11.3.1" time="5.2504860175"></testcase>
    <testcase name="Test case #11.3.2" time="1.2899108102"></testcase>
    <testcase name="Test case #11.3.3" time="25.3626501571"></testcase>
    <testcase name="Test case #11.3.4" time="13.3371765069"></testcase>
    <testcase name="Test case #11.3.5" time="8.1005880774"></testcase>
    <testcase name="Test case #11.3.6" time="9.2885010334"></testcase>
    <testcase name="Test case #11.3.7" time="26.493526686"></testcase>
    <testcase name="Test case #11.3.8" time="16.3779924657"></testcase>
    <testcase name="Test case #11.3.9" time="18.306319953"></testcase>
    <testcase name="Test case #11.3.10" time="20.1894674101"></testcase>
    <testcase name="Test case #11.3.11" time="28.3689522832"></testcase>
    <testcase name="Test case #11.3.12" time="9.3871809241"></testcase>
    <testcase name="Test case #11.3.13" time="29.3605970060"></testcase>
    <testcase name="Test case #11.3.14" time="15.1061069272"></testcase>
    <testcase name="Test case #11.3.15" time="26.3428936182"></testcase>
    <testcase name="Test case #11.3.16" time="14.3023340195"></testcase>
    <testcase name="Test case #11.3.17" time="2.3193410834"></testcase>
    <testcase name="Test case #11.3.18" time="19.225305619"></testcase>
    <testcase name="Test case #11.3.19" time="15.320377008"></testcase>
    <testcase name="Test case #11.3.20" time="13.3723806438"></testcase>
    <testcase name="Test case #11.3.21" time="2.392671118"></testcase>
    <testcase name="Test case #11.3.22" time="11.3841108575"></testcase>
    <testcase name="Test case #11.3.23" time="19.2847724053"></testcase>
    <testcase name="Test case #11.3.24" time="17.3763357988"></testcase>
    <testcase name="Test case #11.3.25" time="29.721126297"></testcase>
    <testcase name="Test case #11.3.26" time="24.935220752"></testcase>
    <testcase name="Test case #11.3.27" time="29.529145833"></testcase>
    <testcase name="Test case #11.3.28" time="28.285622798"></testcase>
    <testcase name="Test case #11.3.29" time="17.3787661444"></testcase>
    <testcase name="Test case #11.3.30" time="13.202555147"></testcase>
    <testcase name="Test case #11.3.31" time="1.1460885468"></testcase>
    <testcase name="Test case #11.3.32" time="8.2074566913"></testcase>
    <testcase name="Test case #11.3.33" time="11.1195617339"></testcase>
    <testcase name="Test case #11.3.34" time="9.3789654321"></testcase>
  </testsuite>
  <testsuite name="Test results #11.4">
    <testcase name="Test case #11.4.1" time="15.1488250455"></testcase>
    <testcase name="Test case #11.4.2" time="16.1728056808"></testcase>
    <testcase name="Test case #11.4.3" time="0.1960729847"></testcase>
    <testcase name="Test case #11.4.4" time="2.1953859006"></testcase>
    <testcase name="Test case #11.4.5" time="28.1601733062"></testcase>
    <testcase name="Test case #11.4.6" time="6.1479994765"></testcase>
    <testcase name="Test case #11.4.7" time="8.1601029305"></testcase>
    <testcase name="Test case #11.4.8" time="13.3755655952"></testcase>
    <testcase name="Test case #11.4.9" time="22.77776306"></testcase>
    <testcase name="Test case #11.4.10" time="10.2525380201"></testcase>
    <testcase name="Test case #11.4.11" time="5.1540765819"></testcase>
    <testcase name="Test case #11.4.12" time="18.148777719"></testcase>
    <testcase name="Test case #11.4.13" time="5.2009944427"></testcase>
    <testcase name="Test case #11.4.14" time="1.4206368307"></testcase>
    <testcase name="Test case #11.4.15" time="5.3442749340"></testcase>
    <testcase name="Test case #11.4.16" time="15.612308724"></testcase>
    <testcase name="Test case #11.4.17" time="0.3646626342"></testcase>
    <testcase name="Test case #11.4.18" time="27.1264984381"></testcase>
    <testcase name="Test case #11.4.19" time="24.2304467059"></testcase>
    <testcase name="Test case #11.4.20" time="20.1102537034"></testcase>
    <testcase name="Test case #11.4.21" time="7.3026992522"></testcase>
    <testcase name="Test case #11.4.22" time="25.2584051213"></testcase>
    <testcase name="Test case #11.4.23" time="21.2077457290"></testcase>
    <testcase name="Test case #11.4.24" time="0.1891488569"></testcase>
    <testcase name="Test case #11.4.25" time="5.1247852797"></testcase>
    <testcase name="Test case #11.4.26" time="6.2980421200"></testcase>
    <testcase name="Test case #11.4.27" time="22.3908256525"></testcase>
    <testcase name="Test case #11.4.28" time="22.3007845087"></testcase>
    <testcase name="Test case #11.4.29" time="29.2605392936"></testcase>
    <testcase name="Test case #11.4.30" time="0.3329322718"></testcase>
    <testcase name="Test case #11.4.31" time="3.4254332691"></testcase>
    <testcase name="Test case #11.4.32" time="25.1811766010"></testcase>
    <testcase name="Test case #11.4.33" time="28.3381993675"></testcase>
    <testcase name="Test case #11.4.34" time="5.3418643893"></testcase>
  </testsuite>
</testsuites>