<?xml version="1.0"?>
<testsuites name="Test #19">
  <testsuite name="Test results #19.1">
    <testcase name="Test case #19.1.1" time="5.664437180"></testcase>
    <testcase name="Test case #19.1.2" time="21.2000997603"></testcase>
    <testcase name="Test case #19.1.3" time="20.3989950908"></testcase>
    <testcase name="Test case #19.1.4" time="30.3522242988"></testcase>
    <testcase name="Test case #19.1.5" time="2.1414472167"></testcase>
    <testcase name="Test case #19.1.6" time="21.3105669504"></testcase>
    <testcase name="Test case #19.1.7" time="27.2699829437"></testcase>
    <testcase name="Test case #19.1.8" time="25.4185396714"></testcase>
    <testcase name="Test case #19.1.9" time="24.3992250083"></testcase>
    <testcase name="Test case #19.1.10" time="23.2834168079"></testcase>
    <testcase name="Test case #19.1.11" time="9.654353818"></testcase>
    <testcase name="Test case #19.1.12" time="25.1453403822"></testcase>
    <testcase name="Test case #19.1.13" time="30.918584973"></testcase>
    <testcase name="Test case #19.1.14" time="9.814047739"></testcase>
    <testcase name="Test case #19.1.15" time="5.3721402043"></testcase>
    <testcase name="Test case #19.1.16" time="13.2788917006"></testcase>
    <testcase name="Test case #19.1.17" time="27.393586200"></testcase>
    <testcase name="Test case #19.1.18" time="13.3356141941"></testcase>
    <testcase name="Test case #19.1.19" time="22.3862276741"></testcase>
    <testcase name="Test case #19.1.20" time="27.3552776218"></testcase>
    <testcase name="Test case #19.1.21" time="3.1095317231"></testcase>
    <testcase name="Test case #19.1.22" time="30.2935108808"></testcase>
    <testcase name="Test case #19.1.23" time="7.3478534286"></testcase>
    <testcase name="Test case #19.1.24" time="2.3794321253"></testcase>
    <testcase name="Test case #19.1.25" time="14.2751898183"></testcase>
    <testcase name="Test case #19.1.26" time="22.2038969867"></testcase>
    <testcase name="Test case #19.1.27" time="25.1132215557"></testcase>
    <testcase name="Test case #19.1.28" time="21.1493277512"></testcase>
    <testcase name="Test case #19.1.29" time="3.3734428153"></testcase>
    <testcase name="Test case #19.1.30" time="24.489843802"></testcase>
    <testcase name="Test case #19.1.31" time="23.12373394"></testcase>
    <testcase name="Test case #19.1.32" time="7.1217516059"></testcase>
    <testcase name="Test case #19.1.33" time="17.788649178"></testcase>
    <testcase name="Test case #19.1.34" time="13.4179314407"></testcase>
  </testsuite>
  <testsuite name="Test results #19.2">
    <testcase name="Test case #19.2.1" time="28.4047406801"></testcase>
    <testcase name="Test case #19.2.2" time="0.3394985619"></testcase>
    <testcase name="Test case #19.2.3" time="14.289542742"></testcase>
    <testcase name="Test case #19.2.4" time="14.1712778764"></testcase>
    <testcase name="Test case #19.2.5" time="18.2006303702"></testcase>
    <testcase name="Test case #19.2.6" time="0.4040108026"></testcase>
    <testcase name="Test case #19.2.7" time="20.1905465690"></testcase>
    <testcase name="Test case #19.2.8" time="20.1443543153"></testcase>
    <testcase name="Test case #19.2.9" time="13.1820628974"></testcase>
    <testcase name="Test case #19.2.10" time="13.3729566325"></testcase>
    <testcase name="Test case #19.2.11" time="15.1218206288"></testcase>
    <testcase name="Test case #19.2.12" time="6.1003911911"></testcase>
    <testcase name="Test case #19.2.13" time="23.2286640210"></testcase>
    <testcase name="Test case #19.2.14" time="10.1492010696"></testcase>
    <testcase name="Test case #19.2.15" time="4.2556165452"></testcase>
    <testcase name="Test case #19.2.16" time="13.1039749257"></testcase>
    <testcase name="Test case #19.2.17" time="7.126123569"></testcase>
    <testcase name="Test case #19.2.18" time="7.4057273699"></testcase>
    <testcase name="Test case #19.2.19" time="10.1581862277"></testcase>
    <testcase name="Test case #19.2.20" time="3.2586235130"></testcase>
    <testcase name="Test case #19.2.21" time="19.1184410804"></testcase>
    <testcase name="Test case #19.2.22" time="6.2663860706"></testcase>
    <testcase name="Test case #19.2.23" time="19.1206731981"></testcase>
    <testcase name="Test case #19.2.24" time="8.2002731713"></testcase>
    <testcase name="Test case #19.2.25" time="21.2972520073"></testcase>
    <testcase name="Test case #19.2.26" time="13.2403458300"></testcase>
    <testcase name="Test case #19.2.27" time="0.2427776329"></testcase>
    <testcase name="Test case #19.2.28" time="14.2655645138"></testcase>
    <testcase name="Test case #19.2.29" time="1.584707706"></testcase>
    <testcase name="Test case #19.2.30" time="10.688411527"></testcase>
    <testcase name="Test case #19.2.31" time="8.1847123220"></testcase>
    <testcase name="Test case #19.2.32" time="9.1540019605"></testcase>
    <testcase name="Test case #19.2.33" time="26.1718061698"></testcase>
    <testcase name="Test case #19.2.34" time="15.1705089748"></testcase>
  </testsuite>
  <testsuite name="Test results #19.3">
    <testcase name="Test case #19.3.1" time="12.2646614423"></testcase>
    <testcase name="Test case #19.3.2" time="9.3588597508"></testcase>
    <testcase name="Test case #19.3.3" time="15.2116164419"></testcase>
    <testcase name="Test case #19.3.4" time="12.178825515"></testcase>
    <testcase name="Test case #19.3.5" time="20.1359307941"></testcase>
    <testcase name="Test case #19.3.6" time="26.3735083271"></testcase>
    <testcase name="Test case #19.3.7" time="16.1965528715"></testcase>
    <testcase name="Test case #19.3.8" time="16.3386124837"></testcase>
    <testcase name="Test case #19.3.9" time="24.851346779"></testcase>
    <testcase name="Test case #19.3.10" time="3.2786795634"></testcase>
    <testcase name="Test case #19.3.11" time="25.2765450284"></testcase>
    <testcase name="Test case #19.3.12" time="24.1349283163"></testcase>
    <testcase name="Test case #19.3.13" time="2.766942629"></testcase>
    <testcase name="Test case #19.3.14" time="15.684936656"></testcase>
    <testcase name="Test case #19.3.15" time="3.1211882562"></testcase>
    <testcase name="Test case #19.3.16" time="5.1237751635"></testcase>
    <testcase name="Test case #19.3.17" time="22.3719893470"></testcase>
    <testcase name="Test case #19.3.18" time="23.2986871537"></testcase>
    <testcase name="Test case #19.3.19" time="19.628383496"></testcase>
    <testcase name="Test case #19.3.20" time="0.2430827914"></testcase>
    <testcase name="Test case #19.3.21" time="16.904095747"></testcase>
    <testcase name="Test case #19.3.22" time="3.2949868071"></testcase>
    <testcase name="Test case #19.3.23" time="15.1149218413"></testcase>
    <testcase name="Test case #19.3.24" time="16.3599894899"></testcase>
    <testcase name="Test case #19.3.25" time="6.1686947462"></testcase>
    <testcase name="Test case #19.3.26" time="26.1064871402"></testcase>
    <testcase name="Test case #19.3.27" time="14.2356790015"></testcase>
    <testcase name="Test case #19.3.28" time="11.2405779816"></testcase>
    <testcase name="Test case #19.3.29" time="29.3185892817"></testcase>
    <testcase name="Test case #19.3.30" time="6.889585935"></testcase>
    <testcase name="Test case #19.3.31" time="10.3899919932"></testcase>
    <testcase name="Test case #19.3.32" time="25.3284096603"></testcase>
    <testcase name="Test case #19.3.33" time="11.2541081364"></testcase>
    <testcase name="Test case #19.3.34" time="26.1225583706"></testcase>
  </testsuite>
  <testsuite name="Test results #19.4">
    <testcase name="Test case #19.4.1" time="18.158749050"></testcase>
    <testcase name="Test case #19.4.2" time="23.883435189"></testcase>
    <testcase name="Test case #19.4.3" time="26.1039505397"></testcase>
    <testcase name="Test case #19.4.4" time="28.3836288697"></testcase>
    <testcase name="Test case #19.4.5" time="5.3865497591"></testcase>
    <testcase name="Test case #19.4.6" time="5.2936303600"></testcase>
    <testcase name="Test case #19.4.7" time="20.4246328868"></testcase>
    <testcase name="Test case #19.4.8" time="26.824957967"></testcase>
    <testcase name="Test case #19.4.9" time="6.1562686702"></testcase>
    <testcase name="Test case #19.4.10" time="13.3812968125"></testcase>
    <testcase name="Test case #19.4.11" time="22.32963745"></testcase>
    <testcase name="Test case #19.4.12" time="16.442057027"></testcase>
    <testcase name="Test case #19.4.13" time="28.949898304"></testcase>
    <testcase name="Test case #19.4.14" time="30.1532366605"></testcase>
    <testcase name="Test case #19.4.15" time="4.1054938301"></testcase>
    <testcase name="Test case #19.4.16" time="19.4131725351"></testcase>
    <testcase name="Test case #19.4.17" time="21.1996106116"></testcase>
    <testcase name="Test case #19.4.18" time="17.4057925992"></testcase>
    <testcase name="Test case #19.4.19" time="1.1414514326"></testcase>
    <testcase name="Test case #19.4.20" time="2.1945817517"></testcase>
    <testcase name="Test case #19.4.21" time="11.1035354177"></testcase>
    <testcase name="Test case #19.4.22" time="6.46689607"></testcase>
    <testcase name="Test case #19.4.23" time="26.3578584059"></testcase>
    <testcase name="Test case #19.4.24" time="7.4023714045"></testcase>
    <testcase name="Test case #19.4.25" time="29.3262478826"></testcase>
    <testcase name="Test case #19.4.26" time="10.3663194838"></testcase>
    <testcase name="Test case #19.4.27" time="6.2515523220"></testcase>
    <testcase name="Test case #19.4.28" time="30.1437358278"></testcase>
    <testcase name="Test case #19.4.29" time="25.2845065361"></testcase>
    <testcase name="Test case #19.4.30" time="30.1228804981"></testcase>
    <testcase name="Test case #19.4.31" time="28.3793806133"></testcase>
    <testcase name="Test case #19.4.32" time="20.794957871"></testcase>
    <testcase name="Test case #19.4.33" time="19.746734144"></testcase>
    <testcase name="Test case #19.4.34" time="15.1832442506"></testcase>
  </testsuite>
</testsuites>