<?xml version="1.0"?>
<testsuites name="Test #12">
  <testsuite name="Test results #12.1">
    <testcase name="Test case #12.1.1" time="9.520809897"></testcase>
    <testcase name="Test case #12.1.2" time="9.1000141309"></testcase>
    <testcase name="Test case #12.1.3" time="30.1594651961"></testcase>
    <testcase name="Test case #12.1.4" time="11.2896007501"></testcase>
    <testcase name="Test case #12.1.5" time="25.3143423696"></testcase>
    <testcase name="Test case #12.1.6" time="3.3562752550"></testcase>
    <testcase name="Test case #12.1.7" time="8.1274066716"></testcase>
    <testcase name="Test case #12.1.8" time="8.242912086"></testcase>
    <testcase name="Test case #12.1.9" time="22.2486697921"></testcase>
    <testcase name="Test case #12.1.10" time="3.2683780673"></testcase>
    <testcase name="Test case #12.1.11" time="12.1229647926"></testcase>
    <testcase name="Test case #12.1.12" time="24.1210667460"></testcase>
    <testcase name="Test case #12.1.13" time="13.4013723323"></testcase>
    <testcase name="Test case #12.1.14" time="30.4083656370"></testcase>
    <testcase name="Test case #12.1.15" time="4.2202095378"></testcase>
    <testcase name="Test case #12.1.16" time="15.1550961088"></testcase>
    <testcase name="Test case #12.1.17" time="11.1176871967"></testcase>
    <testcase name="Test case #12.1.18" time="4.2523919064"></testcase>
    <testcase name="Test case #12.1.19" time="3.988759788"></testcase>
    <testcase name="Test case #12.1.20" time="27.2072098682"></testcase>
    <testcase name="Test case #12.1.21" time="21.776720545"></testcase>
    <testcase name="Test case #12.1.22" time="1.1582003039"></testcase>
    <testcase name="Test case #12.1.23" time="25.1260777003"></testcase>
    <testcase name="Test case #12.1.24" time="25.2890430831"></testcase>
    <testcase name="Test case #12.1.25" time="17.667268834"></testcase>
    <testcase name="Test case #12.1.26" time="28.1050754318"></testcase>
    <testcase name="Test case #12.1.27" time="6.563008893"></testcase>
    <testcase name="Test case #12.1.28" time="25.3463920127"></testcase>
    <testcase name="Test case #12.1.29" time="15.1504835853"></testcase>
    <testcase name="Test case #12.1.30" time="6.2009258792"></testcase>
    <testcase name="Test case #12.1.31" time="25.2072685879"></testcase>
    <testcase name="Test case #12.1.32" time="3.1511180588"></testcase>
    <testcase name="Test case #12.1.33" time="10.2695487666"></testcase>
    <testcase name="Test case #12.1.34" time="8.4253593354"></testcase>
  </testsuite>
  <testsuite name="Test results #12.2">
    <testcase name="Test case #12.2.1" time="15.3671749714"></testcase>
    <testcase name="Test case #12.2.2" time="29.658076818"></testcase>
    <testcase name="Test case #12.2.3" time="29.2042344577"></testcase>
    <testcase name="Test case #12.2.4" time="6.2298143992"></testcase>
    <testcase name="Test case #12.2.5" time="23.4215828289"></testcase>
    <testcase name="Test case #12.2.6" time="4.501437663"></testcase>
    <testcase name="Test case #12.2.7" time="10.1603236407"></testcase>
    <testcase name="Test case #12.2.8" time="24.1662324811"></testcase>
    <testcase name="Test case #12.2.9" time="1.583005232"></testcase>
    <testcase name="Test case #12.2.10" time="7.94928163"></testcase>
    <testcase name="Test case #12.2.11" time="19.4219545897"></testcase>
    <testcase name="Test case #12.2.12" time="29.2084000602"></testcase>
    <testcase name="Test case #12.2.13" time="9.3479905843"></testcase>
    <testcase name="Test case #12.2.14" time="15.459064825"></testcase>
    <testcase name="Test case #12.2.15" time="5.3806343818"></testcase>
    <testcase name="Test case #12.2.16" time="21.1224013956"></testcase>
    <testcase name="Test case #12.2.17" time="5.2918036152"></testcase>
    <testcase name="Test case #12.2.18" time="17.4047532504"></testcase>
    <testcase name="Test case #12.2.19" time="2.3697649032"></testcase>
    <testcase name="Test case #12.2.20" time="16.2119543842"></testcase>
    <testcase name="Test case #12.2.21" time="8.1138237599"></testcase>
    <testcase name="Test case #12.2.22" time="7.2862599595"></testcase>
    <testcase name="Test case #12.2.23" time="12.1845148421"></testcase>
    <testcase name="Test case #12.2.24" time="25.533716367"></testcase>
    <testcase name="Test case #12.2.25" time="29.1599409705"></testcase>
    <testcase name="Test case #12.2.26" time="7.3974212994"></testcase>
    <testcase name="Test case #12.2.27" time="28.1601861735"></testcase>
    <testcase name="Test case #12.2.28" time="16.451056051"></testcase>
    <testcase name="Test case #12.2.29" time="26.12655396"></testcase>
    <testcase name="Test case #12.2.30" time="6.2322174837"></testcase>
    <testcase name="Test case #12.2.31" time="9.2583917319"></testcase>
    <testcase name="Test case #12.2.32" time="26.4289275132"></testcase>
    <testcase name="Test case #12.2.33" time="10.404882923"></testcase>
    <testcase name="Test case #12.2.34" time="10.1436736905"></testcase>
  </testsuite>
  <testsuite name="Test results #12.3">
    <testcase name="Test case #12.3.1" time="10.1366040316"></testcase>
    <testcase name="Test case #12.3.2" time="23.157170416"></testcase>
    <testcase name="Test case #12.3.3" time="28.1293427400"></testcase>
    <testcase name="Test case #12.3.4" time="28.977131148"></testcase>
    <testcase name="Test case #12.3.5" time="2.1426175891"></testcase>
    <testcase name="Test case #12.3.6" time="2.3494603030"></testcase>
    <testcase name="Test case #12.3.7" time="4.1971256950"></testcase>
    <testcase name="Test case #12.3.8" time="6.2352898374"></testcase>
    <testcase name="Test case #12.3.9" time="22.3420010081"></testcase>
    <testcase name="Test case #12.3.10" time="15.948350844"></testcase>
    <testcase name="Test case #12.3.11" time="22.3885056879"></testcase>
    <testcase name="Test case #12.3.12" time="4.2303373888"></testcase>
    <testcase name="Test case #12.3.13" time="16.3185462202"></testcase>
    <testcase name="Test case #12.3.14" time="11.2028407619"></testcase>
    <testcase name="Test case #12.3.15" time="21.3742958857"></testcase>
    <testcase name="Test case #12.3.16" time="12.3290176849"></testcase>
    <testcase name="Test case #12.3.17" time="12.1064294689"></testcase>
    <testcase name="Test case #12.3.18" time="8.25794872"></testcase>
    <testcase name="Test case #12.3.19" time="5.3742431867"></testcase>
    <testcase name="Test case #12.3.20" time="26.3353132378"></testcase>
    <testcase name="Test case #12.3.21" time="8.396953854"></testcase>
    <testcase name="Test case #12.3.22" time="0.1895264208"></testcase>
    <testcase name="Test case #12.3.23" time="7.3980545227"></testcase>
    <testcase name="Test case #12.3.24" time="28.3369286596"></testcase>
    <testcase name="Test case #12.3.25" time="15.450592216"></testcase>
    <testcase name="Test case #12.3.26" time="18.297397373"></testcase>
    <testcase name="Test case #12.3.27" time="26.3107429614"></testcase>
    <testcase name="Test case #12.3.28" time="3.1552407473"></testcase>
    <testcase name="Test case #12.3.29" time="7.2140679185"></testcase>
    <testcase name="Test case #12.3.30" time="29.3071734890"></testcase>
    <testcase name="Test case #12.3.31" time="8.2738292310"></testcase>
    <testcase name="Test case #12.3.32" time="9.2795594086"></testcase>
    <testcase name="Test case #12.3.33" time="26.1089255038"></testcase>
    <testcase name="Test case #12.3.34" time="14.3542393767"></testcase>
  </testsuite>
  <testsuite name="Test results #12.4">
    <testcase name="Test case #12.4.1" time="12.680277002"></testcase>
    <testcase name="Test case #12.4.2" time="9.1864474463"></testcase>
    <testcase name="Test case #12.4.3" time="8.1377763190"></testcase>
    <testcase name="Test case #12.4.4" time="2.3508703962"></testcase>
    <testcase name="Test case #12.4.5" time="29.686835590"></testcase>
    <testcase name="Test case #12.4.6" time="21.3926575318"></testcase>
    <testcase name="Test case #12.4.7" time="5.929746884"></testcase>
    <testcase name="Test case #12.4.8" time="14.881131027"></testcase>
    <testcase name="Test case #12.4.9" time="11.1395195461"></testcase>
    <testcase name="Test case #12.4.10" time="9.2680725238"></testcase>
    <testcase name="Test case #12.4.11" time="19.2663685978"></testcase>
    <testcase name="Test case #12.4.12" time="24.2721808671"></testcase>
    <testcase name="Test case #12.4.13" time="10.2862283546"></testcase>
    <testcase name="Test case #12.4.14" time="25.4179829543"></testcase>
    <testcase name="Test case #12.4.15" time="29.336264988"></testcase>
    <testcase name="Test case #12.4.16" time="21.931244380"></testcase>
    <testcase name="Test case #12.4.17" time="25.3807327197"></testcase>
    <testcase name="Test case #12.4.18" time="26.1684493236"></testcase>
    <testcase name="Test case #12.4.19" time="26.3934749726"></testcase>
    <testcase name="Test case #12.4.20" time="5.2458752711"></testcase>
    <testcase name="Test case #12.4.21" time="13.592607071"></testcase>
    <testcase name="Test case #12.4.22" time="4.526877249"></testcase>
    <testcase name="Test case #12.4.23" time="25.1201460441"></testcase>
    <testcase name="Test case #12.4.24" time="0.2893735708"></testcase>
    <testcase name="Test case #12.4.25" time="18.3831218994"></testcase>
    <testcase name="Test case #12.4.26" time="5.2523377042"></testcase>
    <testcase name="Test case #12.4.27" time="17.3608149455"></testcase>
    <testcase name="Test case #12.4.28" time="16.5182978"></testcase>
    <testcase name="Test case #12.4.29" time="29.145757368"></testcase>
    <testcase name="Test case #12.4.30" time="27.4223676335"></testcase>
    <testcase name="Test case #12.4.31" time="3.4160900384"></testcase>
    <testcase name="Test case #12.4.32" time="4.3112834340"></testcase>
    <testcase name="Test case #12.4.33" time="16.2726800666"></testcase>
    <testcase name="Test case #12.4.34" time="26.3631866330"></testcase>
  </testsuite>
</testsuites>