<?xml version="1.0"?>
<testsuites name="Test #20">
  <testsuite name="Test results #20.1">
    <testcase name="Test case #20.1.1" time="12.2008652391"></testcase>
    <testcase name="Test case #20.1.2" time="24.2686627528"></testcase>
    <testcase name="Test case #20.1.3" time="13.1768788488"></testcase>
    <testcase name="Test case #20.1.4" time="9.2713649496"></testcase>
    <testcase name="Test case #20.1.5" time="12.3890851978"></testcase>
    <testcase name="Test case #20.1.6" time="24.3650442578"></testcase>
    <testcase name="Test case #20.1.7" time="20.2545375514"></testcase>
    <testcase name="Test case #20.1.8" time="18.1575718439"></testcase>
    <testcase name="Test case #20.1.9" time="4.1326732332"></testcase>
    <testcase name="Test case #20.1.10" time="28.2704784114"></testcase>
    <testcase name="Test case #20.1.11" time="16.891097847"></testcase>
    <testcase name="Test case #20.1.12" time="21.505301083"></testcase>
    <testcase name="Test case #20.1.13" time="18.2534812951"></testcase>
    <testcase name="Test case #20.1.14" time="11.3853603832"></testcase>
    <testcase name="Test case #20.1.15" time="10.1317157397"></testcase>
    <testcase name="Test case #20.1.16" time="29.395371349"></testcase>
    <testcase name="Test case #20.1.17" time="16.2790457747"></testcase>
    <testcase name="Test case #20.1.18" time="14.3592860016"></testcase>
    <testcase name="Test case #20.1.19" time="24.4062133842"></testcase>
    <testcase name="Test case #20.1.20" time="16.4195871260"></testcase>
    <testcase name="Test case #20.1.21" time="9.2627386141"></testcase>
    <testcase name="Test case #20.1.22" time="19.2899483210"></testcase>
    <testcase name="Test case #20.1.23" time="16.3318964487"></testcase>
    <testcase name="Test case #20.1.24" time="15.3377853092"></testcase>
    <testcase name="Test case #20.1.25" time="16.3116025726"></testcase>
    <testcase name="Test case #20.1.26" time="11.1408481747"></testcase>
    <testcase name="Test case #20.1.27" time="18.3954578872"></testcase>
    <testcase name="Test case #20.1.28" time="11.3760347550"></testcase>
    <testcase name="Test case #20.1.29" time="28.3233855733"></testcase>
    <testcase name="Test case #20.1.30" time="29.322298535"></testcase>
    <testcase name="Test case #20.1.31" time="28.1206738815"></testcase>
    <testcase name="Test case #20.1.32" time="23.3622959964"></testcase>
    <testcase name="Test case #20.1.33" time="22.3721474932"></testcase>
    <testcase name="Test case #20.1.34" time="14.2872291900"></testcase>
  </testsuite>
  <testsuite name="Test results #20.2">
    <testcase name="Test case #20.2.1" time="0.3496728858"></testcase>
    <testcase name="Test case #20.2.2" time="12.591369868"></testcase>
    <testcase name="Test case #20.2.3" time="6.3627999713"></testcase>
    <testcase name="Test case #20.2.4" time="26.3625055867"></testcase>
    <testcase name="Test case #20.2.5" time="23.2761479623"></testcase>
    <testcase name="Test case #20.2.6" time="3.1670970448"></testcase>
    <testcase name="Test case #20.2.7" time="12.785969541"></testcase>
    <testcase name="Test case #20.2.8" time="21.311402873"></testcase>
    <testcase name="Test case #20.2.9" time="5.779203782"></testcase>
    <testcase name="Test case #20.2.10" time="1.2537066983"></testcase>
    <testcase name="Test case #20.2.11" time="22.2892941050"></testcase>
    <testcase name="Test case #20.2.12" time="15.4014273298"></testcase>
    <testcase name="Test case #20.2.13" time="1.3874165547"></testcase>
    <testcase name="Test case #20.2.14" time="14.2135724270"></testcase>
    <testcase name="Test case #20.2.15" time="18.614074195"></testcase>
    <testcase name="Test case #20.2.16" time="5.2348425004"></testcase>
    <testcase name="Test case #20.2.17" time="27.3225343353"></testcase>
    <testcase name="Test case #20.2.18" time="11.3392912382"></testcase>
    <testcase name="Test case #20.2.19" time="27.2139891637"></testcase>
    <testcase name="Test case #20.2.20" time="4.3403096745"></testcase>
    <testcase name="Test case #20.2.21" time="0.798436343"></testcase>
    <testcase name="Test case #20.2.22" time="4.1062109864"></testcase>
    <testcase name="Test case #20.2.23" time="15.262270108"></testcase>
    <testcase name="Test case #20.2.24" time="9.657192506"></testcase>
    <testcase name="Test case #20.2.25" time="10.3890710738"></testcase>
    <testcase name="Test case #20.2.26" time="28.1778403455"></testcase>
    <testcase name="Test case #20.2.27" time="10.4098914317"></testcase>
    <testcase name="Test case #20.2.28" time="5.1437574714"></testcase>
    <testcase name="Test case #20.2.29" time="21.2108368949"></testcase>
    <testcase name="Test case #20.2.30" time="8.1876017092"></testcase>
    <testcase name="Test case #20.2.31" time="29.3799102929"></testcase>
    <testcase name="Test case #20.2.32" time="27.3506540649"></testcase>
    <testcase name="Test case #20.2.33" time="5.1762154757"></testcase>
    <testcase name="Test case #20.2.34" time="19.1024155524"></testcase>
  </testsuite>
  <testsuite name="Test results #20.3">
    <testcase name="Test case #20.3.1" time="22.801642134"></testcase>
    <testcase name="Test case #20.3.2" time="23.1258902901"></testcase>
    <testcase name="Test case #20.3.3" time="0.1756029434"></testcase>
    <testcase name="Test case #20.3.4" time="17.1707178627"></testcase>
    <testcase name="Test case #20.3.5" time="24.3018284417"></testcase>
    <testcase name="Test case #20.3.6" time="21.3298638645"></testcase>
    <testcase name="Test case #20.3.7" time="28.4054722602"></testcase>
    <testcase name="Test case #20.3.8" time="2.3157542510"></testcase>
    <testcase name="Test case #20.3.9" time="19.832819540"></testcase>
    <testcase name="Test case #20.3.10" time="3.3641571516"></testcase>
    <testcase name="Test case #20.3.11" time="15.677599654"></testcase>
    <testcase name="Test case #20.3.12" time="25.3414732679"></testcase>
    <testcase name="Test case #20.3.13" time="0.2707341497"></testcase>
    <testcase name="Test case #20.3.14" time="22.4020031732"></testcase>
    <testcase name="Test case #20.3.15" time="21.1602207893"></testcase>
    <testcase name="Test case #20.3.16" time="10.3826564245"></testcase>
    <testcase name="Test case #20.3.17" time="18.550563624"></testcase>
    <testcase name="Test case #20.3.18" time="15.1908750822"></testcase>
    <testcase name="Test case #20.3.19" time="17.3556641353"></testcase>
    <testcase name="Test case #20.3.20" time="30.1381230642"></testcase>
    <testcase name="Test case #20.3.21" time="28.3098787888"></testcase>
    <testcase name="Test case #20.3.22" time="5.3314193578"></testcase>
    <testcase name="Test case #20.3.23" time="17.4119241793"></testcase>
    <testcase name="Test case #20.3.24" time="19.1252743184"></testcase>
    <testcase name="Test case #20.3.25" time="17.3912337396"></testcase>
    <testcase name="Test case #20.3.26" time="2.4145700320"></testcase>
    <testcase name="Test case #20.3.27" time="28.115776279"></testcase>
    <testcase name="Test case #20.3.28" time="14.1854995958"></testcase>
    <testcase name="Test case #20.3.29" time="20.401419136"></testcase>
    <testcase name="Test case #20.3.30" time="14.3946838422"></testcase>
    <testcase name="Test case #20.3.31" time="19.3733514905"></testcase>
    <testcase name="Test case #20.3.32" time="0.3455143068"></testcase>
    <testcase name="Test case #20.3.33" time="28.3895296948"></testcase>
    <testcase name="Test case #20.3.34" time="13.509503149"></testcase>
  </testsuite>
  <testsuite name="Test results #20.4">
    <testcase name="Test case #20.4.1" time="7.1607115176"></testcase>
    <testcase name="Test case #20.4.2" time="5.1839794645"></testcase>
    <testcase name="Test case #20.4.3" time="20.859436478"></testcase>
    <testcase name="Test case #20.4.4" time="24.1512028998"></testcase>
    <testcase name="Test case #20.4.5" time="9.3543180288"></testcase>
    <testcase name="Test case #20.4.6" time="26.3344956255"></testcase>
    <testcase name="Test case #20.4.7" time="30.3025187183"></testcase>
    <testcase name="Test case #20.4.8" time="0.68442018"></testcase>
    <testcase name="Test case #20.4.9" time="2.4030496541"></testcase>
    <testcase name="Test case #20.4.10" time="24.587581589"></testcase>
    <testcase name="Test case #20.4.11" time="21.2278175809"></testcase>
    <testcase name="Test case #20.4.12" time="18.2213722591"></testcase>
    <testcase name="Test case #20.4.13" time="30.4145343027"></testcase>
    <testcase name="Test case #20.4.14" time="29.902881619"></testcase>
    <testcase name="Test case #20.4.15" time="5.3597444871"></testcase>
    <testcase name="Test case #20.4.16" time="25.3551088077"></testcase>
    <testcase name="Test case #20.4.17" time="4.1298667204"></testcase>
    <testcase name="Test case #20.4.18" time="14.3018574945"></testcase>
    <testcase name="Test case #20.4.19" time="28.3524570223"></testcase>
    <testcase name="Test case #20.4.20" time="5.277963395"></testcase>
    <testcase name="Test case #20.4.21" time="13.2825589297"></testcase>
    <testcase name="Test case #20.4.22" time="17.2159234417"></testcase>
    <testcase name="Test case #20.4.23" time="6.2520352323"></testcase>
    <testcase name="Test case #20.4.24" time="3.146907668"></testcase>
    <testcase name="Test case #20.4.25" time="15.1990046079"></testcase>
    <testcase name="Test case #20.4.26" time="4.3438023240"></testcase>
    <testcase name="Test case #20.4.27" time="4.1145636946"></testcase>
    <testcase name="Test case #20.4.28" time="1.1535836030"></testcase>
    <testcase name="Test case #20.4.29" time="21.2394781617"></testcase>
    <testcase name="Test case #20.4.30" time="20.1157176064"></testcase>
    <testcase name="Test case #20.4.31" time="14.3067653760"></testcase>
    <testcase name="Test case #20.4.32" time="14.4049060274"></testcase>
    <testcase name="Test case #20.4.33" time="17.2317339810"></testcase>
    <testcase name="Test case #20.4.34" time="30.4191346440"></testcase>
  </testsuite>
</testsuites>