<?xml version="1.0"?>
<testsuites name="Test #3">
  <testsuite name="Test results #3.1">
    <testcase name="Test case #3.1.1" time="5.2930629474"></testcase>
    <testcase name="Test case #3.1.2" time="5.2205911739"></testcase>
    <testcase name="Test case #3.1.3" time="16.3580586881"></testcase>
    <testcase name="Test case #3.1.4" time="3.1432468770"></testcase>
    <testcase name="Test case #3.1.5" time="14.1814883562"></testcase>
    <testcase name="Test case #3.1.6" time="16.945451725"></testcase>
    <testcase name="Test case #3.1.7" time="4.1325848127"></testcase>
    <testcase name="Test case #3.1.8" time="11.196722268"></testcase>
    <testcase name="Test case #3.1.9" time="10.2363814963"></testcase>
    <testcase name="Test case #3.1.10" time="12.370829515"></testcase>
    <testcase name="Test case #3.1.11" time="12.2386318199"></testcase>
    <testcase name="Test case #3.1.12" time="17.3323557791"></testcase>
    <testcase name="Test case #3.1.13" time="12.1053287804"></testcase>
    <testcase name="Test case #3.1.14" time="0.3541873165"></testcase>
    <testcase name="Test case #3.1.15" time="6.2329949973"></testcase>
    <testcase name="Test case #3.1.16" time="13.29982875"></testcase>
    <testcase name="Test case #3.1.17" time="16.7805960"></testcase>
    <testcase name="Test case #3.1.18" time="16.3138398416"></testcase>
    <testcase name="Test case #3.1.19" time="14.2616245680"></testcase>
    <testcase name="Test case #3.1.20" time="15.550012330"></testcase>
    <testcase name="Test case #3.1.21" time="10.269139283"></testcase>
    <testcase name="Test case #3.1.22" time="16.19488408"></testcase>
    <testcase name="Test case #3.1.23" time="19.2749345229"></testcase>
    <testcase name="Test case #3.1.24" time="11.3155721091"></testcase>
    <testcase name="Test case #3.1.25" time="0.3435197453"></testcase>
    <testcase name="Test case #3.1.26" time="3.1319061668"></testcase>
    <testcase name="Test case #3.1.27" time="0.2878756977"></testcase>
    <testcase name="Test case #3.1.28" time="4.1002809905"></testcase>
    <testcase name="Test case #3.1.29" time="11.1543477600"></testcase>
    <testcase name="Test case #3.1.30" time="17.2086315857"></testcase>
    <testcase name="Test case #3.1.31" time="12.213682300"></testcase>
    <testcase name="Test case #3.1.32" time="12.3630501101"></testcase>
    <testcase name="Test case #3.1.33" time="9.2285623572"></testcase>
    <testcase name="Test case #3.1.34" time="1.2228946610"></testcase>
  </testsuite>
  <testsuite name="Test results #3.2">
    <testcase name="Test case #3.2.1" time="11.3819286497"></testcase>
    <testcase name="Test case #3.2.2" time="18.812050169"></testcase>
    <testcase name="Test case #3.2.3" time="2.734110813"></testcase>
    <testcase name="Test case #3.2.4" time="11.2203919499"></testcase>
    <testcase name="Test case #3.2.5" time="15.3951541408"></testcase>
    <testcase name="Test case #3.2.6" time="20.3710086304"></testcase>
    <testcase name="Test case #3.2.7" time="16.3057155005"></testcase>
    <testcase name="Test case #3.2.8" time="10.1549123654"></testcase>
    <testcase name="Test case #3.2.9" time="6.2528032744"></testcase>
    <testcase name="Test case #3.2.10" time="1.1384465299"></testcase>
    <testcase name="Test case #3.2.11" time="11.1701214095"></testcase>
    <testcase name="Test case #3.2.12" time="17.3827111241"></testcase>
    <testcase name="Test case #3.2.13" time="8.1754841688"></testcase>
    <testcase name="Test case #3.2.14" time="2.1561453474"></testcase>
    <testcase name="Test case #3.2.15" time="12.5403141"></testcase>
    <testcase name="Test case #3.2.16" time="16.41530677"></testcase>
    <testcase name="Test case #3.2.17" time="20.3187530714"></testcase>
    <testcase name="Test case #3.2.18" time="17.4204719999"></testcase>
    <testcase name="Test case #3.2.19" time="17.2040118892"></testcase>
    <testcase name="Test case #3.2.20" time="2.195340165"></testcase>
    <testcase name="Test case #3.2.21" time="8.884400642"></testcase>
    <testcase name="Test case #3.2.22" time="4.2377796964"></testcase>
    <testcase name="Test case #3.2.23" time="10.2155275385"></testcase>
    <testcase name="Test case #3.2.24" time="10.1000243999"></testcase>
    <testcase name="Test case #3.2.25" time="14.3455183785"></testcase>
    <testcase name="Test case #3.2.26" time="1.3969996340"></testcase>
    <testcase name="Test case #3.2.27" time="12.57430786"></testcase>
    <testcase name="Test case #3.2.28" time="5.113847882"></testcase>
    <testcase name="Test case #3.2.29" time="10.1656311840"></testcase>
    <testcase name="Test case #3.2.30" time="13.3490869961"></testcase>
    <testcase name="Test case #3.2.31" time="6.355690716"></testcase>
    <testcase name="Test case #3.2.32" time="6.3430698204"></testcase>
    <testcase name="Test case #3.2.33" time="18.1098846442"></testcase>
    <testcase name="Test case #3.2.34" time="7.2791633647"></testcase>
  </testsuite>
  <testsuite name="Test results #3.3">
    <testcase name="Test case #3.3.1" time="0.1712981724"></testcase>
    <testcase name="Test case #3.3.2" time="13.945007275"></testcase>
    <testcase name="Test case #3.3.3" time="13.1002431271"></testcase>
    <testcase name="Test case #3.3.4" time="17.3834443742"></testcase>
    <testcase name="Test case #3.3.5" time="8.2152360469"></testcase>
    <testcase name="Test case #3.3.6" time="2.2102622502"></testcase>
    <testcase name="Test case #3.3.7" time="16.2248606231"></testcase>
    <testcase name="Test case #3.3.8" time="8.810891552"></testcase>
    <testcase name="Test case #3.3.9" time="9.1018838204"></testcase>
    <testcase name="Test case #3.3.10" time="5.565938950"></testcase>
    <testcase name="Test case #3.3.11" time="10.995862752"></testcase>
    <testcase name="Test case #3.3.12" time="15.1881854955"></testcase>
    <testcase name="Test case #3.3.13" time="13.2711469873"></testcase>
    <testcase name="Test case #3.3.14" time="7.1082866509"></testcase>
    <testcase name="Test case #3.3.15" time="17.1581366169"></testcase>
    <testcase name="Test case #3.3.16" time="1.3989336146"></testcase>
    <testcase name="Test case #3.3.17" time="8.3710051553"></testcase>
    <testcase name="Test case #3.3.18" time="12.3445035264"></testcase>
    <testcase name="Test case #3.3.19" time="12.3208999527"></testcase>
    <testcase name="Test case #3.3.20" time="13.190534834"></testcase>
    <testcase name="Test case #3.3.21" time="7.1174333061"></testcase>
    <testcase name="Test case #3.3.22" time="6.2293271998"></testcase>
    <testcase name="Test case #3.3.23" time="9.404541097"></testcase>
    <testcase name="Test case #3.3.24" time="15.675296925"></testcase>
    <testcase name="Test case #3.3.25" time="20.4229513898"></testcase>
    <testcase name="Test case #3.3.26" time="17.3167236917"></testcase>
    <testcase name="Test case #3.3.27" time="1.3394875043"></testcase>
    <testcase name="Test case #3.3.28" time="18.2369752918"></testcase>
    <testcase name="Test case #3.3.29" time="12.3303641409"></testcase>
    <testcase name="Test case #3.3.30" time="3.2795304258"></testcase>
    <testcase name="Test case #3.3.31" time="19.609899069"></testcase>
    <testcase name="Test case #3.3.32" time="12.949405901"></testcase>
    <testcase name="Test case #3.3.33" time="0.3140787597"></testcase>
    <testcase name="Test case #3.3.34" time="14.1123082269"></testcase>
  </testsuite>
  <testsuite name="Test results #3.4">
    <testcase name="Test case #3.4.1" time="8.3593899852"></testcase>
    <testcase name="Test case #3.4.2" time="15.2452813537"></testcase>
    <testcase name="Test case #3.4.3" time="0.283965387"></testcase>
    <testcase name="Test case #3.4.4" time="17.2478492274"></testcase>
    <testcase name="Test case #3.4.5" time="17.3495294862"></testcase>
    <testcase name="Test case #3.4.6" time="11.3425875736"></testcase>
    <testcase name="Test case #3.4.7" time="7.2256328968"></testcase>
    <testcase name="Test case #3.4.8" time="20.1909706848"></testcase>
    <testcase name="Test case #3.4.9" time="5.873955823"></testcase>
    <testcase name="Test case #3.4.10" time="1.52951122"></testcase>
    <testcase name="Test case #3.4.11" time="8.309567253"></testcase>
    <testcase name="Test case #3.4.12" time="9.4219193116"></testcase>
    <testcase name="Test case #3.4.13" time="14.3859811040"></testcase>
    <testcase name="Test case #3.4.14" time="9.4158715932"></testcase>
    <testcase name="Test case #3.4.15" time="16.420289441"></testcase>
    <testcase name="Test case #3.4.16" time="0.2774987890"></testcase>
    <testcase name="Test case #3.4.17" time="16.3434513029"></testcase>
    <testcase name="Test case #3.4.18" time="11.725609740"></testcase>
    <testcase name="Test case #3.4.19" time="7.2199510800"></testcase>
    <testcase name="Test case #3.4.20" time="19.3124182281"></testcase>
    <testcase name="Test case #3.4.21" time="3.420552266"></testcase>
    <testcase name="Test case #3.4.22" time="16.716445012"></testcase>
    <testcase name="Test case #3.4.23" time="13.762969855"></testcase>
    <testcase name="Test case #3.4.24" time="15.2067585200"></testcase>
    <testcase name="Test case #3.4.25" time="8.3179605642"></testcase>
    <testcase name="Test case #3.4.26" time="6.802658676"></testcase>
    <testcase name="Test case #3.4.27" time="8.344551660"></testcase>
    <testcase name="Test case #3.4.28" time="5.3203953874"></testcase>
    <testcase name="Test case #3.4.29" time="17.2577972554"></testcase>
    <testcase name="Test case #3.4.30" time="12.2357799177"></testcase>
    <testcase name="Test case #3.4.31" time="20.446816642"></testcase>
    <testcase name="Test case #3.4.32" time="3.2733069581"></testcase>
    <testcase name="Test case #3.4.33" time="2.734967673"></testcase>
    <testcase name="Test case #3.4.34" time="17.3975576282"></testcase>
  </testsuite>
</testsuites>