<?xml version="1.0"?>
<testsuites name="Test #17">
  <testsuite name="Test results #17.1">
    <testcase name="Test case #17.1.1" time="28.860814248"></testcase>
    <testcase name="Test case #17.1.2" time="1.1428897516"></testcase>
    <testcase name="Test case #17.1.3" time="1.1328064458"></testcase>
    <testcase name="Test case #17.1.4" time="29.1945159737"></testcase>
    <testcase name="Test case #17.1.5" time="15.3603303431"></testcase>
    <testcase name="Test case #17.1.6" time="24.2695865762"></testcase>
    <testcase name="Test case #17.1.7" time="2.1752074159"></testcase>
    <testcase name="Test case #17.1.8" time="0.2972158612"></testcase>
    <testcase name="Test case #17.1.9" time="28.223269262"></testcase>
    <testcase name="Test case #17.1.10" time="10.2995719386"></testcase>
    <testcase name="Test case #17.1.11" time="16.1372921260"></testcase>
    <testcase name="Test case #17.1.12" time="4.2785866336"></testcase>
    <testcase name="Test case #17.1.13" time="23.3130032685"></testcase>
    <testcase name="Test case #17.1.14" time="4.2013227786"></testcase>
    <testcase name="Test case #17.1.15" time="23.2521236884"></testcase>
    <testcase name="Test case #17.1.16" time="19.2660273644"></testcase>
    <testcase name="Test case #17.1.17" time="30.3749530508"></testcase>
    <testcase name="Test case #17.1.18" time="5.3200659537"></testcase>
    <testcase name="Test case #17.1.19" time="8.2461262082"></testcase>
    <testcase name="Test case #17.1.20" time="5.693066982"></testcase>
    <testcase name="Test case #17.1.21" time="2.1713062653"></testcase>
    <testcase name="Test case #17.1.22" time="27.2595164133"></testcase>
    <testcase name="Test case #17.1.23" time="8.3576718983"></testcase>
    <testcase name="Test case #17.1.24" time="15.2565125692"></testcase>
    <testcase name="Test case #17.1.25" time="29.4082790579"></testcase>
    <testcase name="Test case #17.1.26" time="9.3018575809"></testcase>
    <testcase name="Test case #17.1.27" time="20.1395412331"></testcase>
    <testcase name="Test case #17.1.28" time="20.816620849"></testcase>
    <testcase name="Test case #17.1.29" time="30.2666983534"></testcase>
    <testcase name="Test case #17.1.30" time="19.2733030692"></testcase>
    <testcase name="Test case #17.1.31" time="22.2456034194"></testcase>
    <testcase name="Test case #17.1.32" time="17.192915469"></testcase>
    <testcase name="Test case #17.1.33" time="24.3636793761"></testcase>
    <testcase name="Test case #17.1.34" time="28.3315196116"></testcase>
  </testsuite>
  <testsuite name="Test results #17.2">
    <testcase name="Test case #17.2.1" time="19.2408619851"></testcase>
    <testcase name="Test case #17.2.2" time="26.1509173067"></testcase>
    <testcase name="Test case #17.2.3" time="6.2610659010"></testcase>
    <testcase name="Test case #17.2.4" time="15.1936531402"></testcase>
    <testcase name="Test case #17.2.5" time="20.3427597521"></testcase>
    <testcase name="Test case #17.2.6" time="13.1971784261"></testcase>
    <testcase name="Test case #17.2.7" time="18.1331639473"></testcase>
    <testcase name="Test case #17.2.8" time="19.1896636485"></testcase>
    <testcase name="Test case #17.2.9" time="23.4118990281"></testcase>
    <testcase name="Test case #17.2.10" time="17.2077728675"></testcase>
    <testcase name="Test case #17.2.11" time="13.3613615385"></testcase>
    <testcase name="Test case #17.2.12" time="6.165866288"></testcase>
    <testcase name="Test case #17.2.13" time="13.1125221394"></testcase>
    <testcase name="Test case #17.2.14" time="4.3079272039"></testcase>
    <testcase name="Test case #17.2.15" time="10.4101916711"></testcase>
    <testcase name="Test case #17.2.16" time="29.2022780547"></testcase>
    <testcase name="Test case #17.2.17" time="27.1131167400"></testcase>
    <testcase name="Test case #17.2.18" time="25.1517037660"></testcase>
    <testcase name="Test case #17.2.19" time="8.18017366"></testcase>
    <testcase name="Test case #17.2.20" time="29.1363569891"></testcase>
    <testcase name="Test case #17.2.21" time="0.3096793114"></testcase>
    <testcase name="Test case #17.2.22" time="23.2644693551"></testcase>
    <testcase name="Test case #17.2.23" time="2.344886765"></testcase>
    <testcase name="Test case #17.2.24" time="9.3727549653"></testcase>
    <testcase name="Test case #17.2.25" time="11.536928257"></testcase>
    <testcase name="Test case #17.2.26" time="17.908148707"></testcase>
    <testcase name="Test case #17.2.27" time="0.3443945189"></testcase>
    <testcase name="Test case #17.2.28" time="22.981065031"></testcase>
    <testcase name="Test case #17.2.29" time="17.4188041572"></testcase>
    <testcase name="Test case #17.2.30" time="3.2783795431"></testcase>
    <testcase name="Test case #17.2.31" time="3.433170170"></testcase>
    <testcase name="Test case #17.2.32" time="28.3199186592"></testcase>
    <testcase name="Test case #17.2.33" time="27.1239181958"></testcase>
    <testcase name="Test case #17.2.34" time="4.3246528377"></testcase>
  </testsuite>
  <testsuite name="Test results #17.3">
    <testcase name="Test case #17.3.1" time="1.2543774571"></testcase>
    <testcase name="Test case #17.3.2" time="11.1618386387"></testcase>
    <testcase name="Test case #17.3.3" time="10.1523916076"></testcase>
    <testcase name="Test case #17.3.4" time="19.156692341"></testcase>
    <testcase name="Test case #17.3.5" time="5.140476678"></testcase>
    <testcase name="Test case #17.3.6" time="26.2118014755"></testcase>
    <testcase name="Test case #17.3.7" time="30.4152193461"></testcase>
    <testcase name="Test case #17.3.8" time="27.371805691"></testcase>
    <testcase name="Test case #17.3.9" time="3.1181334915"></testcase>
    <testcase name="Test case #17.3.10" time="28.1403388531"></testcase>
    <testcase name="Test case #17.3.11" time="20.342344326"></testcase>
    <testcase name="Test case #17.3.12" time="2.2591556649"></testcase>
    <testcase name="Test case #17.3.13" time="18.354025221"></testcase>
    <testcase name="Test case #17.3.14" time="13.876467213"></testcase>
    <testcase name="Test case #17.3.15" time="27.4243561193"></testcase>
    <testcase name="Test case #17.3.16" time="24.157310945"></testcase>
    <testcase name="Test case #17.3.17" time="29.394205898"></testcase>
    <testcase name="Test case #17.3.18" time="3.15021396"></testcase>
    <testcase name="Test case #17.3.19" time="27.536268250"></testcase>
    <testcase name="Test case #17.3.20" time="18.585477536"></testcase>
    <testcase name="Test case #17.3.21" time="14.429943144"></testcase>
    <testcase name="Test case #17.3.22" time="0.3919987734"></testcase>
    <testcase name="Test case #17.3.23" time="7.2053967610"></testcase>
    <testcase name="Test case #17.3.24" time="6.4188485674"></testcase>
    <testcase name="Test case #17.3.25" time="10.4108876581"></testcase>
    <testcase name="Test case #17.3.26" time="9.1478956760"></testcase>
    <testcase name="Test case #17.3.27" time="24.2600028931"></testcase>
    <testcase name="Test case #17.3.28" time="28.60639947"></testcase>
    <testcase name="Test case #17.3.29" time="9.2578605487"></testcase>
    <testcase name="Test case #17.3.30" time="3.163725224"></testcase>
    <testcase name="Test case #17.3.31" time="20.4232973940"></testcase>
    <testcase name="Test case #17.3.32" time="4.1179893011"></testcase>
    <testcase name="Test case #17.3.33" time="15.3777114148"></testcase>
    <testcase name="Test case #17.3.34" time="11.2955164283"></testcase>
  </testsuite>
  <testsuite name="Test results #17.4">
    <testcase name="Test case #17.4.1" time="21.655588438"></testcase>
    <testcase name="Test case #17.4.2" time="12.4132668156"></testcase>
    <testcase name="Test case #17.4.3" time="8.46707106"></testcase>
    <testcase name="Test case #17.4.4" time="26.1046629566"></testcase>
    <testcase name="Test case #17.4.5" time="18.2520382017"></testcase>
    <testcase name="Test case #17.4.6" time="13.426691556"></testcase>
    <testcase name="Test case #17.4.7" time="24.1708813366"></testcase>
    <testcase name="Test case #17.4.8" time="4.848051461"></testcase>
    <testcase name="Test case #17.4.9" time="30.4213427169"></testcase>
    <testcase name="Test case #17.4.10" time="19.3835248858"></testcase>
    <testcase name="Test case #17.4.11" time="30.2532981619"></testcase>
    <testcase name="Test case #17.4.12" time="11.3186603461"></testcase>
    <testcase name="Test case #17.4.13" time="18.4012801829"></testcase>
    <testcase name="Test case #17.4.14" time="16.1308116212"></testcase>
    <testcase name="Test case #17.4.15" time="23.4015201478"></testcase>
    <testcase name="Test case #17.4.16" time="9.2671427954"></testcase>
    <testcase name="Test case #17.4.17" time="5.4290083471"></testcase>
    <testcase name="Test case #17.4.18" time="18.1717997388"></testcase>
    <testcase name="Test case #17.4.19" time="5.1560627317"></testcase>
    <testcase name="Test case #17.4.20" time="20.1897235833"></testcase>
    <testcase name="Test case #17.4.21" time="28.2942059907"></testcase>
    <testcase name="Test case #17.4.22" time="0.1940485420"></testcase>
    <testcase name="Test case #17.4.23" time="27.804703350"></testcase>
    <testcase name="Test case #17.4.24" time="10.2937222590"></testcase>
    <testcase name="Test case #17.4.25" time="21.2401150627"></testcase>
    <testcase name="Test case #17.4.26" time="11.3125906782"></testcase>
    <testcase name="Test case #17.4.27" time="23.3274156286"></testcase>
    <testcase name="Test case #17.4.28" time="23.343319928"></testcase>
    <testcase name="Test case #17.4.29" time="7.990065011"></testcase>
    <testcase name="Test case #17.4.30" time="21.151055013"></testcase>
    <testcase name="Test case #17.4.31" time="9.767785609"></testcase>
    <testcase name="Test case #17.4.32" time="7.2072589594"></testcase>
    <testcase name="Test case #17.4.33" time="7.924421373"></testcase>
    <testcase name="Test case #17.4.34" time="9.2751297060"></testcase>
  </testsuite>
</testsuites>