<?xml version="1.0"?>
<testsuites name="Test #15">
  <testsuite name="Test results #15.1">
    <testcase name="Test case #15.1.1" time="27.4162255223"></testcase>
    <testcase name="Test case #15.1.2" time="28.2303454743"></testcase>
    <testcase name="Test case #15.1.3" time="29.891047517"></testcase>
    <testcase name="Test case #15.1.4" time="14.1312568187"></testcase>
    <testcase name="Test case #15.1.5" time="6.2621132480"></testcase>
    <testcase name="Test case #15.1.6" time="29.1843478163"></testcase>
    <testcase name="Test case #15.1.7" time="9.2610518758"></testcase>
    <testcase name="Test case #15.1.8" time="16.4051293140"></testcase>
    <testcase name="Test case #15.1.9" time="23.3688008942"></testcase>
    <testcase name="Test case #15.1.10" time="21.3735147590"></testcase>
    <testcase name="Test case #15.1.11" time="20.472019243"></testcase>
    <testcase name="Test case #15.1.12" time="23.716604483"></testcase>
    <testcase name="Test case #15.1.13" time="21.1981866476"></testcase>
    <testcase name="Test case #15.1.14" time="18.1757294107"></testcase>
    <testcase name="Test case #15.1.15" time="25.3460166789"></testcase>
    <testcase name="Test case #15.1.16" time="22.2658416686"></testcase>
    <testcase name="Test case #15.1.17" time="15.1317394392"></testcase>
    <testcase name="Test case #15.1.18" time="29.4140600341"></testcase>
    <testcase name="Test case #15.1.19" time="26.4170075644"></testcase>
    <testcase name="Test case #15.1.20" time="13.2575297506"></testcase>
    <testcase name="Test case #15.1.21" time="0.772682707"></testcase>
    <testcase name="Test case #15.1.22" time="17.3311701199"></testcase>
    <testcase name="Test case #15.1.23" time="30.149992583"></testcase>
    <testcase name="Test case #15.1.24" time="27.2519042994"></testcase>
    <testcase name="Test case #15.1.25" time="9.1833094319"></testcase>
    <testcase name="Test case #15.1.26" time="27.728350883"></testcase>
    <testcase name="Test case #15.1.27" time="19.851449660"></testcase>
    <testcase name="Test case #15.1.28" time="22.3052638434"></testcase>
    <testcase name="Test case #15.1.29" time="12.4257691874"></testcase>
    <testcase name="Test case #15.1.30" time="10.3354582250"></testcase>
    <testcase name="Test case #15.1.31" time="12.2320066304"></testcase>
    <testcase name="Test case #15.1.32" time="4.1992943775"></testcase>
    <testcase name="Test case #15.1.33" time="29.601519192"></testcase>
    <testcase name="Test case #15.1.34" time="13.3306829255"></testcase>
  </testsuite>
  <testsuite name="Test results #15.2">
    <testcase name="Test case #15.2.1" time="4.3111995047"></testcase>
    <testcase name="Test case #15.2.2" time="28.278055326"></testcase>
    <testcase name="Test case #15.2.3" time="7.2731353460"></testcase>
    <testcase name="Test case #15.2.4" time="11.2452551758"></testcase>
    <testcase name="Test case #15.2.5" time="22.3826628919"></testcase>
    <testcase name="Test case #15.2.6" time="30.2038270449"></testcase>
    <testcase name="Test case #15.2.7" time="21.3804663075"></testcase>
    <testcase name="Test case #15.2.8" time="21.1422102821"></testcase>
    <testcase name="Test case #15.2.9" time="18.284106510"></testcase>
    <testcase name="Test case #15.2.10" time="15.1677509799"></testcase>
    <testcase name="Test case #15.2.11" time="17.2864396784"></testcase>
    <testcase name="Test case #15.2.12" time="21.3281494119"></testcase>
    <testcase name="Test case #15.2.13" time="5.3566372227"></testcase>
    <testcase name="Test case #15.2.14" time="22.3029473542"></testcase>
    <testcase name="Test case #15.2.15" time="2.2673477416"></testcase>
    <testcase name="Test case #15.2.16" time="25.3298534964"></testcase>
    <testcase name="Test case #15.2.17" time="15.2743712310"></testcase>
    <testcase name="Test case #15.2.18" time="5.1742366299"></testcase>
    <testcase name="Test case #15.2.19" time="26.915185587"></testcase>
    <testcase name="Test case #15.2.20" time="17.1657348506"></testcase>
    <testcase name="Test case #15.2.21" time="14.2141052798"></testcase>
    <testcase name="Test case #15.2.22" time="2.1092863291"></testcase>
    <testcase name="Test case #15.2.23" time="19.686842555"></testcase>
    <testcase name="Test case #15.2.24" time="29.2611437418"></testcase>
    <testcase name="Test case #15.2.25" time="12.1956864307"></testcase>
    <testcase name="Test case #15.2.26" time="13.3394365802"></testcase>
    <testcase name="Test case #15.2.27" time="28.1921822709"></testcase>
    <testcase name="Test case #15.2.28" time="24.4286508608"></testcase>
    <testcase name="Test case #15.2.29" time="8.3188047539"></testcase>
    <testcase name="Test case #15.2.30" time="12.2958107050"></testcase>
    <testcase name="Test case #15.2.31" time="20.2712015623"></testcase>
    <testcase name="Test case #15.2.32" time="14.3259091454"></testcase>
    <testcase name="Test case #15.2.33" time="2.2481162808"></testcase>
    <testcase name="Test case #15.2.34" time="24.353299754"></testcase>
  </testsuite>
  <testsuite name="Test results #15.3">
    <testcase name="Test case #15.3.1" time="3.711043894"></testcase>
    <testcase name="Test case #15.3.2" time="16.733447688"></testcase>
    <testcase name="Test case #15.3.3" time="20.3963331425"></testcase>
    <testcase name="Test case #15.3.4" time="3.4034175281"></testcase>
    <testcase name="Test case #15.3.5" time="28.2213895788"></testcase>
    <testcase name="Test case #15.3.6" time="17.541514377"></testcase>
    <testcase name="Test case #15.3.7" time="12.3900861736"></testcase>
    <testcase name="Test case #15.3.8" time="27.2638848541"></testcase>
    <testcase name="Test case #15.3.9" time="25.1762344234"></testcase>
    <testcase name="Test case #15.3.10" time="29.1348343229"></testcase>
    <testcase name="Test case #15.3.11" time="0.2755277330"></testcase>
    <testcase name="Test case #15.3.12" time="30.1208697773"></testcase>
    <testcase name="Test case #15.3.13" time="9.1230942333"></testcase>
    <testcase name="Test case #15.3.14" time="11.2360532151"></testcase>
    <testcase name="Test case #15.3.15" time="24.2998924617"></testcase>
    <testcase name="Test case #15.3.16" time="10.1975445717"></testcase>
    <testcase name="Test case #15.3.17" time="8.1878242440"></testcase>
    <testcase name="Test case #15.3.18" time="26.814514462"></testcase>
    <testcase name="Test case #15.3.19" time="20.3839878530"></testcase>
    <testcase name="Test case #15.3.20" time="6.1518700616"></testcase>
    <testcase name="Test case #15.3.21" time="5.2670611830"></testcase>
    <testcase name="Test case #15.3.22" time="30.1460234198"></testcase>
    <testcase name="Test case #15.3.23" time="17.1495521777"></testcase>
    <testcase name="Test case #15.3.24" time="14.3220111910"></testcase>
    <testcase name="Test case #15.3.25" time="18.1088083484"></testcase>
    <testcase name="Test case #15.3.26" time="9.3902606176"></testcase>
    <testcase name="Test case #15.3.27" time="7.41057267"></testcase>
    <testcase name="Test case #15.3.28" time="24.1200822959"></testcase>
    <testcase name="Test case #15.3.29" time="30.1611507349"></testcase>
    <testcase name="Test case #15.3.30" time="26.1266650578"></testcase>
    <testcase name="Test case #15.3.31" time="24.2382363177"></testcase>
    <testcase name="Test case #15.3.32" time="5.2316449234"></testcase>
    <testcase name="Test case #15.3.33" time="21.2480136034"></testcase>
    <testcase name="Test case #15.3.34" time="27.163889115"></testcase>
  </testsuite>
  <testsuite name="Test results #15.4">
    <testcase name="Test case #15.4.1" time="29.2644768104"></testcase>
    <testcase name="Test case #15.4.2" time="20.1801786858"></testcase>
    <testcase name="Test case #15.4.3" time="22.3361238717"></testcase>
    <testcase name="Test case #15.4.4" time="17.3447507962"></testcase>
    <testcase name="Test case #15.4.5" time="23.426881543"></testcase>
    <testcase name="Test case #15.4.6" time="3.2380004321"></testcase>
    <testcase name="Test case #15.4.7" time="7.642041278"></testcase>
    <testcase name="Test case #15.4.8" time="0.1014896854"></testcase>
    <testcase name="Test case #15.4.9" time="10.4083647980"></testcase>
    <testcase name="Test case #15.4.10" time="7.3471306502"></testcase>
    <testcase name="Test case #15.4.11" time="11.3194725717"></testcase>
    <testcase name="Test case #15.4.12" time="20.1718336969"></testcase>
    <testcase name="Test case #15.4.13" time="6.1897047917"></testcase>
    <testcase name="Test case #15.4.14" time="4.3623948740"></testcase>
    <testcase name="Test case #15.4.15" time="0.3408170477"></testcase>
    <testcase name="Test case #15.4.16" time="14.3549379439"></testcase>
    <testcase name="Test case #15.4.17" time="16.4288068765"></testcase>
    <testcase name="Test case #15.4.18" time="13.1760274123"></testcase>
    <testcase name="Test case #15.4.19" time="2.3652303212"></testcase>
    <testcase name="Test case #15.4.20" time="1.613275863"></testcase>
    <testcase name="Test case #15.4.21" time="12.3670911968"></testcase>
    <testcase name="Test case #15.4.22" time="29.1553035170"></testcase>
    <testcase name="Test case #15.4.23" time="30.3618280455"></testcase>
    <testcase name="Test case #15.4.24" time="14.80943471"></testcase>
    <testcase name="Test case #15.4.25" time="15.507526779"></testcase>
    <testcase name="Test case #15.4.26" time="27.1625082057"></testcase>
    <testcase name="Test case #15.4.27" time="26.4104599719"></testcase>
    <testcase name="Test case #15.4.28" time="16.1761156840"></testcase>
    <testcase name="Test case #15.4.29" time="22.4017627247"></testcase>
    <testcase name="Test case #15.4.30" time="18.3167441982"></testcase>
    <testcase name="Test case #15.4.31" time="23.2251594542"></testcase>
    <testcase name="Test case #15.4.32" time="11.1661625220"></testcase>
    <testcase name="Test case #15.4.33" time="10.3448201523"></testcase>
    <testcase name="Test case #15.4.34" time="29.2363365697"></testcase>
  </testsuite>
</testsuites>