<?xml version="1.0"?>
<testsuites name="Test #8">
  <testsuite name="Test results #8.1">
    <testcase name="Test case #8.1.1" time="12.355453858"></testcase>
    <testcase name="Test case #8.1.2" time="15.3225317583"></testcase>
    <testcase name="Test case #8.1.3" time="9.2947653387"></testcase>
    <testcase name="Test case #8.1.4" time="30.2790569904"></testcase>
    <testcase name="Test case #8.1.5" time="19.1208534231"></testcase>
    <testcase name="Test case #8.1.6" time="20.4197456805"></testcase>
    <testcase name="Test case #8.1.7" time="27.3574657729"></testcase>
    <testcase name="Test case #8.1.8" time="21.669809226"></testcase>
    <testcase name="Test case #8.1.9" time="11.1206841662"></testcase>
    <testcase name="Test case #8.1.10" time="11.3154159665"></testcase>
    <testcase name="Test case #8.1.11" time="17.797208500"></testcase>
    <testcase name="Test case #8.1.12" time="6.211359346"></testcase>
    <testcase name="Test case #8.1.13" time="9.3819937249"></testcase>
    <testcase name="Test case #8.1.14" time="0.4263590004"></testcase>
    <testcase name="Test case #8.1.15" time="26.462219065"></testcase>
    <testcase name="Test case #8.1.16" time="16.2269020638"></testcase>
    <testcase name="Test case #8.1.17" time="29.756755008"></testcase>
    <testcase name="Test case #8.1.18" time="20.4119749194"></testcase>
    <testcase name="Test case #8.1.19" time="6.1552311158"></testcase>
    <testcase name="Test case #8.1.20" time="11.1772314005"></testcase>
    <testcase name="Test case #8.1.21" time="18.2565856492"></testcase>
    <testcase name="Test case #8.1.22" time="26.88461836"></testcase>
    <testcase name="Test case #8.1.23" time="9.213447934"></testcase>
    <testcase name="Test case #8.1.24" time="3.3573372952"></testcase>
    <testcase name="Test case #8.1.25" time="14.1949552296"></testcase>
    <testcase name="Test case #8.1.26" time="5.728139019"></testcase>
    <testcase name="Test case #8.1.27" time="5.1365992748"></testcase>
    <testcase name="Test case #8.1.28" time="0.24665614"></testcase>
    <testcase name="Test case #8.1.29" time="15.2874441377"></testcase>
    <testcase name="Test case #8.1.30" time="27.2135461104"></testcase>
    <testcase name="Test case #8.1.31" time="27.1804196256"></testcase>
    <testcase name="Test case #8.1.32" time="2.216860492"></testcase>
    <testcase name="Test case #8.1.33" time="18.1423164728"></testcase>
    <testcase name="Test case #8.1.34" time="26.1338792521"></testcase>
  </testsuite>
  <testsuite name="Test results #8.2">
    <testcase name="Test case #8.2.1" time="6.267837729"></testcase>
    <testcase name="Test case #8.2.2" time="25.1293991874"></testcase>
    <testcase name="Test case #8.2.3" time="0.2288826113"></testcase>
    <testcase name="Test case #8.2.4" time="14.2441363283"></testcase>
    <testcase name="Test case #8.2.5" time="1.2734942617"></testcase>
    <testcase name="Test case #8.2.6" time="25.604047667"></testcase>
    <testcase name="Test case #8.2.7" time="26.4183195285"></testcase>
    <testcase name="Test case #8.2.8" time="1.1452113750"></testcase>
    <testcase name="Test case #8.2.9" time="5.4063675281"></testcase>
    <testcase name="Test case #8.2.10" time="18.2799607520"></testcase>
    <testcase name="Test case #8.2.11" time="30.4063585432"></testcase>
    <testcase name="Test case #8.2.12" time="2.2234389182"></testcase>
    <testcase name="Test case #8.2.13" time="1.274960679"></testcase>
    <testcase name="Test case #8.2.14" time="6.2219439176"></testcase>
    <testcase name="Test case #8.2.15" time="0.3690425166"></testcase>
    <testcase name="Test case #8.2.16" time="29.4052180532"></testcase>
    <testcase name="Test case #8.2.17" time="13.444872421"></testcase>
    <testcase name="Test case #8.2.18" time="4.4044378913"></testcase>
    <testcase name="Test case #8.2.19" time="23.1327415835"></testcase>
    <testcase name="Test case #8.2.20" time="14.1889005491"></testcase>
    <testcase name="Test case #8.2.21" time="28.533216554"></testcase>
    <testcase name="Test case #8.2.22" time="5.2300611491"></testcase>
    <testcase name="Test case #8.2.23" time="30.494829084"></testcase>
    <testcase name="Test case #8.2.24" time="5.1661777618"></testcase>
    <testcase name="Test case #8.2.25" time="6.908473466"></testcase>
    <testcase name="Test case #8.2.26" time="26.2422076237"></testcase>
    <testcase name="Test case #8.2.27" time="18.4049262514"></testcase>
    <testcase name="Test case #8.2.28" time="17.2109281730"></testcase>
    <testcase name="Test case #8.2.29" time="15.531006462"></testcase>
    <testcase name="Test case #8.2.30" time="0.899436930"></testcase>
    <testcase name="Test case #8.2.31" time="25.3868144896"></testcase>
    <testcase name="Test case #8.2.32" time="21.436426927"></testcase>
    <testcase name="Test case #8.2.33" time="27.1427982448"></testcase>
    <testcase name="Test case #8.2.34" time="21.1185375631"></testcase>
  </testsuite>
  <testsuite name="Test results #8.3">
    <testcase name="Test case #8.3.1" time="12.3837041268"></testcase>
    <testcase name="Test case #8.3.2" time="17.3329339675"></testcase>
    <testcase name="Test case #8.3.3" time="27.1531850669"></testcase>
    <testcase name="Test case #8.3.4" time="20.3429561889"></testcase>
    <testcase name="Test case #8.3.5" time="24.339109038"></testcase>
    <testcase name="Test case #8.3.6" time="17.1610822550"></testcase>
    <testcase name="Test case #8.3.7" time="17.3688158327"></testcase>
    <testcase name="Test case #8.3.8" time="21.2301947479"></testcase>
    <testcase name="Test case #8.3.9" time="30.1293094285"></testcase>
    <testcase name="Test case #8.3.10" time="18.267409104"></testcase>
    <testcase name="Test case #8.3.11" time="9.3827720043"></testcase>
    <testcase name="Test case #8.3.12" time="2.2843749273"></testcase>
    <testcase name="Test case #8.3.13" time="30.840029825"></testcase>
    <testcase name="Test case #8.3.14" time="24.28352983"></testcase>
    <testcase name="Test case #8.3.15" time="2.2208046771"></testcase>
    <testcase name="Test case #8.3.16" time="21.2449478827"></testcase>
    <testcase name="Test case #8.3.17" time="25.3581968014"></testcase>
    <testcase name="Test case #8.3.18" time="15.3785001118"></testcase>
    <testcase name="Test case #8.3.19" time="25.1355170635"></testcase>
    <testcase name="Test case #8.3.20" time="18.276715494"></testcase>
    <testcase name="Test case #8.3.21" time="18.188406493"></testcase>
    <testcase name="Test case #8.3.22" time="18.3696674872"></testcase>
    <testcase name="Test case #8.3.23" time="0.741029"></testcase>
    <testcase name="Test case #8.3.24" time="27.3272140490"></testcase>
    <testcase name="Test case #8.3.25" time="1.4130919910"></testcase>
    <testcase name="Test case #8.3.26" time="20.3204511352"></testcase>
    <testcase name="Test case #8.3.27" time="22.2323807345"></testcase>
    <testcase name="Test case #8.3.28" time="22.2124658790"></testcase>
    <testcase name="Test case #8.3.29" time="15.4134998652"></testcase>
    <testcase name="Test case #8.3.30" time="24.4174141888"></testcase>
    <testcase name="Test case #8.3.31" time="6.1777349402"></testcase>
    <testcase name="Test case #8.3.32" time="21.1075600612"></testcase>
    <testcase name="Test case #8.3.33" time="22.3811817412"></testcase>
    <testcase name="Test case #8.3.34" time="24.3951726103"></testcase>
  </testsuite>
  <testsuite name="Test results #8.4">
    <testcase name="Test case #8.4.1" time="28.2717000590"></testcase>
    <testcase name="Test case #8.4.2" time="28.4203360586"></testcase>
    <testcase name="Test case #8.4.3" time="5.1706478364"></testcase>
    <testcase name="Test case #8.4.4" time="15.3479134832"></testcase>
    <testcase name="Test case #8.4.5" time="25.3368471078"></testcase>
    <testcase name="Test case #8.4.6" time="10.679698788"></testcase>
    <testcase name="Test case #8.4.7" time="2.1188309939"></testcase>
    <testcase name="Test case #8.4.8" time="19.3560820964"></testcase>
    <testcase name="Test case #8.4.9" time="25.1673307155"></testcase>
    <testcase name="Test case #8.4.10" time="16.4178615734"></testcase>
    <testcase name="Test case #8.4.11" time="21.2018688112"></testcase>
    <testcase name="Test case #8.4.12" time="21.2982675538"></testcase>
    <testcase name="Test case #8.4.13" time="16.3794424017"></testcase>
    <testcase name="Test case #8.4.14" time="4.2743030306"></testcase>
    <testcase name="Test case #8.4.15" time="6.3214922560"></testcase>
    <testcase name="Test case #8.4.16" time="12.2357163693"></testcase>
    <testcase name="Test case #8.4.17" time="5.1667478495"></testcase>
    <testcase name="Test case #8.4.18" time="10.3180664833"></testcase>
    <testcase name="Test case #8.4.19" time="10.2133042750"></testcase>
    <testcase name="Test case #8.4.20" time="5.198659488"></testcase>
    <testcase name="Test case #8.4.21" time="18.3928220531"></testcase>
    <testcase name="Test case #8.4.22" time="29.3489070835"></testcase>
    <testcase name="Test case #8.4.23" time="30.2108213635"></testcase>
    <testcase name="Test case #8.4.24" time="27.4193797803"></testcase>
    <testcase name="Test case #8.4.25" time="1.340696108"></testcase>
    <testcase name="Test case #8.4.26" time="17.2877739632"></testcase>
    <testcase name="Test case #8.4.27" time="26.2484470988"></testcase>
    <testcase name="Test case #8.4.28" time="30.355519478"></testcase>
    <testcase name="Test case #8.4.29" time="19.926425279"></testcase>
    <testcase name="Test case #8.4.30" time="23.748041535"></testcase>
    <testcase name="Test case #8.4.31" time="17.3943947552"></testcase>
    <testcase name="Test case #8.4.32" time="19.189298897"></testcase>
    <testcase name="Test case #8.4.33" time="20.2152157638"></testcase>
    <testcase name="Test case #8.4.34" time="14.3207650488"></testcase>
  </testsuite>
</testsuites>