<?xml version="1.0"?>
<testsuites name="Test #16">
  <testsuite name="Test results #16.1">
    <testcase name="Test case #16.1.1" time="25.4196556513"></testcase>
    <testcase name="Test case #16.1.2" time="29.3908584160"></testcase>
    <testcase name="Test case #16.1.3" time="24.3318298548"></testcase>
    <testcase name="Test case #16.1.4" time="4.84203126"></testcase>
    <testcase name="Test case #16.1.5" time="1.32378017"></testcase>
    <testcase name="Test case #16.1.6" time="19.1719577976"></testcase>
    <testcase name="Test case #16.1.7" time="13.985437062"></testcase>
    <testcase name="Test case #16.1.8" time="0.3112537062"></testcase>
    <testcase name="Test case #16.1.9" time="19.2966092204"></testcase>
    <testcase name="Test case #16.1.10" time="5.2318561884"></testcase>
    <testcase name="Test case #16.1.11" time="7.402227375"></testcase>
    <testcase name="Test case #16.1.12" time="25.727170103"></testcase>
    <testcase name="Test case #16.1.13" time="13.4010663045"></testcase>
    <testcase name="Test case #16.1.14" time="6.289638849"></testcase>
    <testcase name="Test case #16.1.15" time="17.3105148546"></testcase>
    <testcase name="Test case #16.1.16" time="23.4081512763"></testcase>
    <testcase name="Test case #16.1.17" time="4.3164890553"></testcase>
    <testcase name="Test case #16.1.18" time="19.1000714754"></testcase>
    <testcase name="Test case #16.1.19" time="10.1821624873"></testcase>
    <testcase name="Test case #16.1.20" time="5.4049607164"></testcase>
    <testcase name="Test case #16.1.21" time="24.2122397490"></testcase>
    <testcase name="Test case #16.1.22" time="5.1291843267"></testcase>
    <testcase name="Test case #16.1.23" time="20.2168257729"></testcase>
    <testcase name="Test case #16.1.24" time="8.3034333102"></testcase>
    <testcase name="Test case #16.1.25" time="4.2699918771"></testcase>
    <testcase name="Test case #16.1.26" time="26.61943363"></testcase>
    <testcase name="Test case #16.1.27" time="24.3158635327"></testcase>
    <testcase name="Test case #16.1.28" time="30.4272065897"></testcase>
    <testcase name="Test case #16.1.29" time="0.965503282"></testcase>
    <testcase name="Test case #16.1.30" time="15.142991882"></testcase>
    <testcase name="Test case #16.1.31" time="13.2093651133"></testcase>
    <testcase name="Test case #16.1.32" time="11.2082378825"></testcase>
    <testcase name="Test case #16.1.33" time="17.2811534487"></testcase>
    <testcase name="Test case #16.1.34" time="19.240959386"></testcase>
  </testsuite>
  <testsuite name="Test results #16.2">
    <testcase name="Test case #16.2.1" time="1.397870267"></testcase>
    <testcase name="Test case #16.2.2" time="21.3255831428"></testcase>
    <testcase name="Test case #16.2.3" time="17.215624265"></testcase>
    <testcase name="Test case #16.2.4" time="17.3264448273"></testcase>
    <testcase name="Test case #16.2.5" time="22.1712383870"></testcase>
    <testcase name="Test case #16.2.6" time="22.1624114980"></testcase>
    <testcase name="Test case #16.2.7" time="25.2918335711"></testcase>
    <testcase name="Test case #16.2.8" time="5.3762495010"></testcase>
    <testcase name="Test case #16.2.9" time="4.2823060238"></testcase>
    <testcase name="Test case #16.2.10" time="12.141031355"></testcase>
    <testcase name="Test case #16.2.11" time="27.1002806975"></testcase>
    <testcase name="Test case #16.2.12" time="10.263574813"></testcase>
    <testcase name="Test case #16.2.13" time="8.152639760"></testcase>
    <testcase name="Test case #16.2.14" time="26.3630908717"></testcase>
    <testcase name="Test case #16.2.15" time="20.4088309835"></testcase>
    <testcase name="Test case #16.2.16" time="25.2093430189"></testcase>
    <testcase name="Test case #16.2.17" time="22.3519938317"></testcase>
    <testcase name="Test case #16.2.18" time="21.882076430"></testcase>
    <testcase name="Test case #16.2.19" time="22.2626212201"></testcase>
    <testcase name="Test case #16.2.20" time="13.3833676410"></testcase>
    <testcase name="Test case #16.2.21" time="1.3752768987"></testcase>
    <testcase name="Test case #16.2.22" time="14.428210770"></testcase>
    <testcase name="Test case #16.2.23" time="23.829697849"></testcase>
    <testcase name="Test case #16.2.24" time="27.2051291672"></testcase>
    <testcase name="Test case #16.2.25" time="14.1412318353"></testcase>
    <testcase name="Test case #16.2.26" time="14.326365915"></testcase>
    <testcase name="Test case #16.2.27" time="2.1367958089"></testcase>
    <testcase name="Test case #16.2.28" time="12.375412647"></testcase>
    <testcase name="Test case #16.2.29" time="21.143669303"></testcase>
    <testcase name="Test case #16.2.30" time="3.2046667167"></testcase>
    <testcase name="Test case #16.2.31" time="4.3269380589"></testcase>
    <testcase name="Test case #16.2.32" time="11.4221477936"></testcase>
    <testcase name="Test case #16.2.33" time="20.3577457992"></testcase>
    <testcase name="Test case #16.2.34" time="6.3559422402"></testcase>
  </testsuite>
  <testsuite name="Test results #16.3">
    <testcase name="Test case #16.3.1" time="20.2806627198"></testcase>
    <testcase name="Test case #16.3.2" time="14.651883958"></testcase>
    <testcase name="Test case #16.3.3" time="21.4036080184"></testcase>
    <testcase name="Test case #16.3.4" time="0.2652509479"></testcase>
    <testcase name="Test case #16.3.5" time="13.3367471608"></testcase>
    <testcase name="Test case #16.3.6" time="21.1252302000"></testcase>
    <testcase name="Test case #16.3.7" time="21.3920442762"></testcase>
    <testcase name="Test case #16.3.8" time="4.3915056484"></testcase>
    <testcase name="Test case #16.3.9" time="19.4060925313"></testcase>
    <testcase name="Test case #16.3.10" time="28.3515617510"></testcase>
    <testcase name="Test case #16.3.11" time="22.2787970213"></testcase>
    <testcase name="Test case #16.3.12" time="3.4133865780"></testcase>
    <testcase name="Test case #16.3.13" time="23.2425298289"></testcase>
    <testcase name="Test case #16.3.14" time="15.2016975259"></testcase>
    <testcase name="Test case #16.3.15" time="21.874357490"></testcase>
    <testcase name="Test case #16.3.16" time="10.3446806945"></testcase>
    <testcase name="Test case #16.3.17" time="24.2604389451"></testcase>
    <testcase name="Test case #16.3.18" time="17.610471931"></testcase>
    <testcase name="Test case #16.3.19" time="14.3403570905"></testcase>
    <testcase name="Test case #16.3.20" time="20.2193924187"></testcase>
    <testcase name="Test case #16.3.21" time="6.2156083344"></testcase>
    <testcase name="Test case #16.3.22" time="21.2640226447"></testcase>
    <testcase name="Test case #16.3.23" time="7.2374778478"></testcase>
    <testcase name="Test case #16.3.24" time="22.2607451938"></testcase>
    <testcase name="Test case #16.3.25" time="16.2412697703"></testcase>
    <testcase name="Test case #16.3.26" time="23.4290368742"></testcase>
    <testcase name="Test case #16.3.27" time="19.102188872"></testcase>
    <testcase name="Test case #16.3.28" time="14.2340660633"></testcase>
    <testcase name="Test case #16.3.29" time="24.3313265594"></testcase>
    <testcase name="Test case #16.3.30" time="11.1325034565"></testcase>
    <testcase name="Test case #16.3.31" time="7.2865257582"></testcase>
    <testcase name="Test case #16.3.32" time="16.829429454"></testcase>
    <testcase name="Test case #16.3.33" time="7.333125280"></testcase>
    <testcase name="Test case #16.3.34" time="27.1726602136"></testcase>
  </testsuite>
  <testsuite name="Test results #16.4">
    <testcase name="Test case #16.4.1" time="4.1108354311"></testcase>
    <testcase name="Test case #16.4.2" time="4.4264797667"></testcase>
    <testcase name="Test case #16.4.3" time="17.996469871"></testcase>
    <testcase name="Test case #16.4.4" time="12.1267889288"></testcase>
    <testcase name="Test case #16.4.5" time="13.1007353805"></testcase>
    <testcase name="Test case #16.4.6" time="13.3900576362"></testcase>
    <testcase name="Test case #16.4.7" time="0.197694541"></testcase>
    <testcase name="Test case #16.4.8" time="13.2591425998"></testcase>
    <testcase name="Test case #16.4.9" time="8.13247162"></testcase>
    <testcase name="Test case #16.4.10" time="0.4055483377"></testcase>
    <testcase name="Test case #16.4.11" time="19.159081209"></testcase>
    <testcase name="Test case #16.4.12" time="25.2750954471"></testcase>
    <testcase name="Test case #16.4.13" time="14.3205302896"></testcase>
    <testcase name="Test case #16.4.14" time="17.412141643"></testcase>
    <testcase name="Test case #16.4.15" time="17.135230921"></testcase>
    <testcase name="Test case #16.4.16" time="11.846036548"></testcase>
    <testcase name="Test case #16.4.17" time="8.927991042"></testcase>
    <testcase name="Test case #16.4.18" time="15.93786414"></testcase>
    <testcase name="Test case #16.4.19" time="28.2079102169"></testcase>
    <testcase name="Test case #16.4.20" time="27.3753417837"></testcase>
    <testcase name="Test case #16.4.21" time="12.1884772114"></testcase>
    <testcase name="Test case #16.4.22" time="29.458048908"></testcase>
    <testcase name="Test case #16.4.23" time="30.2676963949"></testcase>
    <testcase name="Test case #16.4.24" time="14.1686692170"></testcase>
    <testcase name="Test case #16.4.25" time="3.1525656244"></testcase>
    <testcase name="Test case #16.4.26" time="18.911429749"></testcase>
    <testcase name="Test case #16.4.27" time="15.564039865"></testcase>
    <testcase name="Test case #16.4.28" time="6.946867829"></testcase>
    <testcase name="Test case #16.4.29" time="28.2930537871"></testcase>
    <testcase name="Test case #16.4.30" time="5.1738510796"></testcase>
    <testcase name="Test case #16.4.31" time="2.400750956"></testcase>
    <testcase name="Test case #16.4.32" time="10.2939034101"></testcase>
    <testcase name="Test case #16.4.33" time="18.99137949"></testcase>
    <testcase name="Test case #16.4.34" time="11.1961718701"></testcase>
  </testsuite>
</testsuites>