<?xml version="1.0"?>
<testsuites name="Test #10">
  <testsuite name="Test results #10.1">
    <testcase name="Test case #10.1.1" time="9.1559033457"></testcase>
    <testcase name="Test case #10.1.2" time="22.915300870"></testcase>
    <testcase name="Test case #10.1.3" time="14.3047540950"></testcase>
    <testcase name="Test case #10.1.4" time="21.3101474504"></testcase>
    <testcase name="Test case #10.1.5" time="5.264186162"></testcase>
    <testcase name="Test case #10.1.6" time="28.285058769"></testcase>
    <testcase name="Test case #10.1.7" time="12.3375548062"></testcase>
    <testcase name="Test case #10.1.8" time="5.2703193277"></testcase>
    <testcase name="Test case #10.1.9" time="2.2462349061"></testcase>
    <testcase name="Test case #10.1.10" time="24.3095143868"></testcase>
    <testcase name="Test case #10.1.11" time="20.466707680"></testcase>
    <testcase name="Test case #10.1.12" time="10.4103231259"></testcase>
    <testcase name="Test case #10.1.13" time="21.2072845359"></testcase>
    <testcase name="Test case #10.1.14" time="19.2559461176"></testcase>
    <testcase name="Test case #10.1.15" time="1.4156864560"></testcase>
    <testcase name="Test case #10.1.16" time="21.2631599294"></testcase>
    <testcase name="Test case #10.1.17" time="20.3869033640"></testcase>
    <testcase name="Test case #10.1.18" time="7.2083420373"></testcase>
    <testcase name="Test case #10.1.19" time="29.2617162197"></testcase>
    <testcase name="Test case #10.1.20" time="17.572157042"></testcase>
    <testcase name="Test case #10.1.21" time="27.1408591551"></testcase>
    <testcase name="Test case #10.1.22" time="9.935955102"></testcase>
    <testcase name="Test case #10.1.23" time="23.3485228946"></testcase>
    <testcase name="Test case #10.1.24" time="9.1753562892"></testcase>
    <testcase name="Test case #10.1.25" time="1.1966486261"></testcase>
    <testcase name="Test case #10.1.26" time="26.929035792"></testcase>
    <testcase name="Test case #10.1.27" time="22.277065809"></testcase>
    <testcase name="Test case #10.1.28" time="22.1082768846"></testcase>
    <testcase name="Test case #10.1.29" time="24.3449670923"></testcase>
    <testcase name="Test case #10.1.30" time="19.125823750"></testcase>
    <testcase name="Test case #10.1.31" time="30.1907721475"></testcase>
    <testcase name="Test case #10.1.32" time="14.4168648021"></testcase>
    <testcase name="Test case #10.1.33" time="10.3595927188"></testcase>
    <testcase name="Test case #10.1.34" time="23.2293005296"></testcase>
  </testsuite>
  <testsuite name="Test results #10.2">
    <testcase name="Test case #10.2.1" time="23.366082845"></testcase>
    <testcase name="Test case #10.2.2" time="13.884775943"></testcase>
    <testcase name="Test case #10.2.3" time="30.110151579"></testcase>
    <testcase name="Test case #10.2.4" time="4.63178330"></testcase>
    <testcase name="Test case #10.2.5" time="1.894899919"></testcase>
    <testcase name="Test case #10.2.6" time="5.2868392211"></testcase>
    <testcase name="Test case #10.2.7" time="18.1787689247"></testcase>
    <testcase name="Test case #10.2.8" time="1.4265597866"></testcase>
    <testcase name="Test case #10.2.9" time="21.2229108696"></testcase>
    <testcase name="Test case #10.2.10" time="6.3917044659"></testcase>
    <testcase name="Test case #10.2.11" time="20.1698558022"></testcase>
    <testcase name="Test case #10.2.12" time="0.1847887886"></testcase>
    <testcase name="Test case #10.2.13" time="3.908198414"></testcase>
    <testcase name="Test case #10.2.14" time="14.3221639323"></testcase>
    <testcase name="Test case #10.2.15" time="14.3023021293"></testcase>
    <testcase name="Test case #10.2.16" time="19.521482451"></testcase>
    <testcase name="Test case #10.2.17" time="26.4173317913"></testcase>
    <testcase name="Test case #10.2.18" time="22.3223285547"></testcase>
    <testcase name="Test case #10.2.19" time="14.931709257"></testcase>
    <testcase name="Test case #10.2.20" time="1.1182518037"></testcase>
    <testcase name="Test case #10.2.21" time="21.1128652356"></testcase>
    <testcase name="Test case #10.2.22" time="25.4193921008"></testcase>
    <testcase name="Test case #10.2.23" time="15.89929644"></testcase>
    <testcase name="Test case #10.2.24" time="19.554448178"></testcase>
    <testcase name="Test case #10.2.25" time="23.2942670822"></testcase>
    <testcase name="Test case #10.2.26" time="19.4024793682"></testcase>
    <testcase name="Test case #10.2.27" time="4.3702977274"></testcase>
    <testcase name="Test case #10.2.28" time="1.2457172460"></testcase>
    <testcase name="Test case #10.2.29" time="1.3497461787"></testcase>
    <testcase name="Test case #10.2.30" time="2.4141909260"></testcase>
    <testcase name="Test case #10.2.31" time="6.3973847854"></testcase>
    <testcase name="Test case #10.2.32" time="2.2836779552"></testcase>
    <testcase name="Test case #10.2.33" time="16.1485469989"></testcase>
    <testcase name="Test case #10.2.34" time="3.3811108316"></testcase>
  </testsuite>
  <testsuite name="Test results #10.3">
    <testcase name="Test case #10.3.1" time="27.963254699"></testcase>
    <testcase name="Test case #10.3.2" time="18.1887432042"></testcase>
    <testcase name="Test case #10.3.3" time="10.1269517452"></testcase>
    <testcase name="Test case #10.3.4" time="2.2119537471"></testcase>
    <testcase name="Test case #10.3.5" time="8.3751900229"></testcase>
    <testcase name="Test case #10.3.6" time="9.3809962359"></testcase>
    <testcase name="Test case #10.3.7" time="6.3703784610"></testcase>
    <testcase name="Test case #10.3.8" time="2.3954787260"></testcase>
    <testcase name="Test case #10.3.9" time="16.3239895416"></testcase>
    <testcase name="Test case #10.3.10" time="4.3353709661"></testcase>
    <testcase name="Test case #10.3.11" time="22.2812815307"></testcase>
    <testcase name="Test case #10.3.12" time="6.3040203451"></testcase>
    <testcase name="Test case #10.3.13" time="20.1174845331"></testcase>
    <testcase name="Test case #10.3.14" time="1.967954763"></testcase>
    <testcase name="Test case #10.3.15" time="17.1779701603"></testcase>
    <testcase name="Test case #10.3.16" time="22.1738667042"></testcase>
    <testcase name="Test case #10.3.17" time="4.2652592100"></testcase>
    <testcase name="Test case #10.3.18" time="27.1417644443"></testcase>
    <testcase name="Test case #10.3.19" time="24.1282608594"></testcase>
    <testcase name="Test case #10.3.20" time="23.2872498967"></testcase>
    <testcase name="Test case #10.3.21" time="14.2449597601"></testcase>
    <testcase name="Test case #10.3.22" time="2.606699356"></testcase>
    <testcase name="Test case #10.3.23" time="27.869480055"></testcase>
    <testcase name="Test case #10.3.24" time="19.2503366437"></testcase>
    <testcase name="Test case #10.3.25" time="22.2265891865"></testcase>
    <testcase name="Test case #10.3.26" time="8.580076089"></testcase>
    <testcase name="Test case #10.3.27" time="3.448922650"></testcase>
    <testcase name="Test case #10.3.28" time="24.156777877"></testcase>
    <testcase name="Test case #10.3.29" time="28.3939376802"></testcase>
    <testcase name="Test case #10.3.30" time="28.703246160"></testcase>
    <testcase name="Test case #10.3.31" time="22.4041753217"></testcase>
    <testcase name="Test case #10.3.32" time="29.134357433"></testcase>
    <testcase name="Test case #10.3.33" time="18.1699745554"></testcase>
    <testcase name="Test case #10.3.34" time="15.4153296827"></testcase>
  </testsuite>
  <testsuite name="Test results #10.4">
    <testcase name="Test case #10.4.1" time="29.2891077502"></testcase>
    <testcase name="Test case #10.4.2" time="27.1424001011"></testcase>
    <testcase name="Test case #10.4.3" time="1.3688934674"></testcase>
    <testcase name="Test case #10.4.4" time="22.4171174368"></testcase>
    <testcase name="Test case #10.4.5" time="29.955316435"></testcase>
    <testcase name="Test case #10.4.6" time="1.3338632124"></testcase>
    <testcase name="Test case #10.4.7" time="7.1913267093"></testcase>
    <testcase name="Test case #10.4.8" time="8.1021430445"></testcase>
    <testcase name="Test case #10.4.9" time="23.2451036653"></testcase>
    <testcase name="Test case #10.4.10" time="29.1291233951"></testcase>
    <testcase name="Test case #10.4.11" time="23.1644359564"></testcase>
    <testcase name="Test case #10.4.12" time="15.293937349"></testcase>
    <testcase name="Test case #10.4.13" time="16.3942607623"></testcase>
    <testcase name="Test case #10.4.14" time="6.57170174"></testcase>
    <testcase name="Test case #10.4.15" time="17.1250777129"></testcase>
    <testcase name="Test case #10.4.16" time="24.1823396922"></testcase>
    <testcase name="Test case #10.4.17" time="12.275885265"></testcase>
    <testcase name="Test case #10.4.18" time="15.801506595"></testcase>
    <testcase name="Test case #10.4.19" time="4.1300491693"></testcase>
    <testcase name="Test case #10.4.20" time="28.1118354039"></testcase>
    <testcase name="Test case #10.4.21" time="4.1491063211"></testcase>
    <testcase name="Test case #10.4.22" time="24.1050294537"></testcase>
    <testcase name="Test case #10.4.23" time="14.3373407954"></testcase>
    <testcase name="Test case #10.4.24" time="13.28428421"></testcase>
    <testcase name="Test case #10.4.25" time="0.1068859901"></testcase>
    <testcase name="Test case #10.4.26" time="6.667186689"></testcase>
    <testcase name="Test case #10.4.27" time="1.3018356194"></testcase>
    <testcase name="Test case #10.4.28" time="14.110003975"></testcase>
    <testcase name="Test case #10.4.29" time="3.2077749922"></testcase>
    <testcase name="Test case #10.4.30" time="13.3943115585"></testcase>
    <testcase name="Test case #10.4.31" time="16.3776166006"></testcase>
    <testcase name="Test case #10.4.32" time="8.3272130415"></testcase>
    <testcase name="Test case #10.4.33" time="23.4190818533"></testcase>
    <testcase name="Test case #10.4.34" time="7.4136153308"></testcase>
  </testsuite>
</testsuites>