<?xml version="1.0"?>
<testsuites name="Test #2">
  <testsuite name="Test results #2.1">
    <testcase name="Test case #2.1.1" time="14.15451"></testcase>
    <testcase name="Test case #2.1.2" time="20.48626"></testcase>
    <testcase name="Test case #2.1.3" time="11.24534"></testcase>
    <testcase name="Test case #2.1.4" time="6.13015"></testcase>
    <testcase name="Test case #2.1.5" time="24.32362"></testcase>
    <testcase name="Test case #2.1.6" time="6.23691"></testcase>
    <testcase name="Test case #2.1.7" time="16.1303"></testcase>
    <testcase name="Test case #2.1.8" time="7.30912"></testcase>
    <testcase name="Test case #2.1.9" time="15.25046"></testcase>
    <testcase name="Test case #2.1.10" time="10.18625"></testcase>
    <testcase name="Test case #2.1.11" time="17.23952"></testcase>
    <testcase name="Test case #2.1.12" time="14.5179"></testcase>
    <testcase name="Test case #2.1.13" time="17.41661"></testcase>
    <testcase name="Test case #2.1.14" time="23.26673"></testcase>
    <testcase name="Test case #2.1.15" time="13.24821"></testcase>
    <testcase name="Test case #2.1.16" time="7.49719"></testcase>
    <testcase name="Test case #2.1.17" time="7.31791"></testcase>
    <testcase name="Test case #2.1.18" time="2.37191"></testcase>
    <testcase name="Test case #2.1.19" time="4.2220"></testcase>
    <testcase name="Test case #2.1.20" time="20.12100"></testcase>
    <testcase name="Test case #2.1.21" time="3.32689"></testcase>
    <testcase name="Test case #2.1.22" time="1.32946"></testcase>
    <testcase name="Test case #2.1.23" time="10.35408"></testcase>
    <testcase name="Test case #2.1.24" time="15.35377"></testcase>
    <testcase name="Test case #2.1.25" time="23.5698"></testcase>
    <testcase name="Test case #2.1.26" time="11.37578"></testcase>
    <testcase name="Test case #2.1.27" time="11.13690"></testcase>
    <testcase name="Test case #2.1.28" time="1.34715"></testcase>
    <testcase name="Test case #2.1.29" time="14.27100"></testcase>
    <testcase name="Test case #2.1.30" time="19.15426"></testcase>
    <testcase name="Test case #2.1.31" time="17.27714"></testcase>
    <testcase name="Test case #2.1.32" time="9.13201"></testcase>
    <testcase name="Test case #2.1.33" time="7.47355"></testcase>
    <testcase name="Test case #2.1.34" time="13.26524"></testcase>
  </testsuite>
  <testsuite name="Test results #2.2">
    <testcase name="Test case #2.2.1" time="7.1649"></testcase>
    <testcase name="Test case #2.2.2" time="9.15347"></testcase>
    <testcase name="Test case #2.2.3" time="2.34901"></testcase>
    <testcase name="Test case #2.2.4" time="17.8689"></testcase>
    <testcase name="Test case #2.2.5" time="24.22754"></testcase>
    <testcase name="Test case #2.2.6" time="19.6528"></testcase>
    <testcase name="Test case #2.2.7" time="19.29246"></testcase>
    <testcase name="Test case #2.2.8" time="19.19388"></testcase>
    <testcase name="Test case #2.2.9" time="25.35567"></testcase>
    <testcase name="Test case #2.2.10" time="23.5540"></testcase>
    <testcase name="Test case #2.2.11" time="3.4957"></testcase>
    <testcase name="Test case #2.2.12" time="24.39831"></testcase>
    <testcase name="Test case #2.2.13" time="5.4806"></testcase>
    <testcase name="Test case #2.2.14" time="21.38905"></testcase>
    <testcase name="Test case #2.2.15" time="7.49405"></testcase>
    <testcase name="Test case #2.2.16" time="23.17657"></testcase>
    <testcase name="Test case #2.2.17" time="24.25683"></testcase>
    <testcase name="Test case #2.2.18" time="11.37899"></testcase>
    <testcase name="Test case #2.2.19" time="20.43090"></testcase>
    <testcase name="Test case #2.2.20" time="16.46853"></testcase>
    <testcase name="Test case #2.2.21" time="25.17023"></testcase>
    <testcase name="Test case #2.2.22" time="13.41417"></testcase>
    <testcase name="Test case #2.2.23" time="21.30222"></testcase>
    <testcase name="Test case #2.2.24" time="6.49573"></testcase>
    <testcase name="Test case #2.2.25" time="18.8371"></testcase>
    <testcase name="Test case #2.2.26" time="19.21852"></testcase>
    <testcase name="Test case #2.2.27" time="0.23595"></testcase>
    <testcase name="Test case #2.2.28" time="21.28674"></testcase>
    <testcase name="Test case #2.2.29" time="17.3970"></testcase>
    <testcase name="Test case #2.2.30" time="4.30735"></testcase>
    <testcase name="Test case #2.2.31" time="23.42945"></testcase>
    <testcase name="Test case #2.2.32" time="20.28072"></testcase>
    <testcase name="Test case #2.2.33" time="23.20918"></testcase>
    <testcase name="Test case #2.2.34" time="17.13146"></testcase>
  </testsuite>
  <testsuite name="Test results #2.3">
    <testcase name="Test case #2.3.1" time="2.19211"></testcase>
    <testcase name="Test case #2.3.2" time="13.11384"></testcase>
    <testcase name="Test case #2.3.3" time="5.44374"></testcase>
    <testcase name="Test case #2.3.4" time="13.8097"></testcase>
    <testcase name="Test case #2.3.5" time="16.39441"></testcase>
    <testcase name="Test case #2.3.6" time="22.28628"></testcase>
    <testcase name="Test case #2.3.7" time="12.9213"></testcase>
    <testcase name="Test case #2.3.8" time="15.34017"></testcase>
    <testcase name="Test case #2.3.9" time="21.459"></testcase>
    <testcase name="Test case #2.3.10" time="10.10967"></testcase>
    <testcase name="Test case #2.3.11" time="4.44096"></testcase>
    <testcase name="Test case #2.3.12" time="6.5800"></testcase>
    <testcase name="Test case #2.3.13" time="0.47172"></testcase>
    <testcase name="Test case #2.3.14" time="24.7669"></testcase>
    <testcase name="Test case #2.3.15" time="8.1403"></testcase>
    <testcase name="Test case #2.3.16" time="17.19421"></testcase>
    <testcase name="Test case #2.3.17" time="12.20685"></testcase>
    <testcase name="Test case #2.3.18" time="15.5611"></testcase>
    <testcase name="Test case #2.3.19" time="14.36304"></testcase>
    <testcase name="Test case #2.3.20" time="0.20536"></testcase>
    <testcase name="Test case #2.3.21" time="22.41313"></testcase>
    <testcase name="Test case #2.3.22" time="24.29217"></testcase>
    <testcase name="Test case #2.3.23" time="3.42754"></testcase>
    <testcase name="Test case #2.3.24" time="11.46597"></testcase>
    <testcase name="Test case #2.3.25" time="10.33965"></testcase>
    <testcase name="Test case #2.3.26" time="14.26109"></testcase>
    <testcase name="Test case #2.3.27" time="21.42212"></testcase>
    <testcase name="Test case #2.3.28" time="17.9069"></testcase>
    <testcase name="Test case #2.3.29" time="17.34129"></testcase>
    <testcase name="Test case #2.3.30" time="3.39797"></testcase>
    <testcase name="Test case #2.3.31" time="11.36645"></testcase>
    <testcase name="Test case #2.3.32" time="25.217"></testcase>
    <testcase name="Test case #2.3.33" time="17.48105"></testcase>
    <testcase name="Test case #2.3.34" time="2.19296"></testcase>
  </testsuite>
  <testsuite name="Test results #2.4">
    <testcase name="Test case #2.4.1" time="11.27928"></testcase>
    <testcase name="Test case #2.4.2" time="12.48497"></testcase>
    <testcase name="Test case #2.4.3" time="25.7581"></testcase>
    <testcase name="Test case #2.4.4" time="10.35161"></testcase>
    <testcase name="Test case #2.4.5" time="18.28416"></testcase>
    <testcase name="Test case #2.4.6" time="23.35056"></testcase>
    <testcase name="Test case #2.4.7" time="15.39249"></testcase>
    <testcase name="Test case #2.4.8" time="4.14472"></testcase>
    <testcase name="Test case #2.4.9" time="7.2531"></testcase>
    <testcase name="Test case #2.4.10" time="21.32769"></testcase>
    <testcase name="Test case #2.4.11" time="24.3796"></testcase>
    <testcase name="Test case #2.4.12" time="7.1742"></testcase>
    <testcase name="Test case #2.4.13" time="25.3487"></testcase>
    <testcase name="Test case #2.4.14" time="23.47927"></testcase>
    <testcase name="Test case #2.4.15" time="5.15368"></testcase>
    <testcase name="Test case #2.4.16" time="20.12023"></testcase>
    <testcase name="Test case #2.4.17" time="16.23345"></testcase>
    <testcase name="Test case #2.4.18" time="10.35591"></testcase>
    <testcase name="Test case #2.4.19" time="16.26281"></testcase>
    <testcase name="Test case #2.4.20" time="14.3491"></testcase>
    <testcase name="Test case #2.4.21" time="10.40578"></testcase>
    <testcase name="Test case #2.4.22" time="10.4019"></testcase>
    <testcase name="Test case #2.4.23" time="16.20952"></testcase>
    <testcase name="Test case #2.4.24" time="8.15453"></testcase>
    <testcase name="Test case #2.4.25" time="19.33045"></testcase>
    <testcase name="Test case #2.4.26" time="2.25016"></testcase>
    <testcase name="Test case #2.4.27" time="22.24111"></testcase>
    <testcase name="Test case #2.4.28" time="21.35287"></testcase>
    <testcase name="Test case #2.4.29" time="18.29298"></testcase>
    <testcase name="Test case #2.4.30" time="0.12285"></testcase>
    <testcase name="Test case #2.4.31" time="3.41013"></testcase>
    <testcase name="Test case #2.4.32" time="3.12"></testcase>
    <testcase name="Test case #2.4.33" time="21.16181"></testcase>
    <testcase name="Test case #2.4.34" time="20.14019"></testcase>
  </testsuite>
</testsuites>