<?xml version="1.0"?>
<testsuites name="Test #6">
  <testsuite name="Test results #6.1">
    <testcase name="Test case #6.1.1" time="1.970112584"></testcase>
    <testcase name="Test case #6.1.2" time="19.1113203040"></testcase>
    <testcase name="Test case #6.1.3" time="30.135911624"></testcase>
    <testcase name="Test case #6.1.4" time="9.3323181371"></testcase>
    <testcase name="Test case #6.1.5" time="10.897874188"></testcase>
    <testcase name="Test case #6.1.6" time="3.2560091782"></testcase>
    <testcase name="Test case #6.1.7" time="8.3384553921"></testcase>
    <testcase name="Test case #6.1.8" time="21.2602511489"></testcase>
    <testcase name="Test case #6.1.9" time="7.2892921818"></testcase>
    <testcase name="Test case #6.1.10" time="23.1227821056"></testcase>
    <testcase name="Test case #6.1.11" time="24.2884836302"></testcase>
    <testcase name="Test case #6.1.12" time="13.2536616300"></testcase>
    <testcase name="Test case #6.1.13" time="2.429700319"></testcase>
    <testcase name="Test case #6.1.14" time="13.712533505"></testcase>
    <testcase name="Test case #6.1.15" time="20.3276205688"></testcase>
    <testcase name="Test case #6.1.16" time="29.1097801764"></testcase>
    <testcase name="Test case #6.1.17" time="17.2986707157"></testcase>
    <testcase name="Test case #6.1.18" time="7.606070894"></testcase>
    <testcase name="Test case #6.1.19" time="24.1889785458"></testcase>
    <testcase name="Test case #6.1.20" time="19.3169091364"></testcase>
    <testcase name="Test case #6.1.21" time="7.1053496557"></testcase>
    <testcase name="Test case #6.1.22" time="21.1856648117"></testcase>
    <testcase name="Test case #6.1.23" time="22.1147498832"></testcase>
    <testcase name="Test case #6.1.24" time="28.4265346312"></testcase>
    <testcase name="Test case #6.1.25" time="2.2534093863"></testcase>
    <testcase name="Test case #6.1.26" time="0.2981603418"></testcase>
    <testcase name="Test case #6.1.27" time="15.2690464389"></testcase>
    <testcase name="Test case #6.1.28" time="23.1359956589"></testcase>
    <testcase name="Test case #6.1.29" time="27.4032428275"></testcase>
    <testcase name="Test case #6.1.30" time="16.3101541910"></testcase>
    <testcase name="Test case #6.1.31" time="7.3862287808"></testcase>
    <testcase name="Test case #6.1.32" time="20.2105199273"></testcase>
    <testcase name="Test case #6.1.33" time="0.3993125825"></testcase>
    <testcase name="Test case #6.1.34" time="11.3730101136"></testcase>
  </testsuite>
  <testsuite name="Test results #6.2">
    <testcase name="Test case #6.2.1" time="27.2843102868"></testcase>
    <testcase name="Test case #6.2.2" time="20.2869114439"></testcase>
    <testcase name="Test case #6.2.3" time="20.2015161284"></testcase>
    <testcase name="Test case #6.2.4" time="29.872152845"></testcase>
    <testcase name="Test case #6.2.5" time="17.3534758632"></testcase>
    <testcase name="Test case #6.2.6" time="5.3770594973"></testcase>
    <testcase name="Test case #6.2.7" time="14.3533309825"></testcase>
    <testcase name="Test case #6.2.8" time="2.1614224027"></testcase>
    <testcase name="Test case #6.2.9" time="14.3366117224"></testcase>
    <testcase name="Test case #6.2.10" time="25.2644002766"></testcase>
    <testcase name="Test case #6.2.11" time="8.2305007112"></testcase>
    <testcase name="Test case #6.2.12" time="1.2276935120"></testcase>
    <testcase name="Test case #6.2.13" time="17.2593125332"></testcase>
    <testcase name="Test case #6.2.14" time="30.1773050565"></testcase>
    <testcase name="Test case #6.2.15" time="15.2599413654"></testcase>
    <testcase name="Test case #6.2.16" time="16.2428917923"></testcase>
    <testcase name="Test case #6.2.17" time="26.974304487"></testcase>
    <testcase name="Test case #6.2.18" time="29.2207758603"></testcase>
    <testcase name="Test case #6.2.19" time="19.3933332854"></testcase>
    <testcase name="Test case #6.2.20" time="28.3504118420"></testcase>
    <testcase name="Test case #6.2.21" time="1.3107534973"></testcase>
    <testcase name="Test case #6.2.22" time="12.3904022864"></testcase>
    <testcase name="Test case #6.2.23" time="8.1426571954"></testcase>
    <testcase name="Test case #6.2.24" time="24.2096334081"></testcase>
    <testcase name="Test case #6.2.25" time="13.622858250"></testcase>
    <testcase name="Test case #6.2.26" time="18.2861384626"></testcase>
    <testcase name="Test case #6.2.27" time="27.1858591711"></testcase>
    <testcase name="Test case #6.2.28" time="29.1757789862"></testcase>
    <testcase name="Test case #6.2.29" time="8.1897415170"></testcase>
    <testcase name="Test case #6.2.30" time="8.1305183897"></testcase>
    <testcase name="Test case #6.2.31" time="0.849824096"></testcase>
    <testcase name="Test case #6.2.32" time="10.1738617203"></testcase>
    <testcase name="Test case #6.2.33" time="21.3467784453"></testcase>
    <testcase name="Test case #6.2.34" time="30.15740236"></testcase>
  </testsuite>
  <testsuite name="Test results #6.3">
    <testcase name="Test case #6.3.1" time="12.2588405897"></testcase>
    <testcase name="Test case #6.3.2" time="25.1067281948"></testcase>
    <testcase name="Test case #6.3.3" time="11.2232874165"></testcase>
    <testcase name="Test case #6.3.4" time="25.2030873916"></testcase>
    <testcase name="Test case #6.3.5" time="13.3953296619"></testcase>
    <testcase name="Test case #6.3.6" time="2.1904754348"></testcase>
    <testcase name="Test case #6.3.7" time="27.3663160710"></testcase>
    <testcase name="Test case #6.3.8" time="20.3006558146"></testcase>
    <testcase name="Test case #6.3.9" time="12.4127908289"></testcase>
    <testcase name="Test case #6.3.10" time="20.81805266"></testcase>
    <testcase name="Test case #6.3.11" time="29.2534176239"></testcase>
    <testcase name="Test case #6.3.12" time="18.780837534"></testcase>
    <testcase name="Test case #6.3.13" time="25.2086795112"></testcase>
    <testcase name="Test case #6.3.14" time="6.1178423640"></testcase>
    <testcase name="Test case #6.3.15" time="13.3753490706"></testcase>
    <testcase name="Test case #6.3.16" time="2.984172623"></testcase>
    <testcase name="Test case #6.3.17" time="18.4091018090"></testcase>
    <testcase name="Test case #6.3.18" time="0.1444308911"></testcase>
    <testcase name="Test case #6.3.19" time="9.4180533313"></testcase>
    <testcase name="Test case #6.3.20" time="23.1574948960"></testcase>
    <testcase name="Test case #6.3.21" time="22.2288900571"></testcase>
    <testcase name="Test case #6.3.22" time="20.3783486658"></testcase>
    <testcase name="Test case #6.3.23" time="16.1615892333"></testcase>
    <testcase name="Test case #6.3.24" time="11.1931966521"></testcase>
    <testcase name="Test case #6.3.25" time="16.2984501223"></testcase>
    <testcase name="Test case #6.3.26" time="4.1486451140"></testcase>
    <testcase name="Test case #6.3.27" time="17.3735815097"></testcase>
    <testcase name="Test case #6.3.28" time="20.4205027921"></testcase>
    <testcase name="Test case #6.3.29" time="22.1141964349"></testcase>
    <testcase name="Test case #6.3.30" time="7.201817084"></testcase>
    <testcase name="Test case #6.3.31" time="20.1479818854"></testcase>
    <testcase name="Test case #6.3.32" time="12.3328687579"></testcase>
    <testcase name="Test case #6.3.33" time="28.2804263472"></testcase>
    <testcase name="Test case #6.3.34" time="5.988538620"></testcase>
  </testsuite>
  <testsuite name="Test results #6.4">
    <testcase name="Test case #6.4.1" time="15.2423631949"></testcase>
    <testcase name="Test case #6.4.2" time="10.148041445"></testcase>
    <testcase name="Test case #6.4.3" time="8.688207941"></testcase>
    <testcase name="Test case #6.4.4" time="21.107492944"></testcase>
    <testcase name="Test case #6.4.5" time="25.2216700267"></testcase>
    <testcase name="Test case #6.4.6" time="3.2090178287"></testcase>
    <testcase name="Test case #6.4.7" time="22.1856591671"></testcase>
    <testcase name="Test case #6.4.8" time="23.3682411490"></testcase>
    <testcase name="Test case #6.4.9" time="18.3180737661"></testcase>
    <testcase name="Test case #6.4.10" time="24.3342269796"></testcase>
    <testcase name="Test case #6.4.11" time="24.1023625045"></testcase>
    <testcase name="Test case #6.4.12" time="27.3871521518"></testcase>
    <testcase name="Test case #6.4.13" time="12.1463382421"></testcase>
    <testcase name="Test case #6.4.14" time="19.1741128800"></testcase>
    <testcase name="Test case #6.4.15" time="11.3485398783"></testcase>
    <testcase name="Test case #6.4.16" time="28.100951812"></testcase>
    <testcase name="Test case #6.4.17" time="11.3256764069"></testcase>
    <testcase name="Test case #6.4.18" time="5.85531094"></testcase>
    <testcase name="Test case #6.4.19" time="27.307248160"></testcase>
    <testcase name="Test case #6.4.20" time="3.3002443890"></testcase>
    <testcase name="Test case #6.4.21" time="20.163295421"></testcase>
    <testcase name="Test case #6.4.22" time="2.3916091555"></testcase>
    <testcase name="Test case #6.4.23" time="0.3912480310"></testcase>
    <testcase name="Test case #6.4.24" time="19.2045977211"></testcase>
    <testcase name="Test case #6.4.25" time="23.2878420652"></testcase>
    <testcase name="Test case #6.4.26" time="19.369866362"></testcase>
    <testcase name="Test case #6.4.27" time="15.577568818"></testcase>
    <testcase name="Test case #6.4.28" time="27.3835878698"></testcase>
    <testcase name="Test case #6.4.29" time="14.1874610894"></testcase>
    <testcase name="Test case #6.4.30" time="5.2934741743"></testcase>
    <testcase name="Test case #6.4.31" time="4.3498016107"></testcase>
    <testcase name="Test case #6.4.32" time="21.2400412380"></testcase>
    <testcase name="Test case #6.4.33" time="18.133269277"></testcase>
    <testcase name="Test case #6.4.34" time="9.530936623"></testcase>
  </testsuite>
</testsuites>