<?xml version="1.0"?>
<testsuites name="Test #1">
  <testsuite name="Test results #1.1">
    <testcase name="Test case #1.1.1" time="4.24"></testcase>
    <testcase name="Test case #1.1.2" time="23.130"></testcase>
    <testcase name="Test case #1.1.3" time="24.147"></testcase>
    <testcase name="Test case #1.1.4" time="28.42"></testcase>
    <testcase name="Test case #1.1.5" time="16.179"></testcase>
    <testcase name="Test case #1.1.6" time="24.83"></testcase>
    <testcase name="Test case #1.1.7" time="28.76"></testcase>
    <testcase name="Test case #1.1.8" time="11.55"></testcase>
    <testcase name="Test case #1.1.9" time="3.181"></testcase>
    <testcase name="Test case #1.1.10" time="21.53"></testcase>
    <testcase name="Test case #1.1.11" time="25.101"></testcase>
    <testcase name="Test case #1.1.12" time="27.180"></testcase>
    <testcase name="Test case #1.1.13" time="28.35"></testcase>
    <testcase name="Test case #1.1.14" time="20.129"></testcase>
    <testcase name="Test case #1.1.15" time="13.65"></testcase>
    <testcase name="Test case #1.1.16" time="15.151"></testcase>
    <testcase name="Test case #1.1.17" time="29.130"></testcase>
    <testcase name="Test case #1.1.18" time="15.155"></testcase>
    <testcase name="Test case #1.1.19" time="26.98"></testcase>
    <testcase name="Test case #1.1.20" time="14.54"></testcase>
    <testcase name="Test case #1.1.21" time="26.183"></testcase>
    <testcase name="Test case #1.1.22" time="8.137"></testcase>
    <testcase name="Test case #1.1.23" time="17.51"></testcase>
    <testcase name="Test case #1.1.24" time="29.110"></testcase>
    <testcase name="Test case #1.1.25" time="19.112"></testcase>
    <testcase name="Test case #1.1.26" time="0.2"></testcase>
    <testcase name="Test case #1.1.27" time="21.120"></testcase>
    <testcase name="Test case #1.1.28" time="24.147"></testcase>
    <testcase name="Test case #1.1.29" time="7.199"></testcase>
    <testcase name="Test case #1.1.30" time="14.81"></testcase>
    <testcase name="Test case #1.1.31" time="15.183"></testcase>
    <testcase name="Test case #1.1.32" time="16.56"></testcase>
    <testcase name="Test case #1.1.33" time="13.97"></testcase>
    <testcase name="Test case #1.1.34" time="28.41"></testcase>
  </testsuite>
  <testsuite name="Test results #1.2">
    <testcase name="Test case #1.2.1" time="7.90"></testcase>
    <testcase name="Test case #1.2.2" time="24.34"></testcase>
    <testcase name="Test case #1.2.3" time="3.115"></testcase>
    <testcase name="Test case #1.2.4" time="21.121"></testcase>
    <testcase name="Test case #1.2.5" time="16.21"></testcase>
    <testcase name="Test case #1.2.6" time="0.11"></testcase>
    <testcase name="Test case #1.2.7" time="11.148"></testcase>
    <testcase name="Test case #1.2.8" time="20.156"></testcase>
    <testcase name="Test case #1.2.9" time="3.103"></testcase>
    <testcase name="Test case #1.2.10" time="5.11"></testcase>
    <testcase name="Test case #1.2.11" time="12.128"></testcase>
    <testcase name="Test case #1.2.12" time="27.123"></testcase>
    <testcase name="Test case #1.2.13" time="17.45"></testcase>
    <testcase name="Test case #1.2.14" time="17.15"></testcase>
    <testcase name="Test case #1.2.15" time="4.175"></testcase>
    <testcase name="Test case #1.2.16" time="30.12"></testcase>
    <testcase name="Test case #1.2.17" time="27.117"></testcase>
    <testcase name="Test case #1.2.18" time="22.181"></testcase>
    <testcase name="Test case #1.2.19" time="15.120"></testcase>
    <testcase name="Test case #1.2.20" time="26.127"></testcase>
    <testcase name="Test case #1.2.21" time="27.52"></testcase>
    <testcase name="Test case #1.2.22" time="12.160"></testcase>
    <testcase name="Test case #1.2.23" time="20.200"></testcase>
    <testcase name="Test case #1.2.24" time="2.74"></testcase>
    <testcase name="Test case #1.2.25" time="0.64"></testcase>
    <testcase name="Test case #1.2.26" time="16.184"></testcase>
    <testcase name="Test case #1.2.27" time="15.193"></testcase>
    <testcase name="Test case #1.2.28" time="1.193"></testcase>
    <testcase name="Test case #1.2.29" time="21.45"></testcase>
    <testcase name="Test case #1.2.30" time="3.91"></testcase>
    <testcase name="Test case #1.2.31" time="5.3"></testcase>
    <testcase name="Test case #1.2.32" time="24.47"></testcase>
    <testcase name="Test case #1.2.33" time="17.144"></testcase>
    <testcase name="Test case #1.2.34" time="6.120"></testcase>
  </testsuite>
  <testsuite name="Test results #1.3">
    <testcase name="Test case #1.3.1" time="21.8"></testcase>
    <testcase name="Test case #1.3.2" time="23.10"></testcase>
    <testcase name="Test case #1.3.3" time="17.49"></testcase>
    <testcase name="Test case #1.3.4" time="25.138"></testcase>
    <testcase name="Test case #1.3.5" time="27.135"></testcase>
    <testcase name="Test case #1.3.6" time="17.159"></testcase>
    <testcase name="Test case #1.3.7" time="7.40"></testcase>
    <testcase name="Test case #1.3.8" time="17.193"></testcase>
    <testcase name="Test case #1.3.9" time="13.126"></testcase>
    <testcase name="Test case #1.3.10" time="0.151"></testcase>
    <testcase name="Test case #1.3.11" time="18.35"></testcase>
    <testcase name="Test case #1.3.12" time="18.152"></testcase>
    <testcase name="Test case #1.3.13" time="0.167"></testcase>
    <testcase name="Test case #1.3.14" time="13.35"></testcase>
    <testcase name="Test case #1.3.15" time="30.13"></testcase>
    <testcase name="Test case #1.3.16" time="29.199"></testcase>
    <testcase name="Test case #1.3.17" time="22.78"></testcase>
    <testcase name="Test case #1.3.18" time="7.152"></testcase>
    <testcase name="Test case #1.3.19" time="16.189"></testcase>
    <testcase name="Test case #1.3.20" time="27.87"></testcase>
    <testcase name="Test case #1.3.21" time="16.99"></testcase>
    <testcase name="Test case #1.3.22" time="1.102"></testcase>
    <testcase name="Test case #1.3.23" time="20.174"></testcase>
    <testcase name="Test case #1.3.24" time="24.58"></testcase>
    <testcase name="Test case #1.3.25" time="9.167"></testcase>
    <testcase name="Test case #1.3.26" time="27.78"></testcase>
    <testcase name="Test case #1.3.27" time="26.127"></testcase>
    <testcase name="Test case #1.3.28" time="27.120"></testcase>
    <testcase name="Test case #1.3.29" time="9.162"></testcase>
    <testcase name="Test case #1.3.30" time="8.197"></testcase>
    <testcase name="Test case #1.3.31" time="2.194"></testcase>
    <testcase name="Test case #1.3.32" time="30.168"></testcase>
    <testcase name="Test case #1.3.33" time="27.186"></testcase>
    <testcase name="Test case #1.3.34" time="3.182"></testcase>
  </testsuite>
  <testsuite name="Test results #1.4">
    <testcase name="Test case #1.4.1" time="11.194"></testcase>
    <testcase name="Test case #1.4.2" time="19.114"></testcase>
    <testcase name="Test case #1.4.3" time="28.166"></testcase>
    <testcase name="Test case #1.4.4" time="11.187"></testcase>
    <testcase name="Test case #1.4.5" time="12.5"></testcase>
    <testcase name="Test case #1.4.6" time="13.40"></testcase>
    <testcase name="Test case #1.4.7" time="6.62"></testcase>
    <testcase name="Test case #1.4.8" time="23.186"></testcase>
    <testcase name="Test case #1.4.9" time="22.194"></testcase>
    <testcase name="Test case #1.4.10" time="26.134"></testcase>
    <testcase name="Test case #1.4.11" time="9.138"></testcase>
    <testcase name="Test case #1.4.12" time="7.68"></testcase>
    <testcase name="Test case #1.4.13" time="29.163"></testcase>
    <testcase name="Test case #1.4.14" time="27.178"></testcase>
    <testcase name="Test case #1.4.15" time="18.142"></testcase>
    <testcase name="Test case #1.4.16" time="14.75"></testcase>
    <testcase name="Test case #1.4.17" time="25.162"></testcase>
    <testcase name="Test case #1.4.18" time="18.105"></testcase>
    <testcase name="Test case #1.4.19" time="13.183"></testcase>
    <testcase name="Test case #1.4.20" time="13.86"></testcase>
    <testcase name="Test case #1.4.21" time="7.35"></testcase>
    <testcase name="Test case #1.4.22" time="2.199"></testcase>
    <testcase name="Test case #1.4.23" time="10.40"></testcase>
    <testcase name="Test case #1.4.24" time="14.9"></testcase>
    <testcase name="Test case #1.4.25" time="27.174"></testcase>
    <testcase name="Test case #1.4.26" time="27.59"></testcase>
    <testcase name="Test case #1.4.27" time="2.178"></testcase>
    <testcase name="Test case #1.4.28" time="14.136"></testcase>
    <testcase name="Test case #1.4.29" time="9.143"></testcase>
    <testcase name="Test case #1.4.30" time="27.69"></testcase>
    <testcase name="Test case #1.4.31" time="9.31"></testcase>
    <testcase name="Test case #1.4.32" time="26.108"></testcase>
    <testcase name="Test case #1.4.33" time="22.76"></testcase>
    <testcase name="Test case #1.4.34" time="21.79"></testcase>
  </testsuite>
</testsuites>