<?xml version="1.0"?>
<testsuites name="Test #14">
  <testsuite name="Test results #14.1">
    <testcase name="Test case #14.1.1" time="26.3728588316"></testcase>
    <testcase name="Test case #14.1.2" time="0.1726198201"></testcase>
    <testcase name="Test case #14.1.3" time="25.2076907663"></testcase>
    <testcase name="Test case #14.1.4" time="5.1428709468"></testcase>
    <testcase name="Test case #14.1.5" time="15.2443963039"></testcase>
    <testcase name="Test case #14.1.6" time="1.3022197295"></testcase>
    <testcase name="Test case #14.1.7" time="23.673210925"></testcase>
    <testcase name="Test case #14.1.8" time="22.3493623882"></testcase>
    <testcase name="Test case #14.1.9" time="10.3753634286"></testcase>
    <testcase name="Test case #14.1.10" time="26.2412213518"></testcase>
    <testcase name="Test case #14.1.11" time="27.2132692416"></testcase>
    <testcase name="Test case #14.1.12" time="3.1676267166"></testcase>
    <testcase name="Test case #14.1.13" time="8.1171144502"></testcase>
    <testcase name="Test case #14.1.14" time="9.2763267009"></testcase>
    <testcase name="Test case #14.1.15" time="16.272155818"></testcase>
    <testcase name="Test case #14.1.16" time="0.2426317966"></testcase>
    <testcase name="Test case #14.1.17" time="5.416788807"></testcase>
    <testcase name="Test case #14.1.18" time="9.1485162706"></testcase>
    <testcase name="Test case #14.1.19" time="19.2947063900"></testcase>
    <testcase name="Test case #14.1.20" time="15.2011625262"></testcase>
    <testcase name="Test case #14.1.21" time="20.3309807018"></testcase>
    <testcase name="Test case #14.1.22" time="0.523148353"></testcase>
    <testcase name="Test case #14.1.23" time="3.1548651559"></testcase>
    <testcase name="Test case #14.1.24" time="3.2853843372"></testcase>
    <testcase name="Test case #14.1.25" time="21.1904043904"></testcase>
    <testcase name="Test case #14.1.26" time="9.832987688"></testcase>
    <testcase name="Test case #14.1.27" time="13.3260461371"></testcase>
    <testcase name="Test case #14.1.28" time="24.41417968"></testcase>
    <testcase name="Test case #14.1.29" time="9.2145521816"></testcase>
    <testcase name="Test case #14.1.30" time="20.2863209154"></testcase>
    <testcase name="Test case #14.1.31" time="23.463852150"></testcase>
    <testcase name="Test case #14.1.32" time="12.3119804446"></testcase>
    <testcase name="Test case #14.1.33" time="0.3109593127"></testcase>
    <testcase name="Test case #14.1.34" time="22.280118476"></testcase>
  </testsuite>
  <testsuite name="Test results #14.2">
    <testcase name="Test case #14.2.1" time="15.3382643488"></testcase>
    <testcase name="Test case #14.2.2" time="12.1335203036"></testcase>
    <testcase name="Test case #14.2.3" time="15.1210169512"></testcase>
    <testcase name="Test case #14.2.4" time="21.947975546"></testcase>
    <testcase name="Test case #14.2.5" time="12.2984053863"></testcase>
    <testcase name="Test case #14.2.6" time="6.3786381860"></testcase>
    <testcase name="Test case #14.2.7" time="23.2518527038"></testcase>
    <testcase name="Test case #14.2.8" time="29.2911813105"></testcase>
    <testcase name="Test case #14.2.9" time="21.3953802456"></testcase>
    <testcase name="Test case #14.2.10" time="0.308111866"></testcase>
    <testcase name="Test case #14.2.11" time="3.2151709849"></testcase>
    <testcase name="Test case #14.2.12" time="4.2764274598"></testcase>
    <testcase name="Test case #14.2.13" time="2.1241966609"></testcase>
    <testcase name="Test case #14.2.14" time="8.2645276765"></testcase>
    <testcase name="Test case #14.2.15" time="20.1296099105"></testcase>
    <testcase name="Test case #14.2.16" time="24.886491503"></testcase>
    <testcase name="Test case #14.2.17" time="0.913735721"></testcase>
    <testcase name="Test case #14.2.18" time="17.2774133433"></testcase>
    <testcase name="Test case #14.2.19" time="21.1561882705"></testcase>
    <testcase name="Test case #14.2.20" time="11.986553139"></testcase>
    <testcase name="Test case #14.2.21" time="8.453763611"></testcase>
    <testcase name="Test case #14.2.22" time="29.358991804"></testcase>
    <testcase name="Test case #14.2.23" time="13.2146207179"></testcase>
    <testcase name="Test case #14.2.24" time="28.659007428"></testcase>
    <testcase name="Test case #14.2.25" time="22.547432783"></testcase>
    <testcase name="Test case #14.2.26" time="3.2592590520"></testcase>
    <testcase name="Test case #14.2.27" time="15.3940941364"></testcase>
    <testcase name="Test case #14.2.28" time="29.2631677302"></testcase>
    <testcase name="Test case #14.2.29" time="12.1763022935"></testcase>
    <testcase name="Test case #14.2.30" time="30.1354167715"></testcase>
    <testcase name="Test case #14.2.31" time="5.4165451581"></testcase>
    <testcase name="Test case #14.2.32" time="24.2069129563"></testcase>
    <testcase name="Test case #14.2.33" time="17.848305794"></testcase>
    <testcase name="Test case #14.2.34" time="17.1280849601"></testcase>
  </testsuite>
  <testsuite name="Test results #14.3">
    <testcase name="Test case #14.3.1" time="25.1035248368"></testcase>
    <testcase name="Test case #14.3.2" time="29.768258564"></testcase>
    <testcase name="Test case #14.3.3" time="18.2087184297"></testcase>
    <testcase name="Test case #14.3.4" time="7.2764584166"></testcase>
    <testcase name="Test case #14.3.5" time="14.3488508591"></testcase>
    <testcase name="Test case #14.3.6" time="29.1407764264"></testcase>
    <testcase name="Test case #14.3.7" time="4.3090028152"></testcase>
    <testcase name="Test case #14.3.8" time="17.2984849130"></testcase>
    <testcase name="Test case #14.3.9" time="13.325734599"></testcase>
    <testcase name="Test case #14.3.10" time="0.244817861"></testcase>
    <testcase name="Test case #14.3.11" time="18.3359117546"></testcase>
    <testcase name="Test case #14.3.12" time="3.1667359488"></testcase>
    <testcase name="Test case #14.3.13" time="8.3814421603"></testcase>
    <testcase name="Test case #14.3.14" time="12.1693286439"></testcase>
    <testcase name="Test case #14.3.15" time="20.2999662054"></testcase>
    <testcase name="Test case #14.3.16" time="17.70544041"></testcase>
    <testcase name="Test case #14.3.17" time="29.1278415438"></testcase>
    <testcase name="Test case #14.3.18" time="20.2123222165"></testcase>
    <testcase name="Test case #14.3.19" time="19.1657513285"></testcase>
    <testcase name="Test case #14.3.20" time="17.2751162100"></testcase>
    <testcase name="Test case #14.3.21" time="1.2323909964"></testcase>
    <testcase name="Test case #14.3.22" time="2.2373386371"></testcase>
    <testcase name="Test case #14.3.23" time="5.1938601544"></testcase>
    <testcase name="Test case #14.3.24" time="16.208349223"></testcase>
    <testcase name="Test case #14.3.25" time="1.3632181033"></testcase>
    <testcase name="Test case #14.3.26" time="26.449009501"></testcase>
    <testcase name="Test case #14.3.27" time="16.2789882141"></testcase>
    <testcase name="Test case #14.3.28" time="4.503343831"></testcase>
    <testcase name="Test case #14.3.29" time="9.3965395935"></testcase>
    <testcase name="Test case #14.3.30" time="30.3993704584"></testcase>
    <testcase name="Test case #14.3.31" time="2.959334197"></testcase>
    <testcase name="Test case #14.3.32" time="0.3739100429"></testcase>
    <testcase name="Test case #14.3.33" time="25.436000476"></testcase>
    <testcase name="Test case #14.3.34" time="14.3251957174"></testcase>
  </testsuite>
  <testsuite name="Test results #14.4">
    <testcase name="Test case #14.4.1" time="30.2218391061"></testcase>
    <testcase name="Test case #14.4.2" time="30.2640453507"></testcase>
    <testcase name="Test case #14.4.3" time="23.3071499970"></testcase>
    <testcase name="Test case #14.4.4" time="18.2529033218"></testcase>
    <testcase name="Test case #14.4.5" time="9.1066387149"></testcase>
    <testcase name="Test case #14.4.6" time="11.4004333017"></testcase>
    <testcase name="Test case #14.4.7" time="30.2923765736"></testcase>
    <testcase name="Test case #14.4.8" time="21.1869118230"></testcase>
    <testcase name="Test case #14.4.9" time="26.157655245"></testcase>
    <testcase name="Test case #14.4.10" time="22.4133962676"></testcase>
    <testcase name="Test case #14.4.11" time="2.898795088"></testcase>
    <testcase name="Test case #14.4.12" time="1.2818672387"></testcase>
    <testcase name="Test case #14.4.13" time="29.89805709"></testcase>
    <testcase name="Test case #14.4.14" time="8.2024218751"></testcase>
    <testcase name="Test case #14.4.15" time="11.2430127821"></testcase>
    <testcase name="Test case #14.4.16" time="30.512247187"></testcase>
    <testcase name="Test case #14.4.17" time="7.1218778271"></testcase>
    <testcase name="Test case #14.4.18" time="13.3118513620"></testcase>
    <testcase name="Test case #14.4.19" time="4.3274012239"></testcase>
    <testcase name="Test case #14.4.20" time="9.617036561"></testcase>
    <testcase name="Test case #14.4.21" time="9.3041852709"></testcase>
    <testcase name="Test case #14.4.22" time="2.59748234"></testcase>
    <testcase name="Test case #14.4.23" time="3.1451343693"></testcase>
    <testcase name="Test case #14.4.24" time="5.222096315"></testcase>
    <testcase name="Test case #14.4.25" time="28.3134090537"></testcase>
    <testcase name="Test case #14.4.26" time="21.1669727118"></testcase>
    <testcase name="Test case #14.4.27" time="1.2289842374"></testcase>
    <testcase name="Test case #14.4.28" time="13.1413028401"></testcase>
    <testcase name="Test case #14.4.29" time="17.86152817"></testcase>
    <testcase name="Test case #14.4.30" time="22.1417639944"></testcase>
    <testcase name="Test case #14.4.31" time="13.533768417"></testcase>
    <testcase name="Test case #14.4.32" time="24.1489730871"></testcase>
    <testcase name="Test case #14.4.33" time="11.772091584"></testcase>
    <testcase name="Test case #14.4.34" time="16.4174615075"></testcase>
  </testsuite>
</testsuites>